TpTrace Verbose: 0 : 25088, 1, 2024/01/07, 20:17:02.564, 11419851051123, vstest.console.dll, Version: 17.8.0-release-23523-03 Current process architecture: X64
TpTrace Verbose: 0 : 25088, 1, 2024/01/07, 20:17:02.566, 11419851070781, vstest.console.dll, Runtime location: C:\Program Files\dotnet\shared\Microsoft.NETCore.App\8.0.0
TpTrace Verbose: 0 : 25088, 1, 2024/01/07, 20:17:02.568, 11419851090319, vstest.console.dll, ArtifactProcessingPostProcessModeProcessorExecutor.Initialize: ArtifactProcessingMode.Collect
TpTrace Verbose: 0 : 25088, 1, 2024/01/07, 20:17:02.568, 11419851091142, vstest.console.dll, TestSessionCorrelationIdProcessorModeProcessorExecutor.Initialize: TestSessionCorrelationId '26716_c038849e-82ff-4dbf-8e5b-29899d8a47da'
TpTrace Information: 0 : 25088, 1, 2024/01/07, 20:17:02.574, 11419851154607, vstest.console.dll, FilePatternParser: The given file C:\Users\weron\source\repos\Accounting_file_archiving_system\Accounting_file_achiving_system_tests\bin\Debug\net8.0\fine-code-coverage\build-output\Accounting_file_achiving_system_tests.dll is a full path.
TpTrace Verbose: 0 : 25088, 1, 2024/01/07, 20:17:02.581, 11419851225977, vstest.console.dll, TestPluginCache.DiscoverTestExtensions: finding test extensions in assemblies ends with: RuntimeProvider.dll TPluginInfo: Microsoft.VisualStudio.TestPlatform.Common.ExtensionFramework.Utilities.TestRuntimePluginInformation TExtension: Microsoft.VisualStudio.TestPlatform.ObjectModel.Host.ITestRuntimeProvider
TpTrace Verbose: 0 : 25088, 1, 2024/01/07, 20:17:02.582, 11419851228553, vstest.console.dll, TestPluginCache.GetExtensionPaths: Filtered extension paths: 
TpTrace Verbose: 0 : 25088, 1, 2024/01/07, 20:17:02.582, 11419851229242, vstest.console.dll, TestPluginCache.GetExtensionPaths: Added default extension paths: C:\Program Files\dotnet\sdk\8.0.100\Extensions\Microsoft.Diagnostics.NETCore.Client.dll
C:\Program Files\dotnet\sdk\8.0.100\Extensions\Microsoft.TestPlatform.Extensions.BlameDataCollector.dll
C:\Program Files\dotnet\sdk\8.0.100\Extensions\Microsoft.TestPlatform.Extensions.EventLogCollector.dll
C:\Program Files\dotnet\sdk\8.0.100\Extensions\Microsoft.TestPlatform.TestHostRuntimeProvider.dll
C:\Program Files\dotnet\sdk\8.0.100\Extensions\Microsoft.VisualStudio.TestPlatform.Extensions.Html.TestLogger.dll
C:\Program Files\dotnet\sdk\8.0.100\Extensions\Microsoft.VisualStudio.TestPlatform.Extensions.Trx.TestLogger.dll
TpTrace Verbose: 0 : 25088, 1, 2024/01/07, 20:17:02.582, 11419851229504, vstest.console.dll, TestPluginCache.GetExtensionPaths: Added unfilterableExtensionPaths: 
TpTrace Information: 0 : 25088, 1, 2024/01/07, 20:17:02.582, 11419851234889, vstest.console.dll, AssemblyResolver.ctor: Creating AssemblyResolver with searchDirectories C:\Program Files\dotnet\sdk\8.0.100\Extensions,C:\Program Files\dotnet\sdk\8.0.100
TpTrace Verbose: 0 : 25088, 1, 2024/01/07, 20:17:02.583, 11419851242986, vstest.console.dll, TestPluginCache.DiscoverTestExtensions: Discovering the extensions using extension path.
TpTrace Verbose: 0 : 25088, 1, 2024/01/07, 20:17:02.583, 11419851243786, vstest.console.dll, TestPluginCache.GetExtensionPaths: Filtered extension paths: 
TpTrace Verbose: 0 : 25088, 1, 2024/01/07, 20:17:02.583, 11419851244058, vstest.console.dll, TestPluginCache.GetExtensionPaths: Added default extension paths: C:\Program Files\dotnet\sdk\8.0.100\Extensions\Microsoft.Diagnostics.NETCore.Client.dll
C:\Program Files\dotnet\sdk\8.0.100\Extensions\Microsoft.TestPlatform.Extensions.BlameDataCollector.dll
C:\Program Files\dotnet\sdk\8.0.100\Extensions\Microsoft.TestPlatform.Extensions.EventLogCollector.dll
C:\Program Files\dotnet\sdk\8.0.100\Extensions\Microsoft.TestPlatform.TestHostRuntimeProvider.dll
C:\Program Files\dotnet\sdk\8.0.100\Extensions\Microsoft.VisualStudio.TestPlatform.Extensions.Html.TestLogger.dll
C:\Program Files\dotnet\sdk\8.0.100\Extensions\Microsoft.VisualStudio.TestPlatform.Extensions.Trx.TestLogger.dll
TpTrace Verbose: 0 : 25088, 1, 2024/01/07, 20:17:02.583, 11419851244236, vstest.console.dll, TestPluginCache.GetExtensionPaths: Added unfilterableExtensionPaths: 
TpTrace Verbose: 0 : 25088, 1, 2024/01/07, 20:17:02.583, 11419851244964, vstest.console.dll, TestPluginCache.DiscoverTestExtensions: Discovering the extensions using allExtensionPaths: C:\Program Files\dotnet\sdk\8.0.100\Extensions\Microsoft.Diagnostics.NETCore.Client.dll
C:\Program Files\dotnet\sdk\8.0.100\Extensions\Microsoft.TestPlatform.Extensions.BlameDataCollector.dll
C:\Program Files\dotnet\sdk\8.0.100\Extensions\Microsoft.TestPlatform.Extensions.EventLogCollector.dll
C:\Program Files\dotnet\sdk\8.0.100\Extensions\Microsoft.TestPlatform.TestHostRuntimeProvider.dll
C:\Program Files\dotnet\sdk\8.0.100\Extensions\Microsoft.VisualStudio.TestPlatform.Extensions.Html.TestLogger.dll
C:\Program Files\dotnet\sdk\8.0.100\Extensions\Microsoft.VisualStudio.TestPlatform.Extensions.Trx.TestLogger.dll
TpTrace Information: 0 : 25088, 1, 2024/01/07, 20:17:02.583, 11419851245651, vstest.console.dll, AssemblyResolver.AddSearchDirectories: Adding more searchDirectories C:\Program Files\dotnet\sdk\8.0.100\Extensions,C:\Program Files\dotnet\sdk\8.0.100
TpTrace Information: 0 : 25088, 1, 2024/01/07, 20:17:02.583, 11419851245980, vstest.console.dll, AssemblyResolver.AddSearchDirectories: Adding more searchDirectories C:\Program Files\dotnet\sdk\8.0.100\Extensions,C:\Program Files\dotnet\sdk\8.0.100
TpTrace Information: 0 : 25088, 1, 2024/01/07, 20:17:02.583, 11419851246199, vstest.console.dll, AssemblyResolver.AddSearchDirectories: Adding more searchDirectories C:\Program Files\dotnet\sdk\8.0.100\Extensions,C:\Program Files\dotnet\sdk\8.0.100
TpTrace Information: 0 : 25088, 1, 2024/01/07, 20:17:02.583, 11419851246367, vstest.console.dll, AssemblyResolver.AddSearchDirectories: Adding more searchDirectories C:\Program Files\dotnet\sdk\8.0.100\Extensions,C:\Program Files\dotnet\sdk\8.0.100
TpTrace Information: 0 : 25088, 1, 2024/01/07, 20:17:02.583, 11419851246523, vstest.console.dll, AssemblyResolver.AddSearchDirectories: Adding more searchDirectories C:\Program Files\dotnet\sdk\8.0.100\Extensions,C:\Program Files\dotnet\sdk\8.0.100
TpTrace Information: 0 : 25088, 1, 2024/01/07, 20:17:02.583, 11419851246677, vstest.console.dll, AssemblyResolver.AddSearchDirectories: Adding more searchDirectories C:\Program Files\dotnet\sdk\8.0.100\Extensions,C:\Program Files\dotnet\sdk\8.0.100
TpTrace Information: 0 : 25088, 1, 2024/01/07, 20:17:02.584, 11419851249844, vstest.console.dll, AssemblyResolver.OnResolve: Microsoft.Diagnostics.NETCore.Client: Resolving assembly.
TpTrace Information: 0 : 25088, 1, 2024/01/07, 20:17:02.584, 11419851250424, vstest.console.dll, AssemblyResolver.OnResolve: Microsoft.Diagnostics.NETCore.Client: Searching in: 'C:\Program Files\dotnet\sdk\8.0.100\Extensions'.
TpTrace Information: 0 : 25088, 1, 2024/01/07, 20:17:02.589, 11419851301566, vstest.console.dll, AssemblyResolver.OnResolve: Microsoft.Diagnostics.NETCore.Client: Loading assembly 'C:\Program Files\dotnet\sdk\8.0.100\Extensions\Microsoft.Diagnostics.NETCore.Client.dll'.
TpTrace Information: 0 : 25088, 1, 2024/01/07, 20:17:02.590, 11419851314943, vstest.console.dll, AssemblyResolver.OnResolve: Resolved assembly: Microsoft.Diagnostics.NETCore.Client, from path: C:\Program Files\dotnet\sdk\8.0.100\Extensions\Microsoft.Diagnostics.NETCore.Client.dll
TpTrace Verbose: 0 : 25088, 1, 2024/01/07, 20:17:02.594, 11419851347258, vstest.console.dll, MetadataReaderExtensionsHelper: Discovering extensions inside assembly 'Microsoft.Diagnostics.NETCore.Client, Version=0.2.8.21101, Culture=neutral, PublicKeyToken=31bf3856ad364e35' file path 'C:\Program Files\dotnet\sdk\8.0.100\Extensions\Microsoft.Diagnostics.NETCore.Client.dll'
TpTrace Information: 0 : 25088, 1, 2024/01/07, 20:17:02.596, 11419851373733, vstest.console.dll, AssemblyResolver.OnResolve: Microsoft.Bcl.AsyncInterfaces: Resolving assembly.
TpTrace Information: 0 : 25088, 1, 2024/01/07, 20:17:02.596, 11419851374244, vstest.console.dll, AssemblyResolver.OnResolve: Microsoft.Bcl.AsyncInterfaces: Searching in: 'C:\Program Files\dotnet\sdk\8.0.100\Extensions'.
TpTrace Information: 0 : 25088, 1, 2024/01/07, 20:17:02.596, 11419851374693, vstest.console.dll, AssemblyResolver.OnResolve: Microsoft.Bcl.AsyncInterfaces: Assembly path does not exist: 'C:\Program Files\dotnet\sdk\8.0.100\Extensions\Microsoft.Bcl.AsyncInterfaces.dll', returning.
TpTrace Information: 0 : 25088, 1, 2024/01/07, 20:17:02.596, 11419851375377, vstest.console.dll, AssemblyResolver.OnResolve: Microsoft.Bcl.AsyncInterfaces: Assembly path does not exist: 'C:\Program Files\dotnet\sdk\8.0.100\Extensions\Microsoft.Bcl.AsyncInterfaces.exe', returning.
TpTrace Information: 0 : 25088, 1, 2024/01/07, 20:17:02.596, 11419851375623, vstest.console.dll, AssemblyResolver.OnResolve: Microsoft.Bcl.AsyncInterfaces: Searching in: 'C:\Program Files\dotnet\sdk\8.0.100'.
TpTrace Information: 0 : 25088, 1, 2024/01/07, 20:17:02.596, 11419851376047, vstest.console.dll, AssemblyResolver.OnResolve: Microsoft.Bcl.AsyncInterfaces: Assembly path does not exist: 'C:\Program Files\dotnet\sdk\8.0.100\Microsoft.Bcl.AsyncInterfaces.dll', returning.
TpTrace Information: 0 : 25088, 1, 2024/01/07, 20:17:02.596, 11419851376375, vstest.console.dll, AssemblyResolver.OnResolve: Microsoft.Bcl.AsyncInterfaces: Assembly path does not exist: 'C:\Program Files\dotnet\sdk\8.0.100\Microsoft.Bcl.AsyncInterfaces.exe', returning.
TpTrace Information: 0 : 25088, 1, 2024/01/07, 20:17:02.596, 11419851376550, vstest.console.dll, AssemblyResolver.OnResolve: Microsoft.Bcl.AsyncInterfaces: Failed to load assembly.
TpTrace Verbose: 0 : 25088, 1, 2024/01/07, 20:17:02.596, 11419851376752, vstest.console.dll, CurrentDomainAssemblyResolve: Resolving assembly 'Microsoft.Bcl.AsyncInterfaces'.
TpTrace Information: 0 : 25088, 1, 2024/01/07, 20:17:02.596, 11419851377094, vstest.console.dll, AssemblyResolver.OnResolve: Microsoft.Bcl.AsyncInterfaces: Resolving assembly.
TpTrace Information: 0 : 25088, 1, 2024/01/07, 20:17:02.597, 11419851377356, vstest.console.dll, AssemblyResolver.OnResolve: Microsoft.Bcl.AsyncInterfaces: Resolved from cache.
TpTrace Verbose: 0 : 25088, 1, 2024/01/07, 20:17:02.597, 11419851377516, vstest.console.dll, CurrentDomainAssemblyResolve: Resolving assembly 'Microsoft.Bcl.AsyncInterfaces'.
TpTrace Verbose: 0 : 25088, 1, 2024/01/07, 20:17:02.597, 11419851377698, vstest.console.dll, CurrentDomainAssemblyResolve: Failed to resolve assembly 'Microsoft.Bcl.AsyncInterfaces'.
TpTrace Verbose: 0 : 25088, 1, 2024/01/07, 20:17:02.597, 11419851383130, vstest.console.dll, CurrentDomainAssemblyResolve: Failed to resolve assembly 'Microsoft.Bcl.AsyncInterfaces'.
TpTrace Warning: 0 : 25088, 1, 2024/01/07, 20:17:02.605, 11419851463934, vstest.console.dll, TestPluginDiscoverer: Failed to get types from assembly 'Microsoft.Diagnostics.NETCore.Client, Version=0.2.8.21101, Culture=neutral, PublicKeyToken=31bf3856ad364e35'. Error: System.Reflection.ReflectionTypeLoadException: Unable to load one or more of the requested types.
Could not load file or assembly 'Microsoft.Bcl.AsyncInterfaces, Version=1.0.0.0, Culture=neutral, PublicKeyToken=cc7b13ffcd2ddd51'. Nie można odnaleźć określonego pliku.
   at System.Reflection.RuntimeModule.GetTypes(RuntimeModule module)
   at System.Reflection.RuntimeModule.GetTypes()
   at Microsoft.VisualStudio.TestPlatform.Common.ExtensionFramework.TestPluginDiscoverer.GetTestExtensionsFromAssembly[TPluginInfo,TExtension](Assembly assembly, Dictionary`2 pluginInfos, String filePath) in /_/src/Microsoft.TestPlatform.Common/ExtensionFramework/TestPluginDiscoverer.cs:line 158
System.IO.FileNotFoundException: Could not load file or assembly 'Microsoft.Bcl.AsyncInterfaces, Version=1.0.0.0, Culture=neutral, PublicKeyToken=cc7b13ffcd2ddd51'. Nie można odnaleźć określonego pliku.
File name: 'Microsoft.Bcl.AsyncInterfaces, Version=1.0.0.0, Culture=neutral, PublicKeyToken=cc7b13ffcd2ddd51'
 ---> System.IO.FileNotFoundException: Could not load file or assembly 'Microsoft.Bcl.AsyncInterfaces, Culture=neutral, PublicKeyToken=null'. Nie można odnaleźć określonego pliku.
File name: 'Microsoft.Bcl.AsyncInterfaces, Culture=neutral, PublicKeyToken=null'
   at System.Reflection.RuntimeAssembly.InternalLoad(AssemblyName assemblyName, StackCrawlMark& stackMark, AssemblyLoadContext assemblyLoadContext, RuntimeAssembly requestingAssembly, Boolean throwOnFileNotFound)
   at System.Reflection.Assembly.Load(AssemblyName assemblyRef)
   at Microsoft.VisualStudio.TestPlatform.Common.ExtensionFramework.TestPluginCache.CurrentDomainAssemblyResolve(Object sender, AssemblyResolveEventArgs args) in /_/src/Microsoft.TestPlatform.Common/ExtensionFramework/TestPluginCache.cs:line 513
   at System.Runtime.Loader.AssemblyLoadContext.GetFirstResolvedAssemblyFromResolvingEvent(AssemblyName assemblyName)
   at System.Runtime.Loader.AssemblyLoadContext.ResolveUsingEvent(AssemblyName assemblyName)
   at System.Runtime.Loader.AssemblyLoadContext.ResolveUsingResolvingEvent(IntPtr gchManagedAssemblyLoadContext, AssemblyName assemblyName)
TpTrace Warning: 0 : 25088, 1, 2024/01/07, 20:17:02.605, 11419851466097, vstest.console.dll, LoaderExceptions: System.IO.FileNotFoundException: Could not load file or assembly 'Microsoft.Bcl.AsyncInterfaces, Version=1.0.0.0, Culture=neutral, PublicKeyToken=cc7b13ffcd2ddd51'. Nie można odnaleźć określonego pliku.
File name: 'Microsoft.Bcl.AsyncInterfaces, Version=1.0.0.0, Culture=neutral, PublicKeyToken=cc7b13ffcd2ddd51'
 ---> System.IO.FileNotFoundException: Could not load file or assembly 'Microsoft.Bcl.AsyncInterfaces, Culture=neutral, PublicKeyToken=null'. Nie można odnaleźć określonego pliku.
File name: 'Microsoft.Bcl.AsyncInterfaces, Culture=neutral, PublicKeyToken=null'
   at System.Reflection.RuntimeAssembly.InternalLoad(AssemblyName assemblyName, StackCrawlMark& stackMark, AssemblyLoadContext assemblyLoadContext, RuntimeAssembly requestingAssembly, Boolean throwOnFileNotFound)
   at System.Reflection.Assembly.Load(AssemblyName assemblyRef)
   at Microsoft.VisualStudio.TestPlatform.Common.ExtensionFramework.TestPluginCache.CurrentDomainAssemblyResolve(Object sender, AssemblyResolveEventArgs args) in /_/src/Microsoft.TestPlatform.Common/ExtensionFramework/TestPluginCache.cs:line 513
   at System.Runtime.Loader.AssemblyLoadContext.GetFirstResolvedAssemblyFromResolvingEvent(AssemblyName assemblyName)
   at System.Runtime.Loader.AssemblyLoadContext.ResolveUsingEvent(AssemblyName assemblyName)
   at System.Runtime.Loader.AssemblyLoadContext.ResolveUsingResolvingEvent(IntPtr gchManagedAssemblyLoadContext, AssemblyName assemblyName)
TpTrace Information: 0 : 25088, 1, 2024/01/07, 20:17:02.605, 11419851466995, vstest.console.dll, AssemblyResolver.OnResolve: Microsoft.TestPlatform.Extensions.BlameDataCollector: Resolving assembly.
TpTrace Information: 0 : 25088, 1, 2024/01/07, 20:17:02.606, 11419851467346, vstest.console.dll, AssemblyResolver.OnResolve: Microsoft.TestPlatform.Extensions.BlameDataCollector: Searching in: 'C:\Program Files\dotnet\sdk\8.0.100\Extensions'.
TpTrace Information: 0 : 25088, 1, 2024/01/07, 20:17:02.606, 11419851474201, vstest.console.dll, AssemblyResolver.OnResolve: Microsoft.TestPlatform.Extensions.BlameDataCollector: Loading assembly 'C:\Program Files\dotnet\sdk\8.0.100\Extensions\Microsoft.TestPlatform.Extensions.BlameDataCollector.dll'.
TpTrace Information: 0 : 25088, 1, 2024/01/07, 20:17:02.607, 11419851481336, vstest.console.dll, AssemblyResolver.OnResolve: Resolved assembly: Microsoft.TestPlatform.Extensions.BlameDataCollector, from path: C:\Program Files\dotnet\sdk\8.0.100\Extensions\Microsoft.TestPlatform.Extensions.BlameDataCollector.dll
TpTrace Verbose: 0 : 25088, 1, 2024/01/07, 20:17:02.607, 11419851481868, vstest.console.dll, MetadataReaderExtensionsHelper: Discovering extensions inside assembly 'Microsoft.TestPlatform.Extensions.BlameDataCollector, Version=15.0.0.0, Culture=neutral, PublicKeyToken=b03f5f7f11d50a3a' file path 'C:\Program Files\dotnet\sdk\8.0.100\Extensions\Microsoft.TestPlatform.Extensions.BlameDataCollector.dll'
TpTrace Information: 0 : 25088, 1, 2024/01/07, 20:17:02.608, 11419851493495, vstest.console.dll, AssemblyResolver.OnResolve: Microsoft.TestPlatform.Extensions.EventLogCollector: Resolving assembly.
TpTrace Information: 0 : 25088, 1, 2024/01/07, 20:17:02.608, 11419851494246, vstest.console.dll, AssemblyResolver.OnResolve: Microsoft.TestPlatform.Extensions.EventLogCollector: Searching in: 'C:\Program Files\dotnet\sdk\8.0.100\Extensions'.
TpTrace Information: 0 : 25088, 1, 2024/01/07, 20:17:02.609, 11419851498815, vstest.console.dll, AssemblyResolver.OnResolve: Microsoft.TestPlatform.Extensions.EventLogCollector: Loading assembly 'C:\Program Files\dotnet\sdk\8.0.100\Extensions\Microsoft.TestPlatform.Extensions.EventLogCollector.dll'.
TpTrace Information: 0 : 25088, 1, 2024/01/07, 20:17:02.609, 11419851504292, vstest.console.dll, AssemblyResolver.OnResolve: Resolved assembly: Microsoft.TestPlatform.Extensions.EventLogCollector, from path: C:\Program Files\dotnet\sdk\8.0.100\Extensions\Microsoft.TestPlatform.Extensions.EventLogCollector.dll
TpTrace Verbose: 0 : 25088, 1, 2024/01/07, 20:17:02.609, 11419851504750, vstest.console.dll, MetadataReaderExtensionsHelper: Discovering extensions inside assembly 'Microsoft.TestPlatform.Extensions.EventLogCollector, Version=15.0.0.0, Culture=neutral, PublicKeyToken=b03f5f7f11d50a3a' file path 'C:\Program Files\dotnet\sdk\8.0.100\Extensions\Microsoft.TestPlatform.Extensions.EventLogCollector.dll'
TpTrace Information: 0 : 25088, 1, 2024/01/07, 20:17:02.611, 11419851525053, vstest.console.dll, AssemblyResolver.OnResolve: Microsoft.TestPlatform.TestHostRuntimeProvider: Resolving assembly.
TpTrace Information: 0 : 25088, 1, 2024/01/07, 20:17:02.611, 11419851525469, vstest.console.dll, AssemblyResolver.OnResolve: Microsoft.TestPlatform.TestHostRuntimeProvider: Searching in: 'C:\Program Files\dotnet\sdk\8.0.100\Extensions'.
TpTrace Information: 0 : 25088, 1, 2024/01/07, 20:17:02.612, 11419851532124, vstest.console.dll, AssemblyResolver.OnResolve: Microsoft.TestPlatform.TestHostRuntimeProvider: Loading assembly 'C:\Program Files\dotnet\sdk\8.0.100\Extensions\Microsoft.TestPlatform.TestHostRuntimeProvider.dll'.
TpTrace Information: 0 : 25088, 1, 2024/01/07, 20:17:02.613, 11419851540442, vstest.console.dll, AssemblyResolver.OnResolve: Resolved assembly: Microsoft.TestPlatform.TestHostRuntimeProvider, from path: C:\Program Files\dotnet\sdk\8.0.100\Extensions\Microsoft.TestPlatform.TestHostRuntimeProvider.dll
TpTrace Verbose: 0 : 25088, 1, 2024/01/07, 20:17:02.613, 11419851540918, vstest.console.dll, MetadataReaderExtensionsHelper: Discovering extensions inside assembly 'Microsoft.TestPlatform.TestHostRuntimeProvider, Version=15.0.0.0, Culture=neutral, PublicKeyToken=b03f5f7f11d50a3a' file path 'C:\Program Files\dotnet\sdk\8.0.100\Extensions\Microsoft.TestPlatform.TestHostRuntimeProvider.dll'
TpTrace Information: 0 : 25088, 1, 2024/01/07, 20:17:02.614, 11419851554429, vstest.console.dll, GetTestExtensionFromType: Register extension with identifier data 'HostProvider://DefaultTestHost' and type 'Microsoft.VisualStudio.TestPlatform.CrossPlatEngine.Hosting.DefaultTestHostManager, Microsoft.TestPlatform.TestHostRuntimeProvider, Version=15.0.0.0, Culture=neutral, PublicKeyToken=b03f5f7f11d50a3a' inside file 'C:\Program Files\dotnet\sdk\8.0.100\Extensions\Microsoft.TestPlatform.TestHostRuntimeProvider.dll'
TpTrace Information: 0 : 25088, 1, 2024/01/07, 20:17:02.614, 11419851556372, vstest.console.dll, GetTestExtensionFromType: Register extension with identifier data 'HostProvider://DotnetTestHost' and type 'Microsoft.VisualStudio.TestPlatform.CrossPlatEngine.Hosting.DotnetTestHostManager, Microsoft.TestPlatform.TestHostRuntimeProvider, Version=15.0.0.0, Culture=neutral, PublicKeyToken=b03f5f7f11d50a3a' inside file 'C:\Program Files\dotnet\sdk\8.0.100\Extensions\Microsoft.TestPlatform.TestHostRuntimeProvider.dll'
TpTrace Information: 0 : 25088, 1, 2024/01/07, 20:17:02.614, 11419851557058, vstest.console.dll, AssemblyResolver.OnResolve: Microsoft.VisualStudio.TestPlatform.Extensions.Html.TestLogger: Resolving assembly.
TpTrace Information: 0 : 25088, 1, 2024/01/07, 20:17:02.615, 11419851557375, vstest.console.dll, AssemblyResolver.OnResolve: Microsoft.VisualStudio.TestPlatform.Extensions.Html.TestLogger: Searching in: 'C:\Program Files\dotnet\sdk\8.0.100\Extensions'.
TpTrace Information: 0 : 25088, 1, 2024/01/07, 20:17:02.615, 11419851565133, vstest.console.dll, AssemblyResolver.OnResolve: Microsoft.VisualStudio.TestPlatform.Extensions.Html.TestLogger: Loading assembly 'C:\Program Files\dotnet\sdk\8.0.100\Extensions\Microsoft.VisualStudio.TestPlatform.Extensions.Html.TestLogger.dll'.
TpTrace Information: 0 : 25088, 1, 2024/01/07, 20:17:02.616, 11419851570593, vstest.console.dll, AssemblyResolver.OnResolve: Resolved assembly: Microsoft.VisualStudio.TestPlatform.Extensions.Html.TestLogger, from path: C:\Program Files\dotnet\sdk\8.0.100\Extensions\Microsoft.VisualStudio.TestPlatform.Extensions.Html.TestLogger.dll
TpTrace Verbose: 0 : 25088, 1, 2024/01/07, 20:17:02.616, 11419851571069, vstest.console.dll, MetadataReaderExtensionsHelper: Discovering extensions inside assembly 'Microsoft.VisualStudio.TestPlatform.Extensions.Html.TestLogger, Version=15.0.0.0, Culture=neutral, PublicKeyToken=b03f5f7f11d50a3a' file path 'C:\Program Files\dotnet\sdk\8.0.100\Extensions\Microsoft.VisualStudio.TestPlatform.Extensions.Html.TestLogger.dll'
TpTrace Information: 0 : 25088, 1, 2024/01/07, 20:17:02.617, 11419851578955, vstest.console.dll, AssemblyResolver.OnResolve: Microsoft.VisualStudio.TestPlatform.Extensions.Trx.TestLogger: Resolving assembly.
TpTrace Information: 0 : 25088, 1, 2024/01/07, 20:17:02.617, 11419851579568, vstest.console.dll, AssemblyResolver.OnResolve: Microsoft.VisualStudio.TestPlatform.Extensions.Trx.TestLogger: Searching in: 'C:\Program Files\dotnet\sdk\8.0.100\Extensions'.
TpTrace Information: 0 : 25088, 1, 2024/01/07, 20:17:02.618, 11419851588506, vstest.console.dll, AssemblyResolver.OnResolve: Microsoft.VisualStudio.TestPlatform.Extensions.Trx.TestLogger: Loading assembly 'C:\Program Files\dotnet\sdk\8.0.100\Extensions\Microsoft.VisualStudio.TestPlatform.Extensions.Trx.TestLogger.dll'.
TpTrace Information: 0 : 25088, 1, 2024/01/07, 20:17:02.619, 11419851599725, vstest.console.dll, AssemblyResolver.OnResolve: Resolved assembly: Microsoft.VisualStudio.TestPlatform.Extensions.Trx.TestLogger, from path: C:\Program Files\dotnet\sdk\8.0.100\Extensions\Microsoft.VisualStudio.TestPlatform.Extensions.Trx.TestLogger.dll
TpTrace Verbose: 0 : 25088, 1, 2024/01/07, 20:17:02.619, 11419851600379, vstest.console.dll, MetadataReaderExtensionsHelper: Discovering extensions inside assembly 'Microsoft.VisualStudio.TestPlatform.Extensions.Trx.TestLogger, Version=15.0.0.0, Culture=neutral, PublicKeyToken=b03f5f7f11d50a3a' file path 'C:\Program Files\dotnet\sdk\8.0.100\Extensions\Microsoft.VisualStudio.TestPlatform.Extensions.Trx.TestLogger.dll'
TpTrace Verbose: 0 : 25088, 1, 2024/01/07, 20:17:02.620, 11419851612295, vstest.console.dll, TestPluginCache: Discovered the extensions using extension path ''.
TpTrace Verbose: 0 : 25088, 1, 2024/01/07, 20:17:02.620, 11419851612827, vstest.console.dll, TestPluginCache: Discoverers are ''.
TpTrace Verbose: 0 : 25088, 1, 2024/01/07, 20:17:02.620, 11419851613055, vstest.console.dll, TestPluginCache: Executors are ''.
TpTrace Verbose: 0 : 25088, 1, 2024/01/07, 20:17:02.620, 11419851613308, vstest.console.dll, TestPluginCache: Executors2 are ''.
TpTrace Verbose: 0 : 25088, 1, 2024/01/07, 20:17:02.620, 11419851613499, vstest.console.dll, TestPluginCache: Setting providers are ''.
TpTrace Verbose: 0 : 25088, 1, 2024/01/07, 20:17:02.620, 11419851613678, vstest.console.dll, TestPluginCache: Loggers are ''.
TpTrace Verbose: 0 : 25088, 1, 2024/01/07, 20:17:02.620, 11419851615227, vstest.console.dll, TestPluginCache: TestHosts are 'HostProvider://DefaultTestHost,HostProvider://DotnetTestHost'.
TpTrace Verbose: 0 : 25088, 1, 2024/01/07, 20:17:02.620, 11419851615559, vstest.console.dll, TestPluginCache: DataCollectors are ''.
TpTrace Information: 0 : 25088, 1, 2024/01/07, 20:17:02.631, 11419851724387, vstest.console.dll, RunTestsArgumentProcessor:Execute: Test run is starting.
TpTrace Verbose: 0 : 25088, 1, 2024/01/07, 20:17:02.631, 11419851725109, vstest.console.dll, RunTestsArgumentProcessor:Execute: Queuing Test run.
TpTrace Information: 0 : 25088, 1, 2024/01/07, 20:17:02.631, 11419851726511, vstest.console.dll, TestRequestManager.RunTests: run tests started.
TpTrace Information: 0 : 25088, 1, 2024/01/07, 20:17:02.632, 11419851734942, vstest.console.dll, AssemblyMetadataProvider.GetFrameworkName: Determined framework:'.NETCoreApp,Version=v8.0' for source: 'C:\Users\weron\source\repos\Accounting_file_archiving_system\Accounting_file_achiving_system_tests\bin\Debug\net8.0\fine-code-coverage\build-output\Accounting_file_achiving_system_tests.dll'
TpTrace Information: 0 : 25088, 1, 2024/01/07, 20:17:02.632, 11419851735922, vstest.console.dll, Determined framework for all sources: .NETCoreApp,Version=v8.0
TpTrace Verbose: 0 : 25088, 1, 2024/01/07, 20:17:02.633, 11419851738206, vstest.console.dll, TestRequestManager.UpdateRunSettingsIfRequired: Default architecture: X64 IsDefaultTargetArchitecture: True, Current process architecture: X64 OperatingSystem: Windows.
TpTrace Information: 0 : 25088, 1, 2024/01/07, 20:17:02.634, 11419851748521, vstest.console.dll, AssemblyMetadataProvider.GetArchitecture: Determined architecture:AnyCPU info for assembly: C:\Users\weron\source\repos\Accounting_file_archiving_system\Accounting_file_achiving_system_tests\bin\Debug\net8.0\fine-code-coverage\build-output\Accounting_file_achiving_system_tests.dll
TpTrace Information: 0 : 25088, 1, 2024/01/07, 20:17:02.634, 11419851748910, vstest.console.dll, Determined platform for source 'C:\Users\weron\source\repos\Accounting_file_archiving_system\Accounting_file_achiving_system_tests\bin\Debug\net8.0\fine-code-coverage\build-output\Accounting_file_achiving_system_tests.dll' was AnyCPU and it will use the default plaform X64.
TpTrace Information: 0 : 25088, 1, 2024/01/07, 20:17:02.634, 11419851749093, vstest.console.dll, None of the sources provided any runnable platform, using the default platform: X64
TpTrace Information: 0 : 25088, 1, 2024/01/07, 20:17:02.634, 11419851749648, vstest.console.dll, Platform was updated to 'X64'.
TpTrace Information: 0 : 25088, 1, 2024/01/07, 20:17:02.636, 11419851774357, vstest.console.dll, InferRunSettingsHelper.IsTestSettingsEnabled: Unable to navigate to RunSettings/MSTest. Current node: RunSettings
TpTrace Information: 0 : 25088, 1, 2024/01/07, 20:17:02.637, 11419851778852, vstest.console.dll, AssemblyResolver.OnResolve: Microsoft.VisualStudio.TestPlatform.Fakes: Resolving assembly.
TpTrace Information: 0 : 25088, 1, 2024/01/07, 20:17:02.637, 11419851779405, vstest.console.dll, AssemblyResolver.OnResolve: Microsoft.VisualStudio.TestPlatform.Fakes: Searching in: 'C:\Program Files\dotnet\sdk\8.0.100\Extensions'.
TpTrace Information: 0 : 25088, 1, 2024/01/07, 20:17:02.637, 11419851779944, vstest.console.dll, AssemblyResolver.OnResolve: Microsoft.VisualStudio.TestPlatform.Fakes: Assembly path does not exist: 'C:\Program Files\dotnet\sdk\8.0.100\Extensions\Microsoft.VisualStudio.TestPlatform.Fakes.dll', returning.
TpTrace Information: 0 : 25088, 1, 2024/01/07, 20:17:02.637, 11419851780318, vstest.console.dll, AssemblyResolver.OnResolve: Microsoft.VisualStudio.TestPlatform.Fakes: Assembly path does not exist: 'C:\Program Files\dotnet\sdk\8.0.100\Extensions\Microsoft.VisualStudio.TestPlatform.Fakes.exe', returning.
TpTrace Information: 0 : 25088, 1, 2024/01/07, 20:17:02.637, 11419851780509, vstest.console.dll, AssemblyResolver.OnResolve: Microsoft.VisualStudio.TestPlatform.Fakes: Searching in: 'C:\Program Files\dotnet\sdk\8.0.100'.
TpTrace Information: 0 : 25088, 1, 2024/01/07, 20:17:02.637, 11419851780957, vstest.console.dll, AssemblyResolver.OnResolve: Microsoft.VisualStudio.TestPlatform.Fakes: Assembly path does not exist: 'C:\Program Files\dotnet\sdk\8.0.100\Microsoft.VisualStudio.TestPlatform.Fakes.dll', returning.
TpTrace Information: 0 : 25088, 1, 2024/01/07, 20:17:02.637, 11419851781328, vstest.console.dll, AssemblyResolver.OnResolve: Microsoft.VisualStudio.TestPlatform.Fakes: Assembly path does not exist: 'C:\Program Files\dotnet\sdk\8.0.100\Microsoft.VisualStudio.TestPlatform.Fakes.exe', returning.
TpTrace Information: 0 : 25088, 1, 2024/01/07, 20:17:02.637, 11419851781529, vstest.console.dll, AssemblyResolver.OnResolve: Microsoft.VisualStudio.TestPlatform.Fakes: Failed to load assembly.
TpTrace Information: 0 : 25088, 1, 2024/01/07, 20:17:02.637, 11419851783396, vstest.console.dll, Failed to load assembly Microsoft.VisualStudio.TestPlatform.Fakes, Version=17.0.0.0, Culture=neutral. Reason:System.IO.FileNotFoundException: Could not load file or assembly 'Microsoft.VisualStudio.TestPlatform.Fakes, Version=17.0.0.0, Culture=neutral, PublicKeyToken=null'. Nie można odnaleźć określonego pliku.
File name: 'Microsoft.VisualStudio.TestPlatform.Fakes, Version=17.0.0.0, Culture=neutral, PublicKeyToken=null'
   at System.Reflection.RuntimeAssembly.InternalLoad(AssemblyName assemblyName, StackCrawlMark& stackMark, AssemblyLoadContext assemblyLoadContext, RuntimeAssembly requestingAssembly, Boolean throwOnFileNotFound)
   at System.Reflection.Assembly.Load(AssemblyName assemblyRef)
   at Microsoft.VisualStudio.TestPlatform.Common.Utilities.FakesUtilities.LoadTestPlatformAssembly() in /_/src/Microsoft.TestPlatform.Common/Utilities/FakesUtilities.cs:line 272
TpTrace Verbose: 0 : 25088, 1, 2024/01/07, 20:17:02.639, 11419851805955, vstest.console.dll, TestPluginCache.DiscoverTestExtensions: finding test extensions in assemblies ends with: TestLogger.dll TPluginInfo: Microsoft.VisualStudio.TestPlatform.Common.ExtensionFramework.Utilities.TestLoggerPluginInformation TExtension: Microsoft.VisualStudio.TestPlatform.ObjectModel.Client.ITestLogger
TpTrace Verbose: 0 : 25088, 1, 2024/01/07, 20:17:02.639, 11419851806588, vstest.console.dll, TestPluginCache.GetExtensionPaths: Filtered extension paths: 
TpTrace Verbose: 0 : 25088, 1, 2024/01/07, 20:17:02.639, 11419851806885, vstest.console.dll, TestPluginCache.GetExtensionPaths: Added default extension paths: C:\Program Files\dotnet\sdk\8.0.100\Extensions\Microsoft.Diagnostics.NETCore.Client.dll
C:\Program Files\dotnet\sdk\8.0.100\Extensions\Microsoft.TestPlatform.Extensions.BlameDataCollector.dll
C:\Program Files\dotnet\sdk\8.0.100\Extensions\Microsoft.TestPlatform.Extensions.EventLogCollector.dll
C:\Program Files\dotnet\sdk\8.0.100\Extensions\Microsoft.TestPlatform.TestHostRuntimeProvider.dll
C:\Program Files\dotnet\sdk\8.0.100\Extensions\Microsoft.VisualStudio.TestPlatform.Extensions.Html.TestLogger.dll
C:\Program Files\dotnet\sdk\8.0.100\Extensions\Microsoft.VisualStudio.TestPlatform.Extensions.Trx.TestLogger.dll
TpTrace Verbose: 0 : 25088, 1, 2024/01/07, 20:17:02.639, 11419851807090, vstest.console.dll, TestPluginCache.GetExtensionPaths: Added unfilterableExtensionPaths: 
TpTrace Information: 0 : 25088, 1, 2024/01/07, 20:17:02.640, 11419851808001, vstest.console.dll, AssemblyResolver.AddSearchDirectories: Adding more searchDirectories C:\Program Files\dotnet\sdk\8.0.100\Extensions,C:\Program Files\dotnet\sdk\8.0.100
TpTrace Verbose: 0 : 25088, 1, 2024/01/07, 20:17:02.640, 11419851808357, vstest.console.dll, TestPluginCache.DiscoverTestExtensions: Discovering the extensions using extension path.
TpTrace Verbose: 0 : 25088, 1, 2024/01/07, 20:17:02.640, 11419851808599, vstest.console.dll, TestPluginCache.GetExtensionPaths: Filtered extension paths: 
TpTrace Verbose: 0 : 25088, 1, 2024/01/07, 20:17:02.640, 11419851808833, vstest.console.dll, TestPluginCache.GetExtensionPaths: Added default extension paths: C:\Program Files\dotnet\sdk\8.0.100\Extensions\Microsoft.Diagnostics.NETCore.Client.dll
C:\Program Files\dotnet\sdk\8.0.100\Extensions\Microsoft.TestPlatform.Extensions.BlameDataCollector.dll
C:\Program Files\dotnet\sdk\8.0.100\Extensions\Microsoft.TestPlatform.Extensions.EventLogCollector.dll
C:\Program Files\dotnet\sdk\8.0.100\Extensions\Microsoft.TestPlatform.TestHostRuntimeProvider.dll
C:\Program Files\dotnet\sdk\8.0.100\Extensions\Microsoft.VisualStudio.TestPlatform.Extensions.Html.TestLogger.dll
C:\Program Files\dotnet\sdk\8.0.100\Extensions\Microsoft.VisualStudio.TestPlatform.Extensions.Trx.TestLogger.dll
TpTrace Verbose: 0 : 25088, 1, 2024/01/07, 20:17:02.640, 11419851809045, vstest.console.dll, TestPluginCache.GetExtensionPaths: Added unfilterableExtensionPaths: 
TpTrace Verbose: 0 : 25088, 1, 2024/01/07, 20:17:02.640, 11419851809287, vstest.console.dll, TestPluginCache.DiscoverTestExtensions: Discovering the extensions using allExtensionPaths: C:\Program Files\dotnet\sdk\8.0.100\Extensions\Microsoft.Diagnostics.NETCore.Client.dll
C:\Program Files\dotnet\sdk\8.0.100\Extensions\Microsoft.TestPlatform.Extensions.BlameDataCollector.dll
C:\Program Files\dotnet\sdk\8.0.100\Extensions\Microsoft.TestPlatform.Extensions.EventLogCollector.dll
C:\Program Files\dotnet\sdk\8.0.100\Extensions\Microsoft.TestPlatform.TestHostRuntimeProvider.dll
C:\Program Files\dotnet\sdk\8.0.100\Extensions\Microsoft.VisualStudio.TestPlatform.Extensions.Html.TestLogger.dll
C:\Program Files\dotnet\sdk\8.0.100\Extensions\Microsoft.VisualStudio.TestPlatform.Extensions.Trx.TestLogger.dll
TpTrace Information: 0 : 25088, 1, 2024/01/07, 20:17:02.640, 11419851809604, vstest.console.dll, AssemblyResolver.AddSearchDirectories: Adding more searchDirectories C:\Program Files\dotnet\sdk\8.0.100\Extensions,C:\Program Files\dotnet\sdk\8.0.100
TpTrace Information: 0 : 25088, 1, 2024/01/07, 20:17:02.640, 11419851809830, vstest.console.dll, AssemblyResolver.AddSearchDirectories: Adding more searchDirectories C:\Program Files\dotnet\sdk\8.0.100\Extensions,C:\Program Files\dotnet\sdk\8.0.100
TpTrace Information: 0 : 25088, 1, 2024/01/07, 20:17:02.640, 11419851810066, vstest.console.dll, AssemblyResolver.AddSearchDirectories: Adding more searchDirectories C:\Program Files\dotnet\sdk\8.0.100\Extensions,C:\Program Files\dotnet\sdk\8.0.100
TpTrace Information: 0 : 25088, 1, 2024/01/07, 20:17:02.640, 11419851810260, vstest.console.dll, AssemblyResolver.AddSearchDirectories: Adding more searchDirectories C:\Program Files\dotnet\sdk\8.0.100\Extensions,C:\Program Files\dotnet\sdk\8.0.100
TpTrace Information: 0 : 25088, 1, 2024/01/07, 20:17:02.640, 11419851810450, vstest.console.dll, AssemblyResolver.AddSearchDirectories: Adding more searchDirectories C:\Program Files\dotnet\sdk\8.0.100\Extensions,C:\Program Files\dotnet\sdk\8.0.100
TpTrace Information: 0 : 25088, 1, 2024/01/07, 20:17:02.640, 11419851810658, vstest.console.dll, AssemblyResolver.AddSearchDirectories: Adding more searchDirectories C:\Program Files\dotnet\sdk\8.0.100\Extensions,C:\Program Files\dotnet\sdk\8.0.100
TpTrace Verbose: 0 : 25088, 1, 2024/01/07, 20:17:02.640, 11419851811463, vstest.console.dll, MetadataReaderExtensionsHelper: Discovering extensions inside assembly 'Microsoft.Diagnostics.NETCore.Client, Version=0.2.8.21101, Culture=neutral, PublicKeyToken=31bf3856ad364e35' file path 'C:\Program Files\dotnet\sdk\8.0.100\Extensions\Microsoft.Diagnostics.NETCore.Client.dll'
TpTrace Information: 0 : 25088, 1, 2024/01/07, 20:17:02.641, 11419851819181, vstest.console.dll, AssemblyResolver.OnResolve: Microsoft.Bcl.AsyncInterfaces: Resolving assembly.
TpTrace Information: 0 : 25088, 1, 2024/01/07, 20:17:02.641, 11419851819648, vstest.console.dll, AssemblyResolver.OnResolve: Microsoft.Bcl.AsyncInterfaces: Resolved from cache.
TpTrace Verbose: 0 : 25088, 1, 2024/01/07, 20:17:02.641, 11419851819874, vstest.console.dll, CurrentDomainAssemblyResolve: Resolving assembly 'Microsoft.Bcl.AsyncInterfaces'.
TpTrace Information: 0 : 25088, 1, 2024/01/07, 20:17:02.641, 11419851820185, vstest.console.dll, AssemblyResolver.OnResolve: Microsoft.Bcl.AsyncInterfaces: Resolving assembly.
TpTrace Information: 0 : 25088, 1, 2024/01/07, 20:17:02.641, 11419851820395, vstest.console.dll, AssemblyResolver.OnResolve: Microsoft.Bcl.AsyncInterfaces: Resolved from cache.
TpTrace Verbose: 0 : 25088, 1, 2024/01/07, 20:17:02.641, 11419851820608, vstest.console.dll, CurrentDomainAssemblyResolve: Resolving assembly 'Microsoft.Bcl.AsyncInterfaces'.
TpTrace Verbose: 0 : 25088, 1, 2024/01/07, 20:17:02.641, 11419851820782, vstest.console.dll, CurrentDomainAssemblyResolve: Failed to resolve assembly 'Microsoft.Bcl.AsyncInterfaces'.
TpTrace Verbose: 0 : 25088, 1, 2024/01/07, 20:17:02.641, 11419851821835, vstest.console.dll, CurrentDomainAssemblyResolve: Failed to resolve assembly 'Microsoft.Bcl.AsyncInterfaces'.
TpTrace Warning: 0 : 25088, 1, 2024/01/07, 20:17:02.641, 11419851824359, vstest.console.dll, TestPluginDiscoverer: Failed to get types from assembly 'Microsoft.Diagnostics.NETCore.Client, Version=0.2.8.21101, Culture=neutral, PublicKeyToken=31bf3856ad364e35'. Error: System.Reflection.ReflectionTypeLoadException: Unable to load one or more of the requested types.
Could not load file or assembly 'Microsoft.Bcl.AsyncInterfaces, Version=1.0.0.0, Culture=neutral, PublicKeyToken=cc7b13ffcd2ddd51'. Nie można odnaleźć określonego pliku.
   at System.Reflection.RuntimeModule.GetTypes(RuntimeModule module)
   at System.Reflection.RuntimeModule.GetTypes()
   at Microsoft.VisualStudio.TestPlatform.Common.ExtensionFramework.TestPluginDiscoverer.GetTestExtensionsFromAssembly[TPluginInfo,TExtension](Assembly assembly, Dictionary`2 pluginInfos, String filePath) in /_/src/Microsoft.TestPlatform.Common/ExtensionFramework/TestPluginDiscoverer.cs:line 158
System.IO.FileNotFoundException: Could not load file or assembly 'Microsoft.Bcl.AsyncInterfaces, Version=1.0.0.0, Culture=neutral, PublicKeyToken=cc7b13ffcd2ddd51'. Nie można odnaleźć określonego pliku.
File name: 'Microsoft.Bcl.AsyncInterfaces, Version=1.0.0.0, Culture=neutral, PublicKeyToken=cc7b13ffcd2ddd51'
 ---> System.IO.FileNotFoundException: Could not load file or assembly 'Microsoft.Bcl.AsyncInterfaces, Culture=neutral, PublicKeyToken=null'. Nie można odnaleźć określonego pliku.
File name: 'Microsoft.Bcl.AsyncInterfaces, Culture=neutral, PublicKeyToken=null'
   at System.Reflection.RuntimeAssembly.InternalLoad(AssemblyName assemblyName, StackCrawlMark& stackMark, AssemblyLoadContext assemblyLoadContext, RuntimeAssembly requestingAssembly, Boolean throwOnFileNotFound)
   at System.Reflection.Assembly.Load(AssemblyName assemblyRef)
   at Microsoft.VisualStudio.TestPlatform.Common.ExtensionFramework.TestPluginCache.CurrentDomainAssemblyResolve(Object sender, AssemblyResolveEventArgs args) in /_/src/Microsoft.TestPlatform.Common/ExtensionFramework/TestPluginCache.cs:line 513
   at System.Runtime.Loader.AssemblyLoadContext.GetFirstResolvedAssemblyFromResolvingEvent(AssemblyName assemblyName)
   at System.Runtime.Loader.AssemblyLoadContext.ResolveUsingEvent(AssemblyName assemblyName)
   at System.Runtime.Loader.AssemblyLoadContext.ResolveUsingResolvingEvent(IntPtr gchManagedAssemblyLoadContext, AssemblyName assemblyName)
TpTrace Warning: 0 : 25088, 1, 2024/01/07, 20:17:02.641, 11419851825372, vstest.console.dll, LoaderExceptions: System.IO.FileNotFoundException: Could not load file or assembly 'Microsoft.Bcl.AsyncInterfaces, Version=1.0.0.0, Culture=neutral, PublicKeyToken=cc7b13ffcd2ddd51'. Nie można odnaleźć określonego pliku.
File name: 'Microsoft.Bcl.AsyncInterfaces, Version=1.0.0.0, Culture=neutral, PublicKeyToken=cc7b13ffcd2ddd51'
 ---> System.IO.FileNotFoundException: Could not load file or assembly 'Microsoft.Bcl.AsyncInterfaces, Culture=neutral, PublicKeyToken=null'. Nie można odnaleźć określonego pliku.
File name: 'Microsoft.Bcl.AsyncInterfaces, Culture=neutral, PublicKeyToken=null'
   at System.Reflection.RuntimeAssembly.InternalLoad(AssemblyName assemblyName, StackCrawlMark& stackMark, AssemblyLoadContext assemblyLoadContext, RuntimeAssembly requestingAssembly, Boolean throwOnFileNotFound)
   at System.Reflection.Assembly.Load(AssemblyName assemblyRef)
   at Microsoft.VisualStudio.TestPlatform.Common.ExtensionFramework.TestPluginCache.CurrentDomainAssemblyResolve(Object sender, AssemblyResolveEventArgs args) in /_/src/Microsoft.TestPlatform.Common/ExtensionFramework/TestPluginCache.cs:line 513
   at System.Runtime.Loader.AssemblyLoadContext.GetFirstResolvedAssemblyFromResolvingEvent(AssemblyName assemblyName)
   at System.Runtime.Loader.AssemblyLoadContext.ResolveUsingEvent(AssemblyName assemblyName)
   at System.Runtime.Loader.AssemblyLoadContext.ResolveUsingResolvingEvent(IntPtr gchManagedAssemblyLoadContext, AssemblyName assemblyName)
TpTrace Verbose: 0 : 25088, 1, 2024/01/07, 20:17:02.641, 11419851825889, vstest.console.dll, MetadataReaderExtensionsHelper: Discovering extensions inside assembly 'Microsoft.TestPlatform.Extensions.BlameDataCollector, Version=15.0.0.0, Culture=neutral, PublicKeyToken=b03f5f7f11d50a3a' file path 'C:\Program Files\dotnet\sdk\8.0.100\Extensions\Microsoft.TestPlatform.Extensions.BlameDataCollector.dll'
TpTrace Information: 0 : 25088, 1, 2024/01/07, 20:17:02.642, 11419851829957, vstest.console.dll, GetTestExtensionFromType: Register extension with identifier data 'logger://Microsoft/TestPlatform/Extensions/Blame/v1' and type 'Microsoft.TestPlatform.Extensions.BlameDataCollector.BlameLogger, Microsoft.TestPlatform.Extensions.BlameDataCollector, Version=15.0.0.0, Culture=neutral, PublicKeyToken=b03f5f7f11d50a3a' inside file 'C:\Program Files\dotnet\sdk\8.0.100\Extensions\Microsoft.TestPlatform.Extensions.BlameDataCollector.dll'
TpTrace Verbose: 0 : 25088, 1, 2024/01/07, 20:17:02.642, 11419851830390, vstest.console.dll, MetadataReaderExtensionsHelper: Discovering extensions inside assembly 'Microsoft.TestPlatform.Extensions.EventLogCollector, Version=15.0.0.0, Culture=neutral, PublicKeyToken=b03f5f7f11d50a3a' file path 'C:\Program Files\dotnet\sdk\8.0.100\Extensions\Microsoft.TestPlatform.Extensions.EventLogCollector.dll'
TpTrace Verbose: 0 : 25088, 1, 2024/01/07, 20:17:02.642, 11419851833136, vstest.console.dll, MetadataReaderExtensionsHelper: Discovering extensions inside assembly 'Microsoft.TestPlatform.TestHostRuntimeProvider, Version=15.0.0.0, Culture=neutral, PublicKeyToken=b03f5f7f11d50a3a' file path 'C:\Program Files\dotnet\sdk\8.0.100\Extensions\Microsoft.TestPlatform.TestHostRuntimeProvider.dll'
TpTrace Verbose: 0 : 25088, 1, 2024/01/07, 20:17:02.642, 11419851836191, vstest.console.dll, MetadataReaderExtensionsHelper: Discovering extensions inside assembly 'Microsoft.VisualStudio.TestPlatform.Extensions.Html.TestLogger, Version=15.0.0.0, Culture=neutral, PublicKeyToken=b03f5f7f11d50a3a' file path 'C:\Program Files\dotnet\sdk\8.0.100\Extensions\Microsoft.VisualStudio.TestPlatform.Extensions.Html.TestLogger.dll'
TpTrace Information: 0 : 25088, 1, 2024/01/07, 20:17:02.643, 11419851841345, vstest.console.dll, GetTestExtensionFromType: Register extension with identifier data 'logger://Microsoft/TestPlatform/HtmlLogger/v1' and type 'Microsoft.VisualStudio.TestPlatform.Extensions.HtmlLogger.HtmlLogger, Microsoft.VisualStudio.TestPlatform.Extensions.Html.TestLogger, Version=15.0.0.0, Culture=neutral, PublicKeyToken=b03f5f7f11d50a3a' inside file 'C:\Program Files\dotnet\sdk\8.0.100\Extensions\Microsoft.VisualStudio.TestPlatform.Extensions.Html.TestLogger.dll'
TpTrace Verbose: 0 : 25088, 1, 2024/01/07, 20:17:02.643, 11419851841923, vstest.console.dll, MetadataReaderExtensionsHelper: Discovering extensions inside assembly 'Microsoft.VisualStudio.TestPlatform.Extensions.Trx.TestLogger, Version=15.0.0.0, Culture=neutral, PublicKeyToken=b03f5f7f11d50a3a' file path 'C:\Program Files\dotnet\sdk\8.0.100\Extensions\Microsoft.VisualStudio.TestPlatform.Extensions.Trx.TestLogger.dll'
TpTrace Information: 0 : 25088, 1, 2024/01/07, 20:17:02.643, 11419851845445, vstest.console.dll, GetTestExtensionFromType: Register extension with identifier data 'logger://Microsoft/TestPlatform/TrxLogger/v1' and type 'Microsoft.VisualStudio.TestPlatform.Extensions.TrxLogger.TrxLogger, Microsoft.VisualStudio.TestPlatform.Extensions.Trx.TestLogger, Version=15.0.0.0, Culture=neutral, PublicKeyToken=b03f5f7f11d50a3a' inside file 'C:\Program Files\dotnet\sdk\8.0.100\Extensions\Microsoft.VisualStudio.TestPlatform.Extensions.Trx.TestLogger.dll'
TpTrace Verbose: 0 : 25088, 1, 2024/01/07, 20:17:02.643, 11419851846406, vstest.console.dll, TestPluginCache: Discovered the extensions using extension path ''.
TpTrace Verbose: 0 : 25088, 1, 2024/01/07, 20:17:02.643, 11419851846679, vstest.console.dll, TestPluginCache: Discoverers are ''.
TpTrace Verbose: 0 : 25088, 1, 2024/01/07, 20:17:02.643, 11419851846862, vstest.console.dll, TestPluginCache: Executors are ''.
TpTrace Verbose: 0 : 25088, 1, 2024/01/07, 20:17:02.643, 11419851847046, vstest.console.dll, TestPluginCache: Executors2 are ''.
TpTrace Verbose: 0 : 25088, 1, 2024/01/07, 20:17:02.644, 11419851847222, vstest.console.dll, TestPluginCache: Setting providers are ''.
TpTrace Verbose: 0 : 25088, 1, 2024/01/07, 20:17:02.644, 11419851847763, vstest.console.dll, TestPluginCache: Loggers are 'logger://Microsoft/TestPlatform/Extensions/Blame/v1,logger://Microsoft/TestPlatform/HtmlLogger/v1,logger://Microsoft/TestPlatform/TrxLogger/v1'.
TpTrace Verbose: 0 : 25088, 1, 2024/01/07, 20:17:02.644, 11419851848092, vstest.console.dll, TestPluginCache: TestHosts are 'HostProvider://DefaultTestHost,HostProvider://DotnetTestHost'.
TpTrace Verbose: 0 : 25088, 1, 2024/01/07, 20:17:02.644, 11419851848286, vstest.console.dll, TestPluginCache: DataCollectors are ''.
TpTrace Information: 0 : 25088, 1, 2024/01/07, 20:17:02.644, 11419851854640, vstest.console.dll, TestPluginManager.CreateTestExtension: Attempting to load test extension: Microsoft.TestPlatform.Extensions.BlameDataCollector.BlameLogger
TpTrace Verbose: 0 : 25088, 1, 2024/01/07, 20:17:02.651, 11419851920955, vstest.console.dll, TestEngine: Initializing Parallel Execution as MaxCpuCount is set to: 1
TpTrace Information: 0 : 25088, 1, 2024/01/07, 20:17:02.652, 11419851933917, vstest.console.dll, TestPluginManager.CreateTestExtension: Attempting to load test extension: Microsoft.VisualStudio.TestPlatform.CrossPlatEngine.Hosting.DefaultTestHostManager
TpTrace Information: 0 : 25088, 1, 2024/01/07, 20:17:02.653, 11419851941823, vstest.console.dll, TestPluginManager.CreateTestExtension: Attempting to load test extension: Microsoft.VisualStudio.TestPlatform.CrossPlatEngine.Hosting.DotnetTestHostManager
TpTrace Information: 0 : 25088, 1, 2024/01/07, 20:17:02.653, 11419851945826, vstest.console.dll, InferRunSettingsHelper.IsTestSettingsEnabled: Unable to navigate to RunSettings/MSTest. Current node: RunSettings
TpTrace Verbose: 0 : 25088, 1, 2024/01/07, 20:17:02.654, 11419851950943, vstest.console.dll, ParallelOperationManager.ClearSlots: Clearing all slots. Slots should accept more work: True
TpTrace Verbose: 0 : 25088, 1, 2024/01/07, 20:17:02.654, 11419851955616, vstest.console.dll, ParallelOperationManager.SetOccupiedSlotCount: Setting slot counts AvailableSlotCount = 1, OccupiedSlotCount = 0.
TpTrace Verbose: 0 : 25088, 1, 2024/01/07, 20:17:02.655, 11419851957734, vstest.console.dll, Occupied slots:

TpTrace Verbose: 0 : 25088, 1, 2024/01/07, 20:17:02.657, 11419851978733, vstest.console.dll, TestEngine.GetExecutionManager: Chosen execution manager 'Microsoft.VisualStudio.TestPlatform.CrossPlatEngine.Client.Parallel.ParallelProxyExecutionManager, Microsoft.TestPlatform.CrossPlatEngine, Version=15.0.0.0, Culture=neutral, PublicKeyToken=b03f5f7f11d50a3a' ParallelLevel '1'.
TpTrace Verbose: 0 : 25088, 1, 2024/01/07, 20:17:02.657, 11419851979566, vstest.console.dll, TestRunRequest.ExecuteAsync: Creating test run request.
TpTrace Verbose: 0 : 25088, 1, 2024/01/07, 20:17:02.657, 11419851980980, vstest.console.dll, TestRunRequest.ExecuteAsync: Starting.
TpTrace Information: 0 : 25088, 1, 2024/01/07, 20:17:02.658, 11419851988329, vstest.console.dll, TestRunRequest.ExecuteAsync: Starting run with settings:TestRunCriteria:
   KeepAlive=False,FrequencyOfRunStatsChangeEvent=10,RunStatsChangeEventTimeout=00:00:01.5000000,TestCaseFilter=,TestExecutorLauncher=
   Settingsxml=<RunSettings>
  <RunConfiguration>
    <ResultsDirectory>C:\Users\weron\source\repos\Accounting_file_archiving_system\Accounting_file_achiving_system_tests\bin\Debug\net8.0\fine-code-coverage\coverage-tool-output</ResultsDirectory>
    <TargetPlatform>X64</TargetPlatform>
    <TargetFrameworkVersion>.NETCoreApp,Version=v8.0</TargetFrameworkVersion>
    <DesignMode>False</DesignMode>
    <CollectSourceInformation>False</CollectSourceInformation>
  </RunConfiguration>
  <LoggerRunSettings>
    <Loggers>
      <Logger friendlyName="blame" enabled="True" />
      <Logger friendlyName="Console" uri="logger://microsoft/TestPlatform/ConsoleLogger/v1" assemblyQualifiedName="Microsoft.VisualStudio.TestPlatform.CommandLine.Internal.ConsoleLogger, vstest.console, Version=15.0.0.0, Culture=neutral, PublicKeyToken=b03f5f7f11d50a3a" codeBase="C:\Program Files\dotnet\sdk\8.0.100\vstest.console.dll" enabled="True" />
    </Loggers>
  </LoggerRunSettings>
  <DataCollectionRunSettings>
    <DataCollectors>
      <DataCollector friendlyName="blame" enabled="True">
        <Configuration>
          <ResultsDirectory>C:\Users\weron\source\repos\Accounting_file_archiving_system\Accounting_file_achiving_system_tests\bin\Debug\net8.0\fine-code-coverage\coverage-tool-output</ResultsDirectory>
        </Configuration>
      </DataCollector>
    </DataCollectors>
  </DataCollectionRunSettings>
</RunSettings>

TpTrace Verbose: 0 : 25088, 1, 2024/01/07, 20:17:02.658, 11419851988743, vstest.console.dll, TestRunRequest.ExecuteAsync: Wait for the first run request is over.
TpTrace Verbose: 0 : 25088, 1, 2024/01/07, 20:17:02.658, 11419851990474, vstest.console.dll, MulticastDelegateUtilities.SafeInvoke: TestRun.TestRunStart: Invoking callbacks was skipped because there are no subscribers.
TpTrace Verbose: 0 : 25088, 4, 2024/01/07, 20:17:02.658, 11419851991838, vstest.console.dll, MulticastDelegateUtilities.SafeInvoke: InternalTestLoggerEvents.SendTestRunStart: Invoking callback 1/1 for Microsoft.VisualStudio.TestPlatform.CommandLine.Internal.ConsoleLogger., took 0 ms.
TpTrace Verbose: 0 : 25088, 1, 2024/01/07, 20:17:02.658, 11419851996770, vstest.console.dll, ParallelProxyExecutionManager: Start execution. Total sources: 1
TpTrace Verbose: 0 : 25088, 1, 2024/01/07, 20:17:02.659, 11419851999354, vstest.console.dll, ParallelOperationManager.StartWork: Starting adding 1 workloads.
TpTrace Verbose: 0 : 25088, 1, 2024/01/07, 20:17:02.659, 11419851999828, vstest.console.dll, ParallelOperationManager.ClearSlots: Clearing all slots. Slots should accept more work: True
TpTrace Verbose: 0 : 25088, 1, 2024/01/07, 20:17:02.659, 11419852000289, vstest.console.dll, ParallelOperationManager.SetOccupiedSlotCount: Setting slot counts AvailableSlotCount = 1, OccupiedSlotCount = 0.
TpTrace Verbose: 0 : 25088, 1, 2024/01/07, 20:17:02.659, 11419852000522, vstest.console.dll, Occupied slots:

TpTrace Verbose: 0 : 25088, 1, 2024/01/07, 20:17:02.660, 11419852009098, vstest.console.dll, TestRequestSender is acting as server.
TpTrace Verbose: 0 : 25088, 1, 2024/01/07, 20:17:02.660, 11419852016017, vstest.console.dll, ParallelOperationManager.RunWorkInParallel: Adding 1 workload to slot, remaining workloads 0.
TpTrace Verbose: 0 : 25088, 1, 2024/01/07, 20:17:02.660, 11419852016405, vstest.console.dll, ParallelOperationManager.SetOccupiedSlotCount: Setting slot counts AvailableSlotCount = 0, OccupiedSlotCount = 1.
TpTrace Verbose: 0 : 25088, 1, 2024/01/07, 20:17:02.660, 11419852017096, vstest.console.dll, Occupied slots:
0: C:\Users\weron\source\repos\Accounting_file_archiving_system\Accounting_file_achiving_system_tests\bin\Debug\net8.0\fine-code-coverage\build-output\Accounting_file_achiving_system_tests.dll
TpTrace Verbose: 0 : 25088, 1, 2024/01/07, 20:17:02.661, 11419852023322, vstest.console.dll, ParallelOperationManager.RunWorkInParallel: Started host in slot number 0 for work (source): C:\Users\weron\source\repos\Accounting_file_archiving_system\Accounting_file_achiving_system_tests\bin\Debug\net8.0\fine-code-coverage\build-output\Accounting_file_achiving_system_tests.dll.
TpTrace Verbose: 0 : 25088, 1, 2024/01/07, 20:17:02.662, 11419852027762, vstest.console.dll, ParallelOperationManager.RunWorkInParallel: We started 1 work items, which is the max parallel level. Won't start more work.
TpTrace Verbose: 0 : 25088, 1, 2024/01/07, 20:17:02.662, 11419852028092, vstest.console.dll, ParallelOperationManager.RunWorkInParallel: We started 1 work items in here, returning True.
TpTrace Information: 0 : 25088, 1, 2024/01/07, 20:17:02.662, 11419852028328, vstest.console.dll, TestRunRequest.ExecuteAsync: Started.
TpTrace Verbose: 0 : 25088, 5, 2024/01/07, 20:17:02.662, 11419852029611, vstest.console.dll, ParallelProxyExecutionManager.StartTestRunOnConcurrentManager: Initializing uninitialized client. Started clients: 0
TpTrace Verbose: 0 : 25088, 5, 2024/01/07, 20:17:02.662, 11419852030715, vstest.console.dll, DataCollectionRequestSender.InitializeCommunication : Initialize communication. 
TpTrace Verbose: 0 : 25088, 1, 2024/01/07, 20:17:02.662, 11419852031866, vstest.console.dll, TestRunRequest.WaitForCompletion: Waiting with timeout -1.
TpTrace Information: 0 : 25088, 5, 2024/01/07, 20:17:02.666, 11419852074696, vstest.console.dll, Listening on Endpoint : 127.0.0.1:55744
TpTrace Verbose: 0 : 25088, 5, 2024/01/07, 20:17:02.670, 11419852112480, vstest.console.dll, DotnetDataCollectionLauncher: Adding  --runtimeconfig "C:\Program Files\dotnet\sdk\8.0.100\datacollector.runtimeconfig.json" in args
TpTrace Verbose: 0 : 25088, 5, 2024/01/07, 20:17:02.670, 11419852113600, vstest.console.dll, DotnetDataCollectionLauncher: Adding  --depsfile "C:\Program Files\dotnet\sdk\8.0.100\datacollector.deps.json" in args
TpTrace Verbose: 0 : 25088, 5, 2024/01/07, 20:17:02.670, 11419852115079, vstest.console.dll, DotnetDataCollectionLauncher: Full path of dotnet.exe is C:\Program Files\dotnet\dotnet.exe
TpTrace Information: 0 : 25088, 5, 2024/01/07, 20:17:02.675, 11419852161888, vstest.console.dll, ProxyDataCollectionManager.Initialize: Launched datacollector processId: 24064 port: 55744
TpTrace Information: 0 : 25088, 5, 2024/01/07, 20:17:02.675, 11419852162779, vstest.console.dll, ProxyDataCollectionManager.Initialize: waiting for connection with timeout: 90 seconds
TpTrace Verbose: 0 : 25088, 5, 2024/01/07, 20:17:02.675, 11419852163130, vstest.console.dll, DataCollectionRequestSender.WaitForRequestHandlerConnection : Waiting for connection with timeout: 90000
TpTrace Information: 0 : 25088, 7, 2024/01/07, 20:17:02.770, 11419853108987, vstest.console.dll, Using the buffer size of 16384 bytes
TpTrace Verbose: 0 : 25088, 5, 2024/01/07, 20:17:02.770, 11419853109049, vstest.console.dll, SocketCommunicationManager.WaitForClientConnection took: 94 ms, with 90000 ms timeout, and finished with True.
TpTrace Information: 0 : 25088, 7, 2024/01/07, 20:17:02.770, 11419853109739, vstest.console.dll, Accepted Client request and set the flag
TpTrace Verbose: 0 : 25088, 5, 2024/01/07, 20:17:02.770, 11419853110553, vstest.console.dll, ProxyDataCollectionManager.InvokeDataCollectionServiceAction: Starting.
TpTrace Information: 0 : 25088, 5, 2024/01/07, 20:17:02.770, 11419853111083, vstest.console.dll, ProxyDataCollectionManager.BeforeTestRunStart: Get environment variable and port for datacollector processId: 24064 port: 55744
TpTrace Verbose: 0 : 25088, 5, 2024/01/07, 20:17:02.770, 11419853111916, vstest.console.dll, DataCollectionRequestSender.SendBeforeTestRunStartAndGetResult: Send BeforeTestRunStart message with settingsXml <RunSettings><RunConfiguration><ResultsDirectory>C:\Users\weron\source\repos\Accounting_file_archiving_system\Accounting_file_achiving_system_tests\bin\Debug\net8.0\fine-code-coverage\coverage-tool-output</ResultsDirectory><TargetPlatform>X64</TargetPlatform><TargetFrameworkVersion>.NETCoreApp,Version=v8.0</TargetFrameworkVersion><DesignMode>False</DesignMode><CollectSourceInformation>False</CollectSourceInformation><TestAdaptersPaths>C:\Program Files\dotnet\sdk\8.0.100\Extensions</TestAdaptersPaths></RunConfiguration><LoggerRunSettings><Loggers><Logger friendlyName="blame" enabled="True" /><Logger friendlyName="Console" uri="logger://microsoft/TestPlatform/ConsoleLogger/v1" assemblyQualifiedName="Microsoft.VisualStudio.TestPlatform.CommandLine.Internal.ConsoleLogger, vstest.console, Version=15.0.0.0, Culture=neutral, PublicKeyToken=b03f5f7f11d50a3a" codeBase="C:\Program Files\dotnet\sdk\8.0.100\vstest.console.dll" enabled="True" /></Loggers></LoggerRunSettings><DataCollectionRunSettings><DataCollectors><DataCollector friendlyName="blame" enabled="True"><Configuration><ResultsDirectory>C:\Users\weron\source\repos\Accounting_file_archiving_system\Accounting_file_achiving_system_tests\bin\Debug\net8.0\fine-code-coverage\coverage-tool-output</ResultsDirectory></Configuration></DataCollector></DataCollectors></DataCollectionRunSettings></RunSettings> and sources System.Collections.Generic.List`1[System.String]: 
TpTrace Verbose: 0 : 25088, 5, 2024/01/07, 20:17:02.801, 11419853420697, vstest.console.dll, DataCollectionRequestSender.SendBeforeTestRunStartAndGetResult: Received message: (DataCollection.SendMessage) -> {"MessageType":"DataCollection.SendMessage","Payload":{"FriendlyName":null,"Uri":null,"TestCaseId":"00000000-0000-0000-0000-000000000000","Message":"Logging DataCollector Diagnostics in file: C:\\Users\\weron\\source\\repos\\Accounting_file_archiving_system\\Accounting_file_achiving_system_tests\\bin\\Debug\\net8.0\\fine-code-coverage\\coverage-tool-output\\diagnostics.datacollector.24-01-07_20-17-02_67020_5.log","Level":0}}
TpTrace Verbose: 0 : 25088, 5, 2024/01/07, 20:17:02.856, 11419853975328, vstest.console.dll, DataCollectionRequestSender.SendBeforeTestRunStartAndGetResult: Received message: (DataCollection.BeforeTestRunStartResult) -> {"MessageType":"DataCollection.BeforeTestRunStartResult","Payload":{"EnvironmentVariables":{},"DataCollectionEventsPort":55746}}
TpTrace Information: 0 : 25088, 5, 2024/01/07, 20:17:02.859, 11419854005600, vstest.console.dll, ProxyDataCollectionManager.BeforeTestRunStart: SendBeforeTestRunStartAndGetResult successful, env variable from datacollector:   and testhost port: 55746
TpTrace Information: 0 : 25088, 5, 2024/01/07, 20:17:02.859, 11419854006083, vstest.console.dll, ProxyDataCollectionManager.InvokeDataCollectionServiceAction: Completed.
TpTrace Verbose: 0 : 25088, 5, 2024/01/07, 20:17:02.859, 11419854006290, vstest.console.dll, ParallelProxyExecutionManager.StartTestRunOnConcurrentManager: Initializing test run. Started clients: 0
TpTrace Verbose: 0 : 25088, 5, 2024/01/07, 20:17:02.859, 11419854006824, vstest.console.dll, ProxyExecutionManager: Test host is always Lazy initialize.
TpTrace Verbose: 0 : 25088, 5, 2024/01/07, 20:17:02.860, 11419854008233, vstest.console.dll, TestRequestSender.InitializeCommunication: initialize communication. 
TpTrace Information: 0 : 25088, 5, 2024/01/07, 20:17:02.860, 11419854011319, vstest.console.dll, SocketServer.Start: Listening on endpoint : 127.0.0.1:55747
TpTrace Verbose: 0 : 25088, 5, 2024/01/07, 20:17:02.860, 11419854016118, vstest.console.dll, DotnetTestHostmanager.GetTestHostProcessStartInfo: Platform environment 'X64' target architecture 'X64' framework '.NETCoreApp,Version=v8.0' OS 'Windows'
TpTrace Verbose: 0 : 25088, 5, 2024/01/07, 20:17:02.861, 11419854017616, vstest.console.dll, DotnetTestHostmanager: Adding  --runtimeconfig "C:\Users\weron\source\repos\Accounting_file_archiving_system\Accounting_file_achiving_system_tests\bin\Debug\net8.0\fine-code-coverage\build-output\Accounting_file_achiving_system_tests.runtimeconfig.json" in args
TpTrace Verbose: 0 : 25088, 5, 2024/01/07, 20:17:02.861, 11419854018266, vstest.console.dll, DotnetTestHostmanager: Adding  --depsfile "C:\Users\weron\source\repos\Accounting_file_archiving_system\Accounting_file_achiving_system_tests\bin\Debug\net8.0\fine-code-coverage\build-output\Accounting_file_achiving_system_tests.deps.json" in args
TpTrace Verbose: 0 : 25088, 5, 2024/01/07, 20:17:02.861, 11419854019366, vstest.console.dll, DotnetTestHostmanager.IsWinOnArm: Current PROCESSOR_ARCHITECTURE from environment variable 'AMD64'
TpTrace Verbose: 0 : 25088, 5, 2024/01/07, 20:17:02.861, 11419854019740, vstest.console.dll, DotnetTestHostmanager.IsWinOnArm: Is Windows on ARM 'False'
TpTrace Verbose: 0 : 25088, 5, 2024/01/07, 20:17:02.861, 11419854020280, vstest.console.dll, DotnetTestHostManager: testhost.exe found at path: C:\Users\weron\source\repos\Accounting_file_archiving_system\Accounting_file_achiving_system_tests\bin\Debug\net8.0\fine-code-coverage\build-output\testhost.exe
TpTrace Verbose: 0 : 25088, 5, 2024/01/07, 20:17:02.861, 11419854020542, vstest.console.dll, DotnetTestHostmanager: Full path of host exe is C:\Users\weron\source\repos\Accounting_file_archiving_system\Accounting_file_achiving_system_tests\bin\Debug\net8.0\fine-code-coverage\build-output\testhost.exe
TpTrace Verbose: 0 : 25088, 5, 2024/01/07, 20:17:02.861, 11419854021335, vstest.console.dll, DotnetTestHostmanager.LaunchTestHostAsync: Found 'VSTEST_WINAPPHOST_DOTNET_ROOT' in env variables, value 'C:\Program Files\dotnet', forwarding to 'DOTNET_ROOT'
TpTrace Verbose: 0 : 25088, 5, 2024/01/07, 20:17:02.861, 11419854022227, vstest.console.dll, DotnetTestHostManager: Starting process 'C:\Users\weron\source\repos\Accounting_file_archiving_system\Accounting_file_achiving_system_tests\bin\Debug\net8.0\fine-code-coverage\build-output\testhost.exe' with command line ' --runtimeconfig "C:\Users\weron\source\repos\Accounting_file_archiving_system\Accounting_file_achiving_system_tests\bin\Debug\net8.0\fine-code-coverage\build-output\Accounting_file_achiving_system_tests.runtimeconfig.json" --depsfile "C:\Users\weron\source\repos\Accounting_file_archiving_system\Accounting_file_achiving_system_tests\bin\Debug\net8.0\fine-code-coverage\build-output\Accounting_file_achiving_system_tests.deps.json" --port 55747 --endpoint 127.0.0.1:055747 --role client --parentprocessid 25088 --diag "C:\Users\weron\source\repos\Accounting_file_archiving_system\Accounting_file_achiving_system_tests\bin\Debug\net8.0\fine-code-coverage\coverage-tool-output\diagnostics.host.24-01-07_20-17-02_86065_5.log" --tracelevel 4 --datacollectionport 55746 --telemetryoptedin false'
TpTrace Verbose: 0 : 25088, 5, 2024/01/07, 20:17:02.868, 11419854089774, vstest.console.dll, MulticastDelegateUtilities.SafeInvoke: HostProviderEvents.OnHostLaunched: Invoking callback 1/2 for Microsoft.VisualStudio.TestPlatform.CrossPlatEngine.Client.ProxyExecutionManagerWithDataCollection., took 0 ms.
TpTrace Verbose: 0 : 25088, 5, 2024/01/07, 20:17:02.868, 11419854091701, vstest.console.dll, Test Runtime launched
TpTrace Verbose: 0 : 25088, 5, 2024/01/07, 20:17:02.868, 11419854092107, vstest.console.dll, MulticastDelegateUtilities.SafeInvoke: HostProviderEvents.OnHostLaunched: Invoking callback 2/2 for Microsoft.VisualStudio.TestPlatform.CrossPlatEngine.Client.ProxyOperationManager., took 0 ms.
TpTrace Verbose: 0 : 25088, 5, 2024/01/07, 20:17:02.868, 11419854092962, vstest.console.dll, TestRequestSender.WaitForRequestHandlerConnection: waiting for connection with timeout: 90000.
TpTrace Verbose: 0 : 25088, 5, 2024/01/07, 20:17:03.022, 11419855635381, vstest.console.dll, TestRequestSender.WaitForRequestHandlerConnection: waiting took 154 ms, with timeout 90000 ms, and result 0, which is success.
TpTrace Verbose: 0 : 25088, 7, 2024/01/07, 20:17:03.022, 11419855635382, vstest.console.dll, MulticastDelegateUtilities.SafeInvoke: SocketServer: ClientConnected: Invoking callback 1/1 for Microsoft.VisualStudio.TestPlatform.CommunicationUtilities.TestRequestSender., took 0 ms.
TpTrace Verbose: 0 : 25088, 7, 2024/01/07, 20:17:03.022, 11419855636702, vstest.console.dll, SocketServer.OnClientConnected: Client connected for endPoint: 127.0.0.1:55747, starting MessageLoopAsync:
TpTrace Verbose: 0 : 25088, 14, 2024/01/07, 20:17:03.023, 11419855639995, vstest.console.dll, TcpClientExtensions.MessageLoopAsync: Polling on remoteEndPoint: 127.0.0.1:55748 localEndPoint: 127.0.0.1:55747
TpTrace Verbose: 0 : 25088, 5, 2024/01/07, 20:17:03.023, 11419855642009, vstest.console.dll, TestRequestSender.CheckVersionWithTestHost: Sending check version message: {"MessageType":"ProtocolVersion","Payload":7}
TpTrace Verbose: 0 : 25088, 14, 2024/01/07, 20:17:03.087, 11419856281303, vstest.console.dll, TcpClientExtensions.MessageLoopAsync: NotifyDataAvailable remoteEndPoint: 127.0.0.1:55748 localEndPoint: 127.0.0.1:55747
TpTrace Verbose: 0 : 25088, 14, 2024/01/07, 20:17:03.087, 11419856283329, vstest.console.dll, TestRequestSender.CheckVersionWithTestHost: onMessageReceived received message: (ProtocolVersion) -> {"MessageType":"ProtocolVersion","Payload":7}
TpTrace Verbose: 0 : 25088, 14, 2024/01/07, 20:17:03.088, 11419856288382, vstest.console.dll, MulticastDelegateUtilities.SafeInvoke: LengthPrefixCommunicationChannel: MessageReceived: Invoking callback 1/1 for Microsoft.VisualStudio.TestPlatform.CommunicationUtilities.TestRequestSender+<>c__DisplayClass29_0., took 0 ms.
TpTrace Verbose: 0 : 25088, 14, 2024/01/07, 20:17:03.088, 11419856289048, vstest.console.dll, TcpClientExtensions.MessageLoopAsync: Polling on remoteEndPoint: 127.0.0.1:55748 localEndPoint: 127.0.0.1:55747
TpTrace Verbose: 0 : 25088, 5, 2024/01/07, 20:17:03.088, 11419856289129, vstest.console.dll, TestPluginCache.GetExtensionPaths: Filtered extension paths: 
TpTrace Verbose: 0 : 25088, 5, 2024/01/07, 20:17:03.088, 11419856289806, vstest.console.dll, TestPluginCache.GetExtensionPaths: Added default extension paths: C:\Program Files\dotnet\sdk\8.0.100\Extensions\Microsoft.Diagnostics.NETCore.Client.dll
C:\Program Files\dotnet\sdk\8.0.100\Extensions\Microsoft.TestPlatform.Extensions.BlameDataCollector.dll
C:\Program Files\dotnet\sdk\8.0.100\Extensions\Microsoft.TestPlatform.Extensions.EventLogCollector.dll
C:\Program Files\dotnet\sdk\8.0.100\Extensions\Microsoft.TestPlatform.TestHostRuntimeProvider.dll
C:\Program Files\dotnet\sdk\8.0.100\Extensions\Microsoft.VisualStudio.TestPlatform.Extensions.Html.TestLogger.dll
C:\Program Files\dotnet\sdk\8.0.100\Extensions\Microsoft.VisualStudio.TestPlatform.Extensions.Trx.TestLogger.dll
TpTrace Verbose: 0 : 25088, 5, 2024/01/07, 20:17:03.088, 11419856290069, vstest.console.dll, TestPluginCache.GetExtensionPaths: Added unfilterableExtensionPaths: 
TpTrace Verbose: 0 : 25088, 5, 2024/01/07, 20:17:03.090, 11419856308654, vstest.console.dll, TestRequestSender.InitializeExecution: Sending initialize execution with message: {"Version":7,"MessageType":"TestExecution.Initialize","Payload":["C:\\Users\\weron\\source\\repos\\Accounting_file_archiving_system\\Accounting_file_achiving_system_tests\\bin\\Debug\\net8.0\\fine-code-coverage\\build-output\\NUnit3.TestAdapter.dll"]}
TpTrace Verbose: 0 : 25088, 5, 2024/01/07, 20:17:03.090, 11419856309585, vstest.console.dll, ParallelProxyExecutionManager.StartTestRunOnConcurrentManager: Execution starting. Started clients: 1
TpTrace Verbose: 0 : 25088, 5, 2024/01/07, 20:17:03.090, 11419856311317, vstest.console.dll, TestRunRequest:SendTestRunMessage: Starting.
TpTrace Verbose: 0 : 25088, 5, 2024/01/07, 20:17:03.090, 11419856312396, vstest.console.dll, MulticastDelegateUtilities.SafeInvoke: TestRun.LogMessages: Invoking callback 1/1 for Microsoft.VisualStudio.TestPlatform.CommandLine.TestRunResultAggregator., took 0 ms.
TpTrace Information: 0 : 25088, 5, 2024/01/07, 20:17:03.090, 11419856312679, vstest.console.dll, TestRunRequest:SendTestRunMessage: Completed.
TpTrace Verbose: 0 : 25088, 4, 2024/01/07, 20:17:03.090, 11419856313794, vstest.console.dll, MulticastDelegateUtilities.SafeInvoke: InternalTestLoggerEvents.SendTestRunMessage: Invoking callback 1/1 for Microsoft.VisualStudio.TestPlatform.CommandLine.Internal.ConsoleLogger., took 0 ms.
TpTrace Warning: 0 : 25088, 5, 2024/01/07, 20:17:03.090, 11419856315118, vstest.console.dll, InferRunSettingsHelper.MakeRunsettingsCompatible: Removing the following settings: TargetPlatform from RunSettings file. To use those settings please move to latest version of Microsoft.NET.Test.Sdk
TpTrace Verbose: 0 : 25088, 14, 2024/01/07, 20:17:03.090, 11419856317157, vstest.console.dll, TcpClientExtensions.MessageLoopAsync: NotifyDataAvailable remoteEndPoint: 127.0.0.1:55748 localEndPoint: 127.0.0.1:55747
TpTrace Verbose: 0 : 25088, 14, 2024/01/07, 20:17:03.091, 11419856319897, vstest.console.dll, TestRequestSender.OnExecutionMessageReceived: Received message: {"Version":7,"MessageType":"TestSession.Message","Payload":{"MessageLevel":0,"Message":"Logging TestHost Diagnostics in file: C:\\Users\\weron\\source\\repos\\Accounting_file_archiving_system\\Accounting_file_achiving_system_tests\\bin\\Debug\\net8.0\\fine-code-coverage\\coverage-tool-output\\diagnostics.host.24-01-07_20-17-02_86065_5.log"}}
TpTrace Verbose: 0 : 25088, 14, 2024/01/07, 20:17:03.093, 11419856338698, vstest.console.dll, TestRunRequest:SendTestRunMessage: Starting.
TpTrace Verbose: 0 : 25088, 14, 2024/01/07, 20:17:03.093, 11419856340060, vstest.console.dll, MulticastDelegateUtilities.SafeInvoke: TestRun.LogMessages: Invoking callback 1/1 for Microsoft.VisualStudio.TestPlatform.CommandLine.TestRunResultAggregator., took 0 ms.
TpTrace Verbose: 0 : 25088, 4, 2024/01/07, 20:17:03.093, 11419856340195, vstest.console.dll, MulticastDelegateUtilities.SafeInvoke: InternalTestLoggerEvents.SendTestRunMessage: Invoking callback 1/1 for Microsoft.VisualStudio.TestPlatform.CommandLine.Internal.ConsoleLogger., took 0 ms.
TpTrace Information: 0 : 25088, 14, 2024/01/07, 20:17:03.093, 11419856340910, vstest.console.dll, TestRunRequest:SendTestRunMessage: Completed.
TpTrace Verbose: 0 : 25088, 14, 2024/01/07, 20:17:03.093, 11419856341338, vstest.console.dll, MulticastDelegateUtilities.SafeInvoke: LengthPrefixCommunicationChannel: MessageReceived: Invoking callback 1/1 for Microsoft.VisualStudio.TestPlatform.CommunicationUtilities.TestRequestSender+<>c__DisplayClass34_0., took 2 ms.
TpTrace Verbose: 0 : 25088, 14, 2024/01/07, 20:17:03.093, 11419856341596, vstest.console.dll, TcpClientExtensions.MessageLoopAsync: Polling on remoteEndPoint: 127.0.0.1:55748 localEndPoint: 127.0.0.1:55747
TpTrace Verbose: 0 : 25088, 5, 2024/01/07, 20:17:03.094, 11419856355007, vstest.console.dll, TestRequestSender.StartTestRun: Sending test run with message: {"Version":7,"MessageType":"TestExecution.StartWithSources","Payload":{"AdapterSourceMap":{"_none_":["C:\\Users\\weron\\source\\repos\\Accounting_file_archiving_system\\Accounting_file_achiving_system_tests\\bin\\Debug\\net8.0\\fine-code-coverage\\build-output\\Accounting_file_achiving_system_tests.dll"]},"RunSettings":"<RunSettings>\r\n  <RunConfiguration>\r\n    <ResultsDirectory>C:\\Users\\weron\\source\\repos\\Accounting_file_archiving_system\\Accounting_file_achiving_system_tests\\bin\\Debug\\net8.0\\fine-code-coverage\\coverage-tool-output</ResultsDirectory>\r\n    <TargetFrameworkVersion>.NETCoreApp,Version=v8.0</TargetFrameworkVersion>\r\n    <DesignMode>False</DesignMode>\r\n    <CollectSourceInformation>False</CollectSourceInformation>\r\n  </RunConfiguration>\r\n  <LoggerRunSettings>\r\n    <Loggers>\r\n      <Logger friendlyName=\"blame\" enabled=\"True\" />\r\n      <Logger friendlyName=\"Console\" uri=\"logger://microsoft/TestPlatform/ConsoleLogger/v1\" assemblyQualifiedName=\"Microsoft.VisualStudio.TestPlatform.CommandLine.Internal.ConsoleLogger, vstest.console, Version=15.0.0.0, Culture=neutral, PublicKeyToken=b03f5f7f11d50a3a\" codeBase=\"C:\\Program Files\\dotnet\\sdk\\8.0.100\\vstest.console.dll\" enabled=\"True\" />\r\n    </Loggers>\r\n  </LoggerRunSettings>\r\n  <DataCollectionRunSettings>\r\n    <DataCollectors>\r\n      <DataCollector friendlyName=\"blame\" enabled=\"True\">\r\n        <Configuration>\r\n          <ResultsDirectory>C:\\Users\\weron\\source\\repos\\Accounting_file_archiving_system\\Accounting_file_achiving_system_tests\\bin\\Debug\\net8.0\\fine-code-coverage\\coverage-tool-output</ResultsDirectory>\r\n        </Configuration>\r\n      </DataCollector>\r\n    </DataCollectors>\r\n  </DataCollectionRunSettings>\r\n</RunSettings>","TestExecutionContext":{"FrequencyOfRunStatsChangeEvent":10,"RunStatsChangeEventTimeout":"00:00:01.5000000","InIsolation":false,"KeepAlive":false,"AreTestCaseLevelEventsRequired":false,"IsDebug":false,"TestCaseFilter":null,"FilterOptions":null},"Package":null}}
TpTrace Verbose: 0 : 25088, 5, 2024/01/07, 20:17:03.094, 11419856355942, vstest.console.dll, ParallelProxyExecutionManager.StartTestRunOnConcurrentManager: Execution started. Started clients: 1
TpTrace Verbose: 0 : 25088, 14, 2024/01/07, 20:17:03.182, 11419857227771, vstest.console.dll, TcpClientExtensions.MessageLoopAsync: NotifyDataAvailable remoteEndPoint: 127.0.0.1:55748 localEndPoint: 127.0.0.1:55747
TpTrace Verbose: 0 : 25088, 14, 2024/01/07, 20:17:03.182, 11419857229324, vstest.console.dll, TestRequestSender.OnExecutionMessageReceived: Received message: {"Version":7,"MessageType":"TestSession.Message","Payload":{"MessageLevel":0,"Message":"NUnit Adapter 4.2.0.0: Test execution started"}}
TpTrace Verbose: 0 : 25088, 14, 2024/01/07, 20:17:03.182, 11419857231216, vstest.console.dll, TestRunRequest:SendTestRunMessage: Starting.
TpTrace Verbose: 0 : 25088, 14, 2024/01/07, 20:17:03.182, 11419857231829, vstest.console.dll, MulticastDelegateUtilities.SafeInvoke: TestRun.LogMessages: Invoking callback 1/1 for Microsoft.VisualStudio.TestPlatform.CommandLine.TestRunResultAggregator., took 0 ms.
TpTrace Information: 0 : 25088, 14, 2024/01/07, 20:17:03.182, 11419857232089, vstest.console.dll, TestRunRequest:SendTestRunMessage: Completed.
TpTrace Verbose: 0 : 25088, 4, 2024/01/07, 20:17:03.182, 11419857232054, vstest.console.dll, MulticastDelegateUtilities.SafeInvoke: InternalTestLoggerEvents.SendTestRunMessage: Invoking callback 1/1 for Microsoft.VisualStudio.TestPlatform.CommandLine.Internal.ConsoleLogger., took 0 ms.
TpTrace Verbose: 0 : 25088, 14, 2024/01/07, 20:17:03.182, 11419857232326, vstest.console.dll, MulticastDelegateUtilities.SafeInvoke: LengthPrefixCommunicationChannel: MessageReceived: Invoking callback 1/1 for Microsoft.VisualStudio.TestPlatform.CommunicationUtilities.TestRequestSender+<>c__DisplayClass34_0., took 0 ms.
TpTrace Verbose: 0 : 25088, 14, 2024/01/07, 20:17:03.182, 11419857233189, vstest.console.dll, TcpClientExtensions.MessageLoopAsync: Polling on remoteEndPoint: 127.0.0.1:55748 localEndPoint: 127.0.0.1:55747
TpTrace Verbose: 0 : 25088, 14, 2024/01/07, 20:17:03.196, 11419857367692, vstest.console.dll, TcpClientExtensions.MessageLoopAsync: NotifyDataAvailable remoteEndPoint: 127.0.0.1:55748 localEndPoint: 127.0.0.1:55747
TpTrace Verbose: 0 : 25088, 14, 2024/01/07, 20:17:03.196, 11419857368862, vstest.console.dll, TestRequestSender.OnExecutionMessageReceived: Received message: {"Version":7,"MessageType":"TestSession.Message","Payload":{"MessageLevel":0,"Message":"Running all tests in C:\\Users\\weron\\source\\repos\\Accounting_file_archiving_system\\Accounting_file_achiving_system_tests\\bin\\Debug\\net8.0\\fine-code-coverage\\build-output\\Accounting_file_achiving_system_tests.dll"}}
TpTrace Verbose: 0 : 25088, 14, 2024/01/07, 20:17:03.196, 11419857369961, vstest.console.dll, TestRunRequest:SendTestRunMessage: Starting.
TpTrace Verbose: 0 : 25088, 14, 2024/01/07, 20:17:03.196, 11419857370502, vstest.console.dll, MulticastDelegateUtilities.SafeInvoke: TestRun.LogMessages: Invoking callback 1/1 for Microsoft.VisualStudio.TestPlatform.CommandLine.TestRunResultAggregator., took 0 ms.
TpTrace Information: 0 : 25088, 14, 2024/01/07, 20:17:03.196, 11419857370782, vstest.console.dll, TestRunRequest:SendTestRunMessage: Completed.
TpTrace Verbose: 0 : 25088, 4, 2024/01/07, 20:17:03.196, 11419857370751, vstest.console.dll, MulticastDelegateUtilities.SafeInvoke: InternalTestLoggerEvents.SendTestRunMessage: Invoking callback 1/1 for Microsoft.VisualStudio.TestPlatform.CommandLine.Internal.ConsoleLogger., took 0 ms.
TpTrace Verbose: 0 : 25088, 14, 2024/01/07, 20:17:03.196, 11419857371067, vstest.console.dll, MulticastDelegateUtilities.SafeInvoke: LengthPrefixCommunicationChannel: MessageReceived: Invoking callback 1/1 for Microsoft.VisualStudio.TestPlatform.CommunicationUtilities.TestRequestSender+<>c__DisplayClass34_0., took 0 ms.
TpTrace Verbose: 0 : 25088, 14, 2024/01/07, 20:17:03.196, 11419857371954, vstest.console.dll, TcpClientExtensions.MessageLoopAsync: Polling on remoteEndPoint: 127.0.0.1:55748 localEndPoint: 127.0.0.1:55747
TpTrace Verbose: 0 : 25088, 14, 2024/01/07, 20:17:03.268, 11419858094799, vstest.console.dll, TcpClientExtensions.MessageLoopAsync: NotifyDataAvailable remoteEndPoint: 127.0.0.1:55748 localEndPoint: 127.0.0.1:55747
TpTrace Verbose: 0 : 25088, 14, 2024/01/07, 20:17:03.268, 11419858096227, vstest.console.dll, TestRequestSender.OnExecutionMessageReceived: Received message: {"Version":7,"MessageType":"TestSession.Message","Payload":{"MessageLevel":0,"Message":"   NUnit3TestExecutor discovered 25 of 25 NUnit test cases using Current Discovery mode, Non-Explicit run"}}
TpTrace Verbose: 0 : 25088, 14, 2024/01/07, 20:17:03.269, 11419858097448, vstest.console.dll, TestRunRequest:SendTestRunMessage: Starting.
TpTrace Verbose: 0 : 25088, 14, 2024/01/07, 20:17:03.269, 11419858097967, vstest.console.dll, MulticastDelegateUtilities.SafeInvoke: TestRun.LogMessages: Invoking callback 1/1 for Microsoft.VisualStudio.TestPlatform.CommandLine.TestRunResultAggregator., took 0 ms.
TpTrace Information: 0 : 25088, 14, 2024/01/07, 20:17:03.269, 11419858098209, vstest.console.dll, TestRunRequest:SendTestRunMessage: Completed.
TpTrace Verbose: 0 : 25088, 4, 2024/01/07, 20:17:03.269, 11419858098262, vstest.console.dll, MulticastDelegateUtilities.SafeInvoke: InternalTestLoggerEvents.SendTestRunMessage: Invoking callback 1/1 for Microsoft.VisualStudio.TestPlatform.CommandLine.Internal.ConsoleLogger., took 0 ms.
TpTrace Verbose: 0 : 25088, 14, 2024/01/07, 20:17:03.269, 11419858098420, vstest.console.dll, MulticastDelegateUtilities.SafeInvoke: LengthPrefixCommunicationChannel: MessageReceived: Invoking callback 1/1 for Microsoft.VisualStudio.TestPlatform.CommunicationUtilities.TestRequestSender+<>c__DisplayClass34_0., took 0 ms.
TpTrace Verbose: 0 : 25088, 14, 2024/01/07, 20:17:03.269, 11419858099234, vstest.console.dll, TcpClientExtensions.MessageLoopAsync: Polling on remoteEndPoint: 127.0.0.1:55748 localEndPoint: 127.0.0.1:55747
TpTrace Verbose: 0 : 25088, 14, 2024/01/07, 20:17:03.321, 11419858619806, vstest.console.dll, TcpClientExtensions.MessageLoopAsync: NotifyDataAvailable remoteEndPoint: 127.0.0.1:55748 localEndPoint: 127.0.0.1:55747
TpTrace Verbose: 0 : 25088, 14, 2024/01/07, 20:17:03.321, 11419858621236, vstest.console.dll, TestRequestSender.OnExecutionMessageReceived: Received message: {"Version":7,"MessageType":"TestSession.Message","Payload":{"MessageLevel":1,"Message":"Invoice with ID 1 added successfully with 'New' status.\r\nInvoice with ID 1 approved successfully.\r\n"}}
TpTrace Verbose: 0 : 25088, 14, 2024/01/07, 20:17:03.321, 11419858622445, vstest.console.dll, TestRunRequest:SendTestRunMessage: Starting.
TpTrace Verbose: 0 : 25088, 14, 2024/01/07, 20:17:03.321, 11419858622942, vstest.console.dll, MulticastDelegateUtilities.SafeInvoke: TestRun.LogMessages: Invoking callback 1/1 for Microsoft.VisualStudio.TestPlatform.CommandLine.TestRunResultAggregator., took 0 ms.
TpTrace Information: 0 : 25088, 14, 2024/01/07, 20:17:03.321, 11419858623183, vstest.console.dll, TestRunRequest:SendTestRunMessage: Completed.
TpTrace Verbose: 0 : 25088, 14, 2024/01/07, 20:17:03.321, 11419858623389, vstest.console.dll, MulticastDelegateUtilities.SafeInvoke: LengthPrefixCommunicationChannel: MessageReceived: Invoking callback 1/1 for Microsoft.VisualStudio.TestPlatform.CommunicationUtilities.TestRequestSender+<>c__DisplayClass34_0., took 0 ms.
TpTrace Verbose: 0 : 25088, 14, 2024/01/07, 20:17:03.321, 11419858623660, vstest.console.dll, TcpClientExtensions.MessageLoopAsync: Polling on remoteEndPoint: 127.0.0.1:55748 localEndPoint: 127.0.0.1:55747
TpTrace Verbose: 0 : 25088, 4, 2024/01/07, 20:17:03.321, 11419858624088, vstest.console.dll, MulticastDelegateUtilities.SafeInvoke: InternalTestLoggerEvents.SendTestRunMessage: Invoking callback 1/1 for Microsoft.VisualStudio.TestPlatform.CommandLine.Internal.ConsoleLogger., took 0 ms.
TpTrace Verbose: 0 : 25088, 14, 2024/01/07, 20:17:03.332, 11419858730615, vstest.console.dll, TcpClientExtensions.MessageLoopAsync: NotifyDataAvailable remoteEndPoint: 127.0.0.1:55748 localEndPoint: 127.0.0.1:55747
TpTrace Verbose: 0 : 25088, 14, 2024/01/07, 20:17:03.332, 11419858731627, vstest.console.dll, TestRequestSender.OnExecutionMessageReceived: Received message: {"Version":7,"MessageType":"TestSession.Message","Payload":{"MessageLevel":1,"Message":"Invoice with ID 1 added successfully with 'New' status.\r\nError: User with ID 2 not found or is not a Business Administrator.\r\n"}}
TpTrace Verbose: 0 : 25088, 14, 2024/01/07, 20:17:03.332, 11419858732675, vstest.console.dll, TestRunRequest:SendTestRunMessage: Starting.
TpTrace Verbose: 0 : 25088, 14, 2024/01/07, 20:17:03.332, 11419858733142, vstest.console.dll, MulticastDelegateUtilities.SafeInvoke: TestRun.LogMessages: Invoking callback 1/1 for Microsoft.VisualStudio.TestPlatform.CommandLine.TestRunResultAggregator., took 0 ms.
TpTrace Information: 0 : 25088, 14, 2024/01/07, 20:17:03.332, 11419858733392, vstest.console.dll, TestRunRequest:SendTestRunMessage: Completed.
TpTrace Verbose: 0 : 25088, 14, 2024/01/07, 20:17:03.332, 11419858733653, vstest.console.dll, MulticastDelegateUtilities.SafeInvoke: LengthPrefixCommunicationChannel: MessageReceived: Invoking callback 1/1 for Microsoft.VisualStudio.TestPlatform.CommunicationUtilities.TestRequestSender+<>c__DisplayClass34_0., took 0 ms.
TpTrace Verbose: 0 : 25088, 14, 2024/01/07, 20:17:03.332, 11419858733881, vstest.console.dll, TcpClientExtensions.MessageLoopAsync: Polling on remoteEndPoint: 127.0.0.1:55748 localEndPoint: 127.0.0.1:55747
TpTrace Verbose: 0 : 25088, 4, 2024/01/07, 20:17:03.332, 11419858733861, vstest.console.dll, MulticastDelegateUtilities.SafeInvoke: InternalTestLoggerEvents.SendTestRunMessage: Invoking callback 1/1 for Microsoft.VisualStudio.TestPlatform.CommandLine.Internal.ConsoleLogger., took 0 ms.
TpTrace Verbose: 0 : 25088, 14, 2024/01/07, 20:17:03.335, 11419858759594, vstest.console.dll, TcpClientExtensions.MessageLoopAsync: NotifyDataAvailable remoteEndPoint: 127.0.0.1:55748 localEndPoint: 127.0.0.1:55747
TpTrace Verbose: 0 : 25088, 14, 2024/01/07, 20:17:03.335, 11419858760521, vstest.console.dll, TestRequestSender.OnExecutionMessageReceived: Received message: {"Version":7,"MessageType":"TestSession.Message","Payload":{"MessageLevel":1,"Message":"Invoice with ID 1 added successfully with 'New' status.\r\nInvoice with ID 1 archived successfully.\r\n"}}
TpTrace Verbose: 0 : 25088, 14, 2024/01/07, 20:17:03.335, 11419858761343, vstest.console.dll, TestRunRequest:SendTestRunMessage: Starting.
TpTrace Verbose: 0 : 25088, 14, 2024/01/07, 20:17:03.335, 11419858761736, vstest.console.dll, MulticastDelegateUtilities.SafeInvoke: TestRun.LogMessages: Invoking callback 1/1 for Microsoft.VisualStudio.TestPlatform.CommandLine.TestRunResultAggregator., took 0 ms.
TpTrace Information: 0 : 25088, 14, 2024/01/07, 20:17:03.335, 11419858762175, vstest.console.dll, TestRunRequest:SendTestRunMessage: Completed.
TpTrace Verbose: 0 : 25088, 14, 2024/01/07, 20:17:03.335, 11419858762380, vstest.console.dll, MulticastDelegateUtilities.SafeInvoke: LengthPrefixCommunicationChannel: MessageReceived: Invoking callback 1/1 for Microsoft.VisualStudio.TestPlatform.CommunicationUtilities.TestRequestSender+<>c__DisplayClass34_0., took 0 ms.
TpTrace Verbose: 0 : 25088, 4, 2024/01/07, 20:17:03.335, 11419858762373, vstest.console.dll, MulticastDelegateUtilities.SafeInvoke: InternalTestLoggerEvents.SendTestRunMessage: Invoking callback 1/1 for Microsoft.VisualStudio.TestPlatform.CommandLine.Internal.ConsoleLogger., took 0 ms.
TpTrace Verbose: 0 : 25088, 14, 2024/01/07, 20:17:03.335, 11419858762620, vstest.console.dll, TcpClientExtensions.MessageLoopAsync: Polling on remoteEndPoint: 127.0.0.1:55748 localEndPoint: 127.0.0.1:55747
TpTrace Verbose: 0 : 25088, 14, 2024/01/07, 20:17:03.337, 11419858780995, vstest.console.dll, TcpClientExtensions.MessageLoopAsync: NotifyDataAvailable remoteEndPoint: 127.0.0.1:55748 localEndPoint: 127.0.0.1:55747
TpTrace Verbose: 0 : 25088, 14, 2024/01/07, 20:17:03.337, 11419858781755, vstest.console.dll, TestRequestSender.OnExecutionMessageReceived: Received message: {"Version":7,"MessageType":"TestSession.Message","Payload":{"MessageLevel":1,"Message":"Invoice with ID 1 added successfully with 'New' status.\r\nError: User with ID 2 not found or is not a Bussiness Administrator.\r\n"}}
TpTrace Verbose: 0 : 25088, 14, 2024/01/07, 20:17:03.337, 11419858782390, vstest.console.dll, TestRunRequest:SendTestRunMessage: Starting.
TpTrace Verbose: 0 : 25088, 14, 2024/01/07, 20:17:03.337, 11419858782769, vstest.console.dll, MulticastDelegateUtilities.SafeInvoke: TestRun.LogMessages: Invoking callback 1/1 for Microsoft.VisualStudio.TestPlatform.CommandLine.TestRunResultAggregator., took 0 ms.
TpTrace Information: 0 : 25088, 14, 2024/01/07, 20:17:03.337, 11419858783011, vstest.console.dll, TestRunRequest:SendTestRunMessage: Completed.
TpTrace Verbose: 0 : 25088, 4, 2024/01/07, 20:17:03.337, 11419858783167, vstest.console.dll, MulticastDelegateUtilities.SafeInvoke: InternalTestLoggerEvents.SendTestRunMessage: Invoking callback 1/1 for Microsoft.VisualStudio.TestPlatform.CommandLine.Internal.ConsoleLogger., took 0 ms.
TpTrace Verbose: 0 : 25088, 14, 2024/01/07, 20:17:03.337, 11419858783229, vstest.console.dll, MulticastDelegateUtilities.SafeInvoke: LengthPrefixCommunicationChannel: MessageReceived: Invoking callback 1/1 for Microsoft.VisualStudio.TestPlatform.CommunicationUtilities.TestRequestSender+<>c__DisplayClass34_0., took 0 ms.
TpTrace Verbose: 0 : 25088, 14, 2024/01/07, 20:17:03.337, 11419858783895, vstest.console.dll, TcpClientExtensions.MessageLoopAsync: Polling on remoteEndPoint: 127.0.0.1:55748 localEndPoint: 127.0.0.1:55747
TpTrace Verbose: 0 : 25088, 14, 2024/01/07, 20:17:03.339, 11419858802433, vstest.console.dll, TcpClientExtensions.MessageLoopAsync: NotifyDataAvailable remoteEndPoint: 127.0.0.1:55748 localEndPoint: 127.0.0.1:55747
TpTrace Verbose: 0 : 25088, 14, 2024/01/07, 20:17:03.339, 11419858802995, vstest.console.dll, TestRequestSender.OnExecutionMessageReceived: Received message: {"Version":7,"MessageType":"TestSession.Message","Payload":{"MessageLevel":1,"Message":"Invoice with ID 1 added successfully with 'New' status.\r\nError: 'Edited' status not found.\r\n"}}
TpTrace Verbose: 0 : 25088, 14, 2024/01/07, 20:17:03.339, 11419858803627, vstest.console.dll, TestRunRequest:SendTestRunMessage: Starting.
TpTrace Verbose: 0 : 25088, 14, 2024/01/07, 20:17:03.339, 11419858804053, vstest.console.dll, MulticastDelegateUtilities.SafeInvoke: TestRun.LogMessages: Invoking callback 1/1 for Microsoft.VisualStudio.TestPlatform.CommandLine.TestRunResultAggregator., took 0 ms.
TpTrace Information: 0 : 25088, 14, 2024/01/07, 20:17:03.339, 11419858804280, vstest.console.dll, TestRunRequest:SendTestRunMessage: Completed.
TpTrace Verbose: 0 : 25088, 4, 2024/01/07, 20:17:03.339, 11419858804420, vstest.console.dll, MulticastDelegateUtilities.SafeInvoke: InternalTestLoggerEvents.SendTestRunMessage: Invoking callback 1/1 for Microsoft.VisualStudio.TestPlatform.CommandLine.Internal.ConsoleLogger., took 0 ms.
TpTrace Verbose: 0 : 25088, 14, 2024/01/07, 20:17:03.339, 11419858804482, vstest.console.dll, MulticastDelegateUtilities.SafeInvoke: LengthPrefixCommunicationChannel: MessageReceived: Invoking callback 1/1 for Microsoft.VisualStudio.TestPlatform.CommunicationUtilities.TestRequestSender+<>c__DisplayClass34_0., took 0 ms.
TpTrace Verbose: 0 : 25088, 14, 2024/01/07, 20:17:03.339, 11419858805522, vstest.console.dll, TcpClientExtensions.MessageLoopAsync: Polling on remoteEndPoint: 127.0.0.1:55748 localEndPoint: 127.0.0.1:55747
TpTrace Verbose: 0 : 25088, 14, 2024/01/07, 20:17:03.341, 11419858820602, vstest.console.dll, TcpClientExtensions.MessageLoopAsync: NotifyDataAvailable remoteEndPoint: 127.0.0.1:55748 localEndPoint: 127.0.0.1:55747
TpTrace Verbose: 0 : 25088, 14, 2024/01/07, 20:17:03.341, 11419858821305, vstest.console.dll, TestRequestSender.OnExecutionMessageReceived: Received message: {"Version":7,"MessageType":"TestSession.Message","Payload":{"MessageLevel":1,"Message":"Invoice with ID 1 added successfully with 'New' status.\r\nError: 'Edited' status not found.\r\n"}}
TpTrace Verbose: 0 : 25088, 14, 2024/01/07, 20:17:03.341, 11419858821995, vstest.console.dll, TestRunRequest:SendTestRunMessage: Starting.
TpTrace Verbose: 0 : 25088, 14, 2024/01/07, 20:17:03.341, 11419858822384, vstest.console.dll, MulticastDelegateUtilities.SafeInvoke: TestRun.LogMessages: Invoking callback 1/1 for Microsoft.VisualStudio.TestPlatform.CommandLine.TestRunResultAggregator., took 0 ms.
TpTrace Information: 0 : 25088, 14, 2024/01/07, 20:17:03.341, 11419858822716, vstest.console.dll, TestRunRequest:SendTestRunMessage: Completed.
TpTrace Verbose: 0 : 25088, 4, 2024/01/07, 20:17:03.341, 11419858822924, vstest.console.dll, MulticastDelegateUtilities.SafeInvoke: InternalTestLoggerEvents.SendTestRunMessage: Invoking callback 1/1 for Microsoft.VisualStudio.TestPlatform.CommandLine.Internal.ConsoleLogger., took 0 ms.
TpTrace Verbose: 0 : 25088, 14, 2024/01/07, 20:17:03.341, 11419858822932, vstest.console.dll, MulticastDelegateUtilities.SafeInvoke: LengthPrefixCommunicationChannel: MessageReceived: Invoking callback 1/1 for Microsoft.VisualStudio.TestPlatform.CommunicationUtilities.TestRequestSender+<>c__DisplayClass34_0., took 0 ms.
TpTrace Verbose: 0 : 25088, 14, 2024/01/07, 20:17:03.341, 11419858824161, vstest.console.dll, TcpClientExtensions.MessageLoopAsync: Polling on remoteEndPoint: 127.0.0.1:55748 localEndPoint: 127.0.0.1:55747
TpTrace Verbose: 0 : 25088, 14, 2024/01/07, 20:17:03.343, 11419858838257, vstest.console.dll, TcpClientExtensions.MessageLoopAsync: NotifyDataAvailable remoteEndPoint: 127.0.0.1:55748 localEndPoint: 127.0.0.1:55747
TpTrace Verbose: 0 : 25088, 14, 2024/01/07, 20:17:03.343, 11419858838891, vstest.console.dll, TestRequestSender.OnExecutionMessageReceived: Received message: {"Version":7,"MessageType":"TestSession.Message","Payload":{"MessageLevel":1,"Message":"Invoice with ID 1 added successfully with 'New' status.\r\nError: Invalid amount format.\r\n"}}
TpTrace Verbose: 0 : 25088, 14, 2024/01/07, 20:17:03.343, 11419858839536, vstest.console.dll, TestRunRequest:SendTestRunMessage: Starting.
TpTrace Verbose: 0 : 25088, 14, 2024/01/07, 20:17:03.343, 11419858839910, vstest.console.dll, MulticastDelegateUtilities.SafeInvoke: TestRun.LogMessages: Invoking callback 1/1 for Microsoft.VisualStudio.TestPlatform.CommandLine.TestRunResultAggregator., took 0 ms.
TpTrace Information: 0 : 25088, 14, 2024/01/07, 20:17:03.343, 11419858840167, vstest.console.dll, TestRunRequest:SendTestRunMessage: Completed.
TpTrace Verbose: 0 : 25088, 4, 2024/01/07, 20:17:03.343, 11419858840453, vstest.console.dll, MulticastDelegateUtilities.SafeInvoke: InternalTestLoggerEvents.SendTestRunMessage: Invoking callback 1/1 for Microsoft.VisualStudio.TestPlatform.CommandLine.Internal.ConsoleLogger., took 0 ms.
TpTrace Verbose: 0 : 25088, 14, 2024/01/07, 20:17:03.343, 11419858840502, vstest.console.dll, MulticastDelegateUtilities.SafeInvoke: LengthPrefixCommunicationChannel: MessageReceived: Invoking callback 1/1 for Microsoft.VisualStudio.TestPlatform.CommunicationUtilities.TestRequestSender+<>c__DisplayClass34_0., took 0 ms.
TpTrace Verbose: 0 : 25088, 14, 2024/01/07, 20:17:03.343, 11419858841548, vstest.console.dll, TcpClientExtensions.MessageLoopAsync: Polling on remoteEndPoint: 127.0.0.1:55748 localEndPoint: 127.0.0.1:55747
TpTrace Verbose: 0 : 25088, 14, 2024/01/07, 20:17:03.344, 11419858856883, vstest.console.dll, TcpClientExtensions.MessageLoopAsync: NotifyDataAvailable remoteEndPoint: 127.0.0.1:55748 localEndPoint: 127.0.0.1:55747
TpTrace Verbose: 0 : 25088, 14, 2024/01/07, 20:17:03.345, 11419858857534, vstest.console.dll, TestRequestSender.OnExecutionMessageReceived: Received message: {"Version":7,"MessageType":"TestSession.Message","Payload":{"MessageLevel":1,"Message":"Invoice with ID 1 added successfully with 'New' status.\r\nError: Invalid amount format.\r\n"}}
TpTrace Verbose: 0 : 25088, 14, 2024/01/07, 20:17:03.345, 11419858858169, vstest.console.dll, TestRunRequest:SendTestRunMessage: Starting.
TpTrace Verbose: 0 : 25088, 14, 2024/01/07, 20:17:03.345, 11419858858534, vstest.console.dll, MulticastDelegateUtilities.SafeInvoke: TestRun.LogMessages: Invoking callback 1/1 for Microsoft.VisualStudio.TestPlatform.CommandLine.TestRunResultAggregator., took 0 ms.
TpTrace Information: 0 : 25088, 14, 2024/01/07, 20:17:03.345, 11419858858797, vstest.console.dll, TestRunRequest:SendTestRunMessage: Completed.
TpTrace Verbose: 0 : 25088, 4, 2024/01/07, 20:17:03.345, 11419858858911, vstest.console.dll, MulticastDelegateUtilities.SafeInvoke: InternalTestLoggerEvents.SendTestRunMessage: Invoking callback 1/1 for Microsoft.VisualStudio.TestPlatform.CommandLine.Internal.ConsoleLogger., took 0 ms.
TpTrace Verbose: 0 : 25088, 14, 2024/01/07, 20:17:03.345, 11419858858994, vstest.console.dll, MulticastDelegateUtilities.SafeInvoke: LengthPrefixCommunicationChannel: MessageReceived: Invoking callback 1/1 for Microsoft.VisualStudio.TestPlatform.CommunicationUtilities.TestRequestSender+<>c__DisplayClass34_0., took 0 ms.
TpTrace Verbose: 0 : 25088, 14, 2024/01/07, 20:17:03.345, 11419858859729, vstest.console.dll, TcpClientExtensions.MessageLoopAsync: Polling on remoteEndPoint: 127.0.0.1:55748 localEndPoint: 127.0.0.1:55747
TpTrace Verbose: 0 : 25088, 14, 2024/01/07, 20:17:03.346, 11419858873236, vstest.console.dll, TcpClientExtensions.MessageLoopAsync: NotifyDataAvailable remoteEndPoint: 127.0.0.1:55748 localEndPoint: 127.0.0.1:55747
TpTrace Verbose: 0 : 25088, 14, 2024/01/07, 20:17:03.346, 11419858873838, vstest.console.dll, TestRequestSender.OnExecutionMessageReceived: Received message: {"Version":7,"MessageType":"TestSession.Message","Payload":{"MessageLevel":1,"Message":"Invoice with ID 1 added successfully with 'New' status.\r\nError: User with ID 1 not found or does not have permission to edit.\r\n"}}
TpTrace Verbose: 0 : 25088, 14, 2024/01/07, 20:17:03.346, 11419858874335, vstest.console.dll, TestRunRequest:SendTestRunMessage: Starting.
TpTrace Verbose: 0 : 25088, 14, 2024/01/07, 20:17:03.346, 11419858874656, vstest.console.dll, MulticastDelegateUtilities.SafeInvoke: TestRun.LogMessages: Invoking callback 1/1 for Microsoft.VisualStudio.TestPlatform.CommandLine.TestRunResultAggregator., took 0 ms.
TpTrace Information: 0 : 25088, 14, 2024/01/07, 20:17:03.346, 11419858874838, vstest.console.dll, TestRunRequest:SendTestRunMessage: Completed.
TpTrace Verbose: 0 : 25088, 14, 2024/01/07, 20:17:03.346, 11419858874995, vstest.console.dll, MulticastDelegateUtilities.SafeInvoke: LengthPrefixCommunicationChannel: MessageReceived: Invoking callback 1/1 for Microsoft.VisualStudio.TestPlatform.CommunicationUtilities.TestRequestSender+<>c__DisplayClass34_0., took 0 ms.
TpTrace Verbose: 0 : 25088, 4, 2024/01/07, 20:17:03.346, 11419858875108, vstest.console.dll, MulticastDelegateUtilities.SafeInvoke: InternalTestLoggerEvents.SendTestRunMessage: Invoking callback 1/1 for Microsoft.VisualStudio.TestPlatform.CommandLine.Internal.ConsoleLogger., took 0 ms.
TpTrace Verbose: 0 : 25088, 14, 2024/01/07, 20:17:03.346, 11419858875164, vstest.console.dll, TcpClientExtensions.MessageLoopAsync: Polling on remoteEndPoint: 127.0.0.1:55748 localEndPoint: 127.0.0.1:55747
TpTrace Verbose: 0 : 25088, 14, 2024/01/07, 20:17:03.364, 11419859048883, vstest.console.dll, TcpClientExtensions.MessageLoopAsync: NotifyDataAvailable remoteEndPoint: 127.0.0.1:55748 localEndPoint: 127.0.0.1:55747
TpTrace Verbose: 0 : 25088, 14, 2024/01/07, 20:17:03.364, 11419859052444, vstest.console.dll, TestRequestSender.OnExecutionMessageReceived: Received message: {"Version":7,"MessageType":"TestExecution.StatsChange","Payload":{"NewTestResults":[{"TestCase":{"Id":"73ba804f-0dc5-a475-fd8f-9477d163530e","FullyQualifiedName":"Accounting_file_achiving_system_tests.ApproveInvoice.Approve_Invoice","DisplayName":"Approve_Invoice","ExecutorUri":"executor://NUnit3TestExecutor","Source":"C:\\Users\\weron\\source\\repos\\Accounting_file_archiving_system\\Accounting_file_achiving_system_tests\\bin\\Debug\\net8.0\\fine-code-coverage\\build-output\\Accounting_file_achiving_system_tests.dll","CodeFilePath":null,"LineNumber":0,"Properties":[{"Key":{"Id":"NUnit.Seed","Label":"Seed","Category":"","Description":"","Attributes":0,"ValueType":"System.String"},"Value":"1800710861"}]},"Attachments":[],"Outcome":1,"ErrorMessage":null,"ErrorStackTrace":null,"DisplayName":"Approve_Invoice","Messages":[{"Category":"StdOutMsgs","Text":"Invoice with ID 1 added successfully with 'New' status.\r\nInvoice with ID 1 approved successfully.\r\n"}],"ComputerName":"DESKTOP-0RFC93L","Duration":"00:00:00.0112859","StartTime":"2024-01-07T19:17:03.285315+00:00","EndTime":"2024-01-07T19:17:03.2965302+00:00","Properties":[{"Key":{"Id":"NUnit.Seed","Label":"Seed","Category":"","Description":"","Attributes":0,"ValueType":"System.String"},"Value":"1800710861"}]},{"TestCase":{"Id":"68503660-22df-d6db-ef5e-a5b4bcd34fc6","FullyQualifiedName":"Accounting_file_achiving_system_tests.ApproveInvoice.Approve_Invoice_wrang_role","DisplayName":"Approve_Invoice_wrang_role","ExecutorUri":"executor://NUnit3TestExecutor","Source":"C:\\Users\\weron\\source\\repos\\Accounting_file_archiving_system\\Accounting_file_achiving_system_tests\\bin\\Debug\\net8.0\\fine-code-coverage\\build-output\\Accounting_file_achiving_system_tests.dll","CodeFilePath":null,"LineNumber":0,"Properties":[{"Key":{"Id":"NUnit.Seed","Label":"Seed","Category":"","Description":"","Attributes":0,"ValueType":"System.String"},"Value":"144434396"}]},"Attachments":[],"Outcome":1,"ErrorMessage":null,"ErrorStackTrace":null,"DisplayName":"Approve_Invoice_wrang_role","Messages":[{"Category":"StdOutMsgs","Text":"Invoice with ID 1 added successfully with 'New' status.\r\nError: User with ID 2 not found or is not a Business Administrator.\r\n"}],"ComputerName":"DESKTOP-0RFC93L","Duration":"00:00:00.0004720","StartTime":"2024-01-07T19:17:03.2975708+00:00","EndTime":"2024-01-07T19:17:03.2980422+00:00","Properties":[{"Key":{"Id":"NUnit.Seed","Label":"Seed","Category":"","Description":"","Attributes":0,"ValueType":"System.String"},"Value":"144434396"}]},{"TestCase":{"Id":"a45d4ff1-596a-2e76-1473-7b300d9593a0","FullyQualifiedName":"Accounting_file_achiving_system_tests.ArchiveInvoic.Archive_Invoic","DisplayName":"Archive_Invoic","ExecutorUri":"executor://NUnit3TestExecutor","Source":"C:\\Users\\weron\\source\\repos\\Accounting_file_archiving_system\\Accounting_file_achiving_system_tests\\bin\\Debug\\net8.0\\fine-code-coverage\\build-output\\Accounting_file_achiving_system_tests.dll","CodeFilePath":null,"LineNumber":0,"Properties":[{"Key":{"Id":"NUnit.Seed","Label":"Seed","Category":"","Description":"","Attributes":0,"ValueType":"System.String"},"Value":"1980810226"}]},"Attachments":[],"Outcome":1,"ErrorMessage":null,"ErrorStackTrace":null,"DisplayName":"Archive_Invoic","Messages":[{"Category":"StdOutMsgs","Text":"Invoice with ID 1 added successfully with 'New' status.\r\nInvoice with ID 1 archived successfully.\r\n"}],"ComputerName":"DESKTOP-0RFC93L","Duration":"00:00:00.0007720","StartTime":"2024-01-07T19:17:03.2994752+00:00","EndTime":"2024-01-07T19:17:03.3002472+00:00","Properties":[{"Key":{"Id":"NUnit.Seed","Label":"Seed","Category":"","Description":"","Attributes":0,"ValueType":"System.String"},"Value":"1980810226"}]},{"TestCase":{"Id":"04ff5e32-bf36-e472-87e5-1d0879d96290","FullyQualifiedName":"Accounting_file_achiving_system_tests.ArchiveInvoic.Archive_Invoice_wrang_role","DisplayName":"Archive_Invoice_wrang_role","ExecutorUri":"executor://NUnit3TestExecutor","Source":"C:\\Users\\weron\\source\\repos\\Accounting_file_archiving_system\\Accounting_file_achiving_system_tests\\bin\\Debug\\net8.0\\fine-code-coverage\\build-output\\Accounting_file_achiving_system_tests.dll","CodeFilePath":null,"LineNumber":0,"Properties":[{"Key":{"Id":"NUnit.Seed","Label":"Seed","Category":"","Description":"","Attributes":0,"ValueType":"System.String"},"Value":"1742405510"}]},"Attachments":[],"Outcome":1,"ErrorMessage":null,"ErrorStackTrace":null,"DisplayName":"Archive_Invoice_wrang_role","Messages":[{"Category":"StdOutMsgs","Text":"Invoice with ID 1 added successfully with 'New' status.\r\nError: User with ID 2 not found or is not a Bussiness Administrator.\r\n"}],"ComputerName":"DESKTOP-0RFC93L","Duration":"00:00:00.0004680","StartTime":"2024-01-07T19:17:03.3002562+00:00","EndTime":"2024-01-07T19:17:03.3007238+00:00","Properties":[{"Key":{"Id":"NUnit.Seed","Label":"Seed","Category":"","Description":"","Attributes":0,"ValueType":"System.String"},"Value":"1742405510"}]},{"TestCase":{"Id":"bfe4241f-15a6-e347-a9a8-18a485be0b2b","FullyQualifiedName":"Accounting_file_achiving_system_tests.EditInvoice.Edit_Invoice_positif_path_float_value","DisplayName":"Edit_Invoice_positif_path_float_value","ExecutorUri":"executor://NUnit3TestExecutor","Source":"C:\\Users\\weron\\source\\repos\\Accounting_file_archiving_system\\Accounting_file_achiving_system_tests\\bin\\Debug\\net8.0\\fine-code-coverage\\build-output\\Accounting_file_achiving_system_tests.dll","CodeFilePath":null,"LineNumber":0,"Properties":[{"Key":{"Id":"NUnit.Seed","Label":"Seed","Category":"","Description":"","Attributes":0,"ValueType":"System.String"},"Value":"368799284"}]},"Attachments":[],"Outcome":1,"ErrorMessage":null,"ErrorStackTrace":null,"DisplayName":"Edit_Invoice_positif_path_float_value","Messages":[{"Category":"StdOutMsgs","Text":"Invoice with ID 1 added successfully with 'New' status.\r\nError: 'Edited' status not found.\r\n"}],"ComputerName":"DESKTOP-0RFC93L","Duration":"00:00:00.0019960","StartTime":"2024-01-07T19:17:03.3008122+00:00","EndTime":"2024-01-07T19:17:03.302808+00:00","Properties":[{"Key":{"Id":"NUnit.Seed","Label":"Seed","Category":"","Description":"","Attributes":0,"ValueType":"System.String"},"Value":"368799284"}]},{"TestCase":{"Id":"46c42855-4b5b-4977-2b8a-30fd9c032d87","FullyQualifiedName":"Accounting_file_achiving_system_tests.EditInvoice.Edit_Invoice_positif_path_int_value","DisplayName":"Edit_Invoice_positif_path_int_value","ExecutorUri":"executor://NUnit3TestExecutor","Source":"C:\\Users\\weron\\source\\repos\\Accounting_file_archiving_system\\Accounting_file_achiving_system_tests\\bin\\Debug\\net8.0\\fine-code-coverage\\build-output\\Accounting_file_achiving_system_tests.dll","CodeFilePath":null,"LineNumber":0,"Properties":[{"Key":{"Id":"NUnit.Seed","Label":"Seed","Category":"","Description":"","Attributes":0,"ValueType":"System.String"},"Value":"421627846"}]},"Attachments":[],"Outcome":1,"ErrorMessage":null,"ErrorStackTrace":null,"DisplayName":"Edit_Invoice_positif_path_int_value","Messages":[{"Category":"StdOutMsgs","Text":"Invoice with ID 1 added successfully with 'New' status.\r\nError: 'Edited' status not found.\r\n"}],"ComputerName":"DESKTOP-0RFC93L","Duration":"00:00:00.0003250","StartTime":"2024-01-07T19:17:03.3028172+00:00","EndTime":"2024-01-07T19:17:03.3031418+00:00","Properties":[{"Key":{"Id":"NUnit.Seed","Label":"Seed","Category":"","Description":"","Attributes":0,"ValueType":"System.String"},"Value":"421627846"}]},{"TestCase":{"Id":"6f84a30a-1268-563c-b774-e6e059635c32","FullyQualifiedName":"Accounting_file_achiving_system_tests.EditInvoice.Edit_Invoice_text_in_amount","DisplayName":"Edit_Invoice_text_in_amount","ExecutorUri":"executor://NUnit3TestExecutor","Source":"C:\\Users\\weron\\source\\repos\\Accounting_file_archiving_system\\Accounting_file_achiving_system_tests\\bin\\Debug\\net8.0\\fine-code-coverage\\build-output\\Accounting_file_achiving_system_tests.dll","CodeFilePath":null,"LineNumber":0,"Properties":[{"Key":{"Id":"NUnit.Seed","Label":"Seed","Category":"","Description":"","Attributes":0,"ValueType":"System.String"},"Value":"1877113053"}]},"Attachments":[],"Outcome":1,"ErrorMessage":null,"ErrorStackTrace":null,"DisplayName":"Edit_Invoice_text_in_amount","Messages":[{"Category":"StdOutMsgs","Text":"Invoice with ID 1 added successfully with 'New' status.\r\nError: Invalid amount format.\r\n"}],"ComputerName":"DESKTOP-0RFC93L","Duration":"00:00:00.0006290","StartTime":"2024-01-07T19:17:03.3031504+00:00","EndTime":"2024-01-07T19:17:03.3037796+00:00","Properties":[{"Key":{"Id":"NUnit.Seed","Label":"Seed","Category":"","Description":"","Attributes":0,"ValueType":"System.String"},"Value":"1877113053"}]},{"TestCase":{"Id":"003af743-44e8-2381-3f2a-499b0804b205","FullyQualifiedName":"Accounting_file_achiving_system_tests.EditInvoice.Edit_Invoice_wrang_format_of_amount","DisplayName":"Edit_Invoice_wrang_format_of_amount","ExecutorUri":"executor://NUnit3TestExecutor","Source":"C:\\Users\\weron\\source\\repos\\Accounting_file_archiving_system\\Accounting_file_achiving_system_tests\\bin\\Debug\\net8.0\\fine-code-coverage\\build-output\\Accounting_file_achiving_system_tests.dll","CodeFilePath":null,"LineNumber":0,"Properties":[{"Key":{"Id":"NUnit.Seed","Label":"Seed","Category":"","Description":"","Attributes":0,"ValueType":"System.String"},"Value":"1369137061"}]},"Attachments":[],"Outcome":1,"ErrorMessage":null,"ErrorStackTrace":null,"DisplayName":"Edit_Invoice_wrang_format_of_amount","Messages":[{"Category":"StdOutMsgs","Text":"Invoice with ID 1 added successfully with 'New' status.\r\nError: Invalid amount format.\r\n"}],"ComputerName":"DESKTOP-0RFC93L","Duration":"00:00:00.0003100","StartTime":"2024-01-07T19:17:03.3037884+00:00","EndTime":"2024-01-07T19:17:03.3040983+00:00","Properties":[{"Key":{"Id":"NUnit.Seed","Label":"Seed","Category":"","Description":"","Attributes":0,"ValueType":"System.String"},"Value":"1369137061"}]},{"TestCase":{"Id":"6c258c19-0b88-bfd6-bbc3-250fa5c2915e","FullyQualifiedName":"Accounting_file_achiving_system_tests.EditInvoice.Edit_Invoice_wrang_user_role","DisplayName":"Edit_Invoice_wrang_user_role","ExecutorUri":"executor://NUnit3TestExecutor","Source":"C:\\Users\\weron\\source\\repos\\Accounting_file_archiving_system\\Accounting_file_achiving_system_tests\\bin\\Debug\\net8.0\\fine-code-coverage\\build-output\\Accounting_file_achiving_system_tests.dll","CodeFilePath":null,"LineNumber":0,"Properties":[{"Key":{"Id":"NUnit.Seed","Label":"Seed","Category":"","Description":"","Attributes":0,"ValueType":"System.String"},"Value":"1634457277"}]},"Attachments":[],"Outcome":1,"ErrorMessage":null,"ErrorStackTrace":null,"DisplayName":"Edit_Invoice_wrang_user_role","Messages":[{"Category":"StdOutMsgs","Text":"Invoice with ID 1 added successfully with 'New' status.\r\nError: User with ID 1 not found or does not have permission to edit.\r\n"}],"ComputerName":"DESKTOP-0RFC93L","Duration":"00:00:00.0002799","StartTime":"2024-01-07T19:17:03.3041066+00:00","EndTime":"2024-01-07T19:17:03.304386+00:00","Properties":[{"Key":{"Id":"NUnit.Seed","Label":"Seed","Category":"","Description":"","Attributes":0,"ValueType":"System.String"},"Value":"1634457277"}]}],"TestRunStatistics":{"ExecutedTests":9,"Stats":{"Passed":9}},"ActiveTests":[{"Id":"a0fefc08-85fc-c6a1-9b93-277b5d04537e","FullyQualifiedName":"Accounting_file_achiving_system_tests.GeneralIntegrationTests.AddInvoice_InvalidStatus","DisplayName":"AddInvoice_InvalidStatus","ExecutorUri":"executor://NUnit3TestExecutor","Source":"C:\\Users\\weron\\source\\repos\\Accounting_file_archiving_system\\Accounting_file_achiving_system_tests\\bin\\Debug\\net8.0\\fine-code-coverage\\build-output\\Accounting_file_achiving_system_tests.dll","CodeFilePath":null,"LineNumber":0,"Properties":[{"Key":{"Id":"NUnit.Seed","Label":"Seed","Category":"","Description":"","Attributes":0,"ValueType":"System.String"},"Value":"1186931410"}]}]}}
TpTrace Verbose: 0 : 25088, 14, 2024/01/07, 20:17:03.384, 11419859251476, vstest.console.dll, TestRunRequest:SendTestRunStatsChange: Starting.
TpTrace Verbose: 0 : 25088, 14, 2024/01/07, 20:17:03.384, 11419859252691, vstest.console.dll, InProgress is AddInvoice_InvalidStatus
TpTrace Verbose: 0 : 25088, 14, 2024/01/07, 20:17:03.384, 11419859254269, vstest.console.dll, MulticastDelegateUtilities.SafeInvoke: TestRun.RunStatsChanged: Invoking callbacks was skipped because there are no subscribers.
TpTrace Information: 0 : 25088, 14, 2024/01/07, 20:17:03.384, 11419859254536, vstest.console.dll, TestRunRequest:SendTestRunStatsChange: Completed.
TpTrace Verbose: 0 : 25088, 14, 2024/01/07, 20:17:03.384, 11419859254735, vstest.console.dll, MulticastDelegateUtilities.SafeInvoke: LengthPrefixCommunicationChannel: MessageReceived: Invoking callback 1/1 for Microsoft.VisualStudio.TestPlatform.CommunicationUtilities.TestRequestSender+<>c__DisplayClass34_0., took 20 ms.
TpTrace Verbose: 0 : 25088, 14, 2024/01/07, 20:17:03.384, 11419859254986, vstest.console.dll, TcpClientExtensions.MessageLoopAsync: Polling on remoteEndPoint: 127.0.0.1:55748 localEndPoint: 127.0.0.1:55747
TpTrace Verbose: 0 : 25088, 14, 2024/01/07, 20:17:03.384, 11419859255278, vstest.console.dll, TcpClientExtensions.MessageLoopAsync: NotifyDataAvailable remoteEndPoint: 127.0.0.1:55748 localEndPoint: 127.0.0.1:55747
TpTrace Verbose: 0 : 25088, 14, 2024/01/07, 20:17:03.384, 11419859255706, vstest.console.dll, TestRequestSender.OnExecutionMessageReceived: Received message: {"Version":7,"MessageType":"TestSession.Message","Payload":{"MessageLevel":1,"Message":"Invoice with ID 1 added successfully with 'New' status.\r\n"}}
TpTrace Verbose: 0 : 25088, 14, 2024/01/07, 20:17:03.384, 11419859256262, vstest.console.dll, TestRunRequest:SendTestRunMessage: Starting.
TpTrace Verbose: 0 : 25088, 14, 2024/01/07, 20:17:03.384, 11419859256593, vstest.console.dll, MulticastDelegateUtilities.SafeInvoke: TestRun.LogMessages: Invoking callback 1/1 for Microsoft.VisualStudio.TestPlatform.CommandLine.TestRunResultAggregator., took 0 ms.
TpTrace Information: 0 : 25088, 14, 2024/01/07, 20:17:03.384, 11419859256902, vstest.console.dll, TestRunRequest:SendTestRunMessage: Completed.
TpTrace Verbose: 0 : 25088, 14, 2024/01/07, 20:17:03.385, 11419859257174, vstest.console.dll, MulticastDelegateUtilities.SafeInvoke: LengthPrefixCommunicationChannel: MessageReceived: Invoking callback 1/1 for Microsoft.VisualStudio.TestPlatform.CommunicationUtilities.TestRequestSender+<>c__DisplayClass34_0., took 0 ms.
TpTrace Verbose: 0 : 25088, 14, 2024/01/07, 20:17:03.385, 11419859257360, vstest.console.dll, TcpClientExtensions.MessageLoopAsync: Polling on remoteEndPoint: 127.0.0.1:55748 localEndPoint: 127.0.0.1:55747
TpTrace Verbose: 0 : 25088, 14, 2024/01/07, 20:17:03.385, 11419859257561, vstest.console.dll, TcpClientExtensions.MessageLoopAsync: NotifyDataAvailable remoteEndPoint: 127.0.0.1:55748 localEndPoint: 127.0.0.1:55747
TpTrace Verbose: 0 : 25088, 14, 2024/01/07, 20:17:03.385, 11419859257866, vstest.console.dll, TestRequestSender.OnExecutionMessageReceived: Received message: {"Version":7,"MessageType":"TestSession.Message","Payload":{"MessageLevel":1,"Message":"Invoice with ID 1 added successfully with 'New' status.\r\nInvoice with ID 1 edited successfully.\r\n"}}
TpTrace Verbose: 0 : 25088, 14, 2024/01/07, 20:17:03.385, 11419859258311, vstest.console.dll, TestRunRequest:SendTestRunMessage: Starting.
TpTrace Verbose: 0 : 25088, 14, 2024/01/07, 20:17:03.385, 11419859258612, vstest.console.dll, MulticastDelegateUtilities.SafeInvoke: TestRun.LogMessages: Invoking callback 1/1 for Microsoft.VisualStudio.TestPlatform.CommandLine.TestRunResultAggregator., took 0 ms.
TpTrace Information: 0 : 25088, 14, 2024/01/07, 20:17:03.385, 11419859258851, vstest.console.dll, TestRunRequest:SendTestRunMessage: Completed.
TpTrace Verbose: 0 : 25088, 14, 2024/01/07, 20:17:03.385, 11419859259011, vstest.console.dll, MulticastDelegateUtilities.SafeInvoke: LengthPrefixCommunicationChannel: MessageReceived: Invoking callback 1/1 for Microsoft.VisualStudio.TestPlatform.CommunicationUtilities.TestRequestSender+<>c__DisplayClass34_0., took 0 ms.
TpTrace Verbose: 0 : 25088, 14, 2024/01/07, 20:17:03.385, 11419859259179, vstest.console.dll, TcpClientExtensions.MessageLoopAsync: Polling on remoteEndPoint: 127.0.0.1:55748 localEndPoint: 127.0.0.1:55747
TpTrace Verbose: 0 : 25088, 14, 2024/01/07, 20:17:03.385, 11419859259368, vstest.console.dll, TcpClientExtensions.MessageLoopAsync: NotifyDataAvailable remoteEndPoint: 127.0.0.1:55748 localEndPoint: 127.0.0.1:55747
TpTrace Verbose: 0 : 25088, 14, 2024/01/07, 20:17:03.385, 11419859259639, vstest.console.dll, TestRequestSender.OnExecutionMessageReceived: Received message: {"Version":7,"MessageType":"TestSession.Message","Payload":{"MessageLevel":1,"Message":"Invoice with ID 1 added successfully with 'New' status.\r\nInvoice with ID 1 approved successfully.\r\nInvoice with ID 1 archived successfully.\r\n"}}
TpTrace Verbose: 0 : 25088, 14, 2024/01/07, 20:17:03.385, 11419859260170, vstest.console.dll, TestRunRequest:SendTestRunMessage: Starting.
TpTrace Verbose: 0 : 25088, 14, 2024/01/07, 20:17:03.385, 11419859260478, vstest.console.dll, MulticastDelegateUtilities.SafeInvoke: TestRun.LogMessages: Invoking callback 1/1 for Microsoft.VisualStudio.TestPlatform.CommandLine.TestRunResultAggregator., took 0 ms.
TpTrace Information: 0 : 25088, 14, 2024/01/07, 20:17:03.385, 11419859260651, vstest.console.dll, TestRunRequest:SendTestRunMessage: Completed.
TpTrace Verbose: 0 : 25088, 14, 2024/01/07, 20:17:03.385, 11419859260819, vstest.console.dll, MulticastDelegateUtilities.SafeInvoke: LengthPrefixCommunicationChannel: MessageReceived: Invoking callback 1/1 for Microsoft.VisualStudio.TestPlatform.CommunicationUtilities.TestRequestSender+<>c__DisplayClass34_0., took 0 ms.
TpTrace Verbose: 0 : 25088, 14, 2024/01/07, 20:17:03.385, 11419859260996, vstest.console.dll, TcpClientExtensions.MessageLoopAsync: Polling on remoteEndPoint: 127.0.0.1:55748 localEndPoint: 127.0.0.1:55747
TpTrace Verbose: 0 : 25088, 14, 2024/01/07, 20:17:03.385, 11419859261187, vstest.console.dll, TcpClientExtensions.MessageLoopAsync: NotifyDataAvailable remoteEndPoint: 127.0.0.1:55748 localEndPoint: 127.0.0.1:55747
TpTrace Verbose: 0 : 25088, 14, 2024/01/07, 20:17:03.385, 11419859261488, vstest.console.dll, TestRequestSender.OnExecutionMessageReceived: Received message: {"Version":7,"MessageType":"TestSession.Message","Payload":{"MessageLevel":1,"Message":"Invoice with ID 1 added successfully with 'New' status.\r\nInvoice with ID 1 rejected successfully.\r\n"}}
TpTrace Verbose: 0 : 25088, 14, 2024/01/07, 20:17:03.385, 11419859261879, vstest.console.dll, TestRunRequest:SendTestRunMessage: Starting.
TpTrace Verbose: 0 : 25088, 14, 2024/01/07, 20:17:03.385, 11419859262156, vstest.console.dll, MulticastDelegateUtilities.SafeInvoke: TestRun.LogMessages: Invoking callback 1/1 for Microsoft.VisualStudio.TestPlatform.CommandLine.TestRunResultAggregator., took 0 ms.
TpTrace Information: 0 : 25088, 14, 2024/01/07, 20:17:03.385, 11419859262332, vstest.console.dll, TestRunRequest:SendTestRunMessage: Completed.
TpTrace Verbose: 0 : 25088, 14, 2024/01/07, 20:17:03.385, 11419859262486, vstest.console.dll, MulticastDelegateUtilities.SafeInvoke: LengthPrefixCommunicationChannel: MessageReceived: Invoking callback 1/1 for Microsoft.VisualStudio.TestPlatform.CommunicationUtilities.TestRequestSender+<>c__DisplayClass34_0., took 0 ms.
TpTrace Verbose: 0 : 25088, 14, 2024/01/07, 20:17:03.385, 11419859262643, vstest.console.dll, TcpClientExtensions.MessageLoopAsync: Polling on remoteEndPoint: 127.0.0.1:55748 localEndPoint: 127.0.0.1:55747
TpTrace Verbose: 0 : 25088, 14, 2024/01/07, 20:17:03.385, 11419859262860, vstest.console.dll, TcpClientExtensions.MessageLoopAsync: NotifyDataAvailable remoteEndPoint: 127.0.0.1:55748 localEndPoint: 127.0.0.1:55747
TpTrace Verbose: 0 : 25088, 14, 2024/01/07, 20:17:03.385, 11419859263115, vstest.console.dll, TestRequestSender.OnExecutionMessageReceived: Received message: {"Version":7,"MessageType":"TestSession.Message","Payload":{"MessageLevel":1,"Message":"Invoice with ID 1 added successfully with 'New' status.\r\n"}}
TpTrace Verbose: 0 : 25088, 14, 2024/01/07, 20:17:03.385, 11419859263665, vstest.console.dll, TestRunRequest:SendTestRunMessage: Starting.
TpTrace Verbose: 0 : 25088, 14, 2024/01/07, 20:17:03.385, 11419859263954, vstest.console.dll, MulticastDelegateUtilities.SafeInvoke: TestRun.LogMessages: Invoking callback 1/1 for Microsoft.VisualStudio.TestPlatform.CommandLine.TestRunResultAggregator., took 0 ms.
TpTrace Information: 0 : 25088, 14, 2024/01/07, 20:17:03.385, 11419859264129, vstest.console.dll, TestRunRequest:SendTestRunMessage: Completed.
TpTrace Verbose: 0 : 25088, 14, 2024/01/07, 20:17:03.385, 11419859264281, vstest.console.dll, MulticastDelegateUtilities.SafeInvoke: LengthPrefixCommunicationChannel: MessageReceived: Invoking callback 1/1 for Microsoft.VisualStudio.TestPlatform.CommunicationUtilities.TestRequestSender+<>c__DisplayClass34_0., took 0 ms.
TpTrace Verbose: 0 : 25088, 14, 2024/01/07, 20:17:03.385, 11419859264517, vstest.console.dll, TcpClientExtensions.MessageLoopAsync: Polling on remoteEndPoint: 127.0.0.1:55748 localEndPoint: 127.0.0.1:55747
TpTrace Verbose: 0 : 25088, 14, 2024/01/07, 20:17:03.385, 11419859264709, vstest.console.dll, TcpClientExtensions.MessageLoopAsync: NotifyDataAvailable remoteEndPoint: 127.0.0.1:55748 localEndPoint: 127.0.0.1:55747
TpTrace Verbose: 0 : 25088, 14, 2024/01/07, 20:17:03.385, 11419859266192, vstest.console.dll, TestRequestSender.OnExecutionMessageReceived: Received message: {"Version":7,"MessageType":"TestExecution.StatsChange","Payload":{"NewTestResults":[{"TestCase":{"Id":"a0fefc08-85fc-c6a1-9b93-277b5d04537e","FullyQualifiedName":"Accounting_file_achiving_system_tests.GeneralIntegrationTests.AddInvoice_InvalidStatus","DisplayName":"AddInvoice_InvalidStatus","ExecutorUri":"executor://NUnit3TestExecutor","Source":"C:\\Users\\weron\\source\\repos\\Accounting_file_archiving_system\\Accounting_file_achiving_system_tests\\bin\\Debug\\net8.0\\fine-code-coverage\\build-output\\Accounting_file_achiving_system_tests.dll","CodeFilePath":null,"LineNumber":0,"Properties":[{"Key":{"Id":"NUnit.Seed","Label":"Seed","Category":"","Description":"","Attributes":0,"ValueType":"System.String"},"Value":"1186931410"}]},"Attachments":[],"Outcome":1,"ErrorMessage":null,"ErrorStackTrace":null,"DisplayName":"AddInvoice_InvalidStatus","Messages":[{"Category":"StdOutMsgs","Text":"Invoice with ID 1 added successfully with 'New' status.\r\n"}],"ComputerName":"DESKTOP-0RFC93L","Duration":"00:00:00.0001210","StartTime":"2024-01-07T19:17:03.3044619+00:00","EndTime":"2024-01-07T19:17:03.3045824+00:00","Properties":[{"Key":{"Id":"NUnit.Seed","Label":"Seed","Category":"","Description":"","Attributes":0,"ValueType":"System.String"},"Value":"1186931410"}]},{"TestCase":{"Id":"0cfd85b6-fe6e-99db-0cc9-707d69e68116","FullyQualifiedName":"Accounting_file_achiving_system_tests.GeneralIntegrationTests.Test_AddEditReviewInvoiceWorkflow","DisplayName":"Test_AddEditReviewInvoiceWorkflow","ExecutorUri":"executor://NUnit3TestExecutor","Source":"C:\\Users\\weron\\source\\repos\\Accounting_file_archiving_system\\Accounting_file_achiving_system_tests\\bin\\Debug\\net8.0\\fine-code-coverage\\build-output\\Accounting_file_achiving_system_tests.dll","CodeFilePath":null,"LineNumber":0,"Properties":[{"Key":{"Id":"NUnit.Seed","Label":"Seed","Category":"","Description":"","Attributes":0,"ValueType":"System.String"},"Value":"927512729"}]},"Attachments":[],"Outcome":1,"ErrorMessage":null,"ErrorStackTrace":null,"DisplayName":"Test_AddEditReviewInvoiceWorkflow","Messages":[{"Category":"StdOutMsgs","Text":"Invoice with ID 1 added successfully with 'New' status.\r\nInvoice with ID 1 edited successfully.\r\n"}],"ComputerName":"DESKTOP-0RFC93L","Duration":"00:00:00.0037440","StartTime":"2024-01-07T19:17:03.3045907+00:00","EndTime":"2024-01-07T19:17:03.3083342+00:00","Properties":[{"Key":{"Id":"NUnit.Seed","Label":"Seed","Category":"","Description":"","Attributes":0,"ValueType":"System.String"},"Value":"927512729"}]},{"TestCase":{"Id":"4df66ead-548d-29de-ecc3-9c7abcc3e017","FullyQualifiedName":"Accounting_file_achiving_system_tests.GeneralIntegrationTests.Test_ApproveArchiveInvoiceWorkflow","DisplayName":"Test_ApproveArchiveInvoiceWorkflow","ExecutorUri":"executor://NUnit3TestExecutor","Source":"C:\\Users\\weron\\source\\repos\\Accounting_file_archiving_system\\Accounting_file_achiving_system_tests\\bin\\Debug\\net8.0\\fine-code-coverage\\build-output\\Accounting_file_achiving_system_tests.dll","CodeFilePath":null,"LineNumber":0,"Properties":[{"Key":{"Id":"NUnit.Seed","Label":"Seed","Category":"","Description":"","Attributes":0,"ValueType":"System.String"},"Value":"292070725"}]},"Attachments":[],"Outcome":1,"ErrorMessage":null,"ErrorStackTrace":null,"DisplayName":"Test_ApproveArchiveInvoiceWorkflow","Messages":[{"Category":"StdOutMsgs","Text":"Invoice with ID 1 added successfully with 'New' status.\r\nInvoice with ID 1 approved successfully.\r\nInvoice with ID 1 archived successfully.\r\n"}],"ComputerName":"DESKTOP-0RFC93L","Duration":"00:00:00.0004550","StartTime":"2024-01-07T19:17:03.3083466+00:00","EndTime":"2024-01-07T19:17:03.3088019+00:00","Properties":[{"Key":{"Id":"NUnit.Seed","Label":"Seed","Category":"","Description":"","Attributes":0,"ValueType":"System.String"},"Value":"292070725"}]},{"TestCase":{"Id":"656da5bc-0635-de03-0134-948557b79ef0","FullyQualifiedName":"Accounting_file_achiving_system_tests.GeneralIntegrationTests.Test_GetUserRoleForExistingUser","DisplayName":"Test_GetUserRoleForExistingUser","ExecutorUri":"executor://NUnit3TestExecutor","Source":"C:\\Users\\weron\\source\\repos\\Accounting_file_archiving_system\\Accounting_file_achiving_system_tests\\bin\\Debug\\net8.0\\fine-code-coverage\\build-output\\Accounting_file_achiving_system_tests.dll","CodeFilePath":null,"LineNumber":0,"Properties":[{"Key":{"Id":"NUnit.Seed","Label":"Seed","Category":"","Description":"","Attributes":0,"ValueType":"System.String"},"Value":"145380945"}]},"Attachments":[],"Outcome":1,"ErrorMessage":null,"ErrorStackTrace":null,"DisplayName":"Test_GetUserRoleForExistingUser","Messages":[],"ComputerName":"DESKTOP-0RFC93L","Duration":"00:00:00.0019140","StartTime":"2024-01-07T19:17:03.3088113+00:00","EndTime":"2024-01-07T19:17:03.3107251+00:00","Properties":[{"Key":{"Id":"NUnit.Seed","Label":"Seed","Category":"","Description":"","Attributes":0,"ValueType":"System.String"},"Value":"145380945"}]},{"TestCase":{"Id":"8abf78d2-5c03-5023-5149-f17b5159165b","FullyQualifiedName":"Accounting_file_achiving_system_tests.GeneralIntegrationTests.Test_GetUserRoleForNonExistingUser","DisplayName":"Test_GetUserRoleForNonExistingUser","ExecutorUri":"executor://NUnit3TestExecutor","Source":"C:\\Users\\weron\\source\\repos\\Accounting_file_archiving_system\\Accounting_file_achiving_system_tests\\bin\\Debug\\net8.0\\fine-code-coverage\\build-output\\Accounting_file_achiving_system_tests.dll","CodeFilePath":null,"LineNumber":0,"Properties":[{"Key":{"Id":"NUnit.Seed","Label":"Seed","Category":"","Description":"","Attributes":0,"ValueType":"System.String"},"Value":"1016259337"}]},"Attachments":[],"Outcome":1,"ErrorMessage":null,"ErrorStackTrace":null,"DisplayName":"Test_GetUserRoleForNonExistingUser","Messages":[],"ComputerName":"DESKTOP-0RFC93L","Duration":"00:00:00.0002599","StartTime":"2024-01-07T19:17:03.3107355+00:00","EndTime":"2024-01-07T19:17:03.310995+00:00","Properties":[{"Key":{"Id":"NUnit.Seed","Label":"Seed","Category":"","Description":"","Attributes":0,"ValueType":"System.String"},"Value":"1016259337"}]},{"TestCase":{"Id":"0b291560-89a1-c5cc-c8c0-70a2e3e05571","FullyQualifiedName":"Accounting_file_achiving_system_tests.GeneralIntegrationTests.Test_RejectInvoiceWorkflow","DisplayName":"Test_RejectInvoiceWorkflow","ExecutorUri":"executor://NUnit3TestExecutor","Source":"C:\\Users\\weron\\source\\repos\\Accounting_file_archiving_system\\Accounting_file_achiving_system_tests\\bin\\Debug\\net8.0\\fine-code-coverage\\build-output\\Accounting_file_achiving_system_tests.dll","CodeFilePath":null,"LineNumber":0,"Properties":[{"Key":{"Id":"NUnit.Seed","Label":"Seed","Category":"","Description":"","Attributes":0,"ValueType":"System.String"},"Value":"1124422723"}]},"Attachments":[],"Outcome":1,"ErrorMessage":null,"ErrorStackTrace":null,"DisplayName":"Test_RejectInvoiceWorkflow","Messages":[{"Category":"StdOutMsgs","Text":"Invoice with ID 1 added successfully with 'New' status.\r\nInvoice with ID 1 rejected successfully.\r\n"}],"ComputerName":"DESKTOP-0RFC93L","Duration":"00:00:00.0007739","StartTime":"2024-01-07T19:17:03.3110103+00:00","EndTime":"2024-01-07T19:17:03.3117838+00:00","Properties":[{"Key":{"Id":"NUnit.Seed","Label":"Seed","Category":"","Description":"","Attributes":0,"ValueType":"System.String"},"Value":"1124422723"}]},{"TestCase":{"Id":"0177fb48-e8c0-102d-c32f-3a1b0770a423","FullyQualifiedName":"Accounting_file_achiving_system_tests.InitializeInvoice.Add_One_Invoice","DisplayName":"Add_One_Invoice","ExecutorUri":"executor://NUnit3TestExecutor","Source":"C:\\Users\\weron\\source\\repos\\Accounting_file_archiving_system\\Accounting_file_achiving_system_tests\\bin\\Debug\\net8.0\\fine-code-coverage\\build-output\\Accounting_file_achiving_system_tests.dll","CodeFilePath":null,"LineNumber":0,"Properties":[{"Key":{"Id":"NUnit.Seed","Label":"Seed","Category":"","Description":"","Attributes":0,"ValueType":"System.String"},"Value":"1786705392"}]},"Attachments":[],"Outcome":1,"ErrorMessage":null,"ErrorStackTrace":null,"DisplayName":"Add_One_Invoice","Messages":[{"Category":"StdOutMsgs","Text":"Invoice with ID 1 added successfully with 'New' status.\r\n"}],"ComputerName":"DESKTOP-0RFC93L","Duration":"00:00:00.0001620","StartTime":"2024-01-07T19:17:03.3118799+00:00","EndTime":"2024-01-07T19:17:03.3120421+00:00","Properties":[{"Key":{"Id":"NUnit.Seed","Label":"Seed","Category":"","Description":"","Attributes":0,"ValueType":"System.String"},"Value":"1786705392"}]},{"TestCase":{"Id":"2b8892e9-24ac-1f1d-c77e-4221f2d0b6f5","FullyQualifiedName":"Accounting_file_achiving_system_tests.InitializeInvoice.Test_Constructor_InitializeInvoiceStatuses","DisplayName":"Test_Constructor_InitializeInvoiceStatuses","ExecutorUri":"executor://NUnit3TestExecutor","Source":"C:\\Users\\weron\\source\\repos\\Accounting_file_archiving_system\\Accounting_file_achiving_system_tests\\bin\\Debug\\net8.0\\fine-code-coverage\\build-output\\Accounting_file_achiving_system_tests.dll","CodeFilePath":null,"LineNumber":0,"Properties":[{"Key":{"Id":"NUnit.Seed","Label":"Seed","Category":"","Description":"","Attributes":0,"ValueType":"System.String"},"Value":"918024434"}]},"Attachments":[],"Outcome":1,"ErrorMessage":null,"ErrorStackTrace":null,"DisplayName":"Test_Constructor_InitializeInvoiceStatuses","Messages":[],"ComputerName":"DESKTOP-0RFC93L","Duration":"00:00:00.0004670","StartTime":"2024-01-07T19:17:03.3120506+00:00","EndTime":"2024-01-07T19:17:03.3125172+00:00","Properties":[{"Key":{"Id":"NUnit.Seed","Label":"Seed","Category":"","Description":"","Attributes":0,"ValueType":"System.String"},"Value":"918024434"}]},{"TestCase":{"Id":"912d23c2-7835-e94e-70eb-bb08a117663e","FullyQualifiedName":"Accounting_file_achiving_system_tests.PrivateMethods.Test_FindInvoiceAndUser","DisplayName":"Test_FindInvoiceAndUser","ExecutorUri":"executor://NUnit3TestExecutor","Source":"C:\\Users\\weron\\source\\repos\\Accounting_file_archiving_system\\Accounting_file_achiving_system_tests\\bin\\Debug\\net8.0\\fine-code-coverage\\build-output\\Accounting_file_achiving_system_tests.dll","CodeFilePath":null,"LineNumber":0,"Properties":[{"Key":{"Id":"NUnit.Seed","Label":"Seed","Category":"","Description":"","Attributes":0,"ValueType":"System.String"},"Value":"675080205"}]},"Attachments":[],"Outcome":1,"ErrorMessage":null,"ErrorStackTrace":null,"DisplayName":"Test_FindInvoiceAndUser","Messages":[],"ComputerName":"DESKTOP-0RFC93L","Duration":"00:00:00.0002980","StartTime":"2024-01-07T19:17:03.3125963+00:00","EndTime":"2024-01-07T19:17:03.3128943+00:00","Properties":[{"Key":{"Id":"NUnit.Seed","Label":"Seed","Category":"","Description":"","Attributes":0,"ValueType":"System.String"},"Value":"675080205"}]}],"TestRunStatistics":{"ExecutedTests":18,"Stats":{"Passed":18}},"ActiveTests":[{"Id":"6cafabae-e24b-0c42-e8a0-505985d46408","FullyQualifiedName":"Accounting_file_achiving_system_tests.PrivateMethods.Test_FindInvoiceAndUser_NonExistentEntities","DisplayName":"Test_FindInvoiceAndUser_NonExistentEntities","ExecutorUri":"executor://NUnit3TestExecutor","Source":"C:\\Users\\weron\\source\\repos\\Accounting_file_archiving_system\\Accounting_file_achiving_system_tests\\bin\\Debug\\net8.0\\fine-code-coverage\\build-output\\Accounting_file_achiving_system_tests.dll","CodeFilePath":null,"LineNumber":0,"Properties":[{"Key":{"Id":"NUnit.Seed","Label":"Seed","Category":"","Description":"","Attributes":0,"ValueType":"System.String"},"Value":"454971667"}]}]}}
TpTrace Verbose: 0 : 25088, 4, 2024/01/07, 20:17:03.386, 11419859268548, vstest.console.dll, MulticastDelegateUtilities.SafeInvoke: InternalTestLoggerEvents.SendTestResult: Invoking callback 1/1 for Microsoft.VisualStudio.TestPlatform.CommandLine.Internal.ConsoleLogger., took 1 ms.
TpTrace Verbose: 0 : 25088, 4, 2024/01/07, 20:17:03.386, 11419859270295, vstest.console.dll, MulticastDelegateUtilities.SafeInvoke: InternalTestLoggerEvents.SendTestResult: Invoking callback 1/1 for Microsoft.VisualStudio.TestPlatform.CommandLine.Internal.ConsoleLogger., took 0 ms.
TpTrace Verbose: 0 : 25088, 4, 2024/01/07, 20:17:03.386, 11419859270827, vstest.console.dll, MulticastDelegateUtilities.SafeInvoke: InternalTestLoggerEvents.SendTestResult: Invoking callback 1/1 for Microsoft.VisualStudio.TestPlatform.CommandLine.Internal.ConsoleLogger., took 0 ms.
TpTrace Verbose: 0 : 25088, 4, 2024/01/07, 20:17:03.386, 11419859271136, vstest.console.dll, MulticastDelegateUtilities.SafeInvoke: InternalTestLoggerEvents.SendTestResult: Invoking callback 1/1 for Microsoft.VisualStudio.TestPlatform.CommandLine.Internal.ConsoleLogger., took 0 ms.
TpTrace Verbose: 0 : 25088, 4, 2024/01/07, 20:17:03.386, 11419859277046, vstest.console.dll, MulticastDelegateUtilities.SafeInvoke: InternalTestLoggerEvents.SendTestResult: Invoking callback 1/1 for Microsoft.VisualStudio.TestPlatform.CommandLine.Internal.ConsoleLogger., took 0 ms.
TpTrace Verbose: 0 : 25088, 4, 2024/01/07, 20:17:03.387, 11419859277719, vstest.console.dll, MulticastDelegateUtilities.SafeInvoke: InternalTestLoggerEvents.SendTestResult: Invoking callback 1/1 for Microsoft.VisualStudio.TestPlatform.CommandLine.Internal.ConsoleLogger., took 0 ms.
TpTrace Verbose: 0 : 25088, 4, 2024/01/07, 20:17:03.387, 11419859278034, vstest.console.dll, MulticastDelegateUtilities.SafeInvoke: InternalTestLoggerEvents.SendTestResult: Invoking callback 1/1 for Microsoft.VisualStudio.TestPlatform.CommandLine.Internal.ConsoleLogger., took 0 ms.
TpTrace Verbose: 0 : 25088, 14, 2024/01/07, 20:17:03.387, 11419859278068, vstest.console.dll, TestRunRequest:SendTestRunStatsChange: Starting.
TpTrace Verbose: 0 : 25088, 4, 2024/01/07, 20:17:03.387, 11419859278309, vstest.console.dll, MulticastDelegateUtilities.SafeInvoke: InternalTestLoggerEvents.SendTestResult: Invoking callback 1/1 for Microsoft.VisualStudio.TestPlatform.CommandLine.Internal.ConsoleLogger., took 0 ms.
TpTrace Verbose: 0 : 25088, 4, 2024/01/07, 20:17:03.387, 11419859278839, vstest.console.dll, MulticastDelegateUtilities.SafeInvoke: InternalTestLoggerEvents.SendTestResult: Invoking callback 1/1 for Microsoft.VisualStudio.TestPlatform.CommandLine.Internal.ConsoleLogger., took 0 ms.
TpTrace Verbose: 0 : 25088, 14, 2024/01/07, 20:17:03.387, 11419859278911, vstest.console.dll, InProgress is Test_FindInvoiceAndUser_NonExistentEntities
TpTrace Verbose: 0 : 25088, 4, 2024/01/07, 20:17:03.387, 11419859279415, vstest.console.dll, MulticastDelegateUtilities.SafeInvoke: InternalTestLoggerEvents.SendTestRunMessage: Invoking callback 1/1 for Microsoft.VisualStudio.TestPlatform.CommandLine.Internal.ConsoleLogger., took 0 ms.
TpTrace Verbose: 0 : 25088, 14, 2024/01/07, 20:17:03.387, 11419859279649, vstest.console.dll, MulticastDelegateUtilities.SafeInvoke: TestRun.RunStatsChanged: Invoking callbacks was skipped because there are no subscribers.
TpTrace Verbose: 0 : 25088, 4, 2024/01/07, 20:17:03.387, 11419859279804, vstest.console.dll, MulticastDelegateUtilities.SafeInvoke: InternalTestLoggerEvents.SendTestRunMessage: Invoking callback 1/1 for Microsoft.VisualStudio.TestPlatform.CommandLine.Internal.ConsoleLogger., took 0 ms.
TpTrace Information: 0 : 25088, 14, 2024/01/07, 20:17:03.387, 11419859279904, vstest.console.dll, TestRunRequest:SendTestRunStatsChange: Completed.
TpTrace Verbose: 0 : 25088, 14, 2024/01/07, 20:17:03.387, 11419859280282, vstest.console.dll, MulticastDelegateUtilities.SafeInvoke: LengthPrefixCommunicationChannel: MessageReceived: Invoking callback 1/1 for Microsoft.VisualStudio.TestPlatform.CommunicationUtilities.TestRequestSender+<>c__DisplayClass34_0., took 1 ms.
TpTrace Verbose: 0 : 25088, 4, 2024/01/07, 20:17:03.387, 11419859280302, vstest.console.dll, MulticastDelegateUtilities.SafeInvoke: InternalTestLoggerEvents.SendTestRunMessage: Invoking callback 1/1 for Microsoft.VisualStudio.TestPlatform.CommandLine.Internal.ConsoleLogger., took 0 ms.
TpTrace Verbose: 0 : 25088, 14, 2024/01/07, 20:17:03.387, 11419859280686, vstest.console.dll, TcpClientExtensions.MessageLoopAsync: Polling on remoteEndPoint: 127.0.0.1:55748 localEndPoint: 127.0.0.1:55747
TpTrace Verbose: 0 : 25088, 4, 2024/01/07, 20:17:03.387, 11419859281554, vstest.console.dll, MulticastDelegateUtilities.SafeInvoke: InternalTestLoggerEvents.SendTestRunMessage: Invoking callback 1/1 for Microsoft.VisualStudio.TestPlatform.CommandLine.Internal.ConsoleLogger., took 0 ms.
TpTrace Verbose: 0 : 25088, 4, 2024/01/07, 20:17:03.387, 11419859282388, vstest.console.dll, MulticastDelegateUtilities.SafeInvoke: InternalTestLoggerEvents.SendTestRunMessage: Invoking callback 1/1 for Microsoft.VisualStudio.TestPlatform.CommandLine.Internal.ConsoleLogger., took 0 ms.
TpTrace Verbose: 0 : 25088, 4, 2024/01/07, 20:17:03.387, 11419859283557, vstest.console.dll, MulticastDelegateUtilities.SafeInvoke: InternalTestLoggerEvents.SendTestResult: Invoking callback 1/1 for Microsoft.VisualStudio.TestPlatform.CommandLine.Internal.ConsoleLogger., took 0 ms.
TpTrace Verbose: 0 : 25088, 4, 2024/01/07, 20:17:03.387, 11419859284220, vstest.console.dll, MulticastDelegateUtilities.SafeInvoke: InternalTestLoggerEvents.SendTestResult: Invoking callback 1/1 for Microsoft.VisualStudio.TestPlatform.CommandLine.Internal.ConsoleLogger., took 0 ms.
TpTrace Verbose: 0 : 25088, 4, 2024/01/07, 20:17:03.387, 11419859284867, vstest.console.dll, MulticastDelegateUtilities.SafeInvoke: InternalTestLoggerEvents.SendTestResult: Invoking callback 1/1 for Microsoft.VisualStudio.TestPlatform.CommandLine.Internal.ConsoleLogger., took 0 ms.
TpTrace Verbose: 0 : 25088, 4, 2024/01/07, 20:17:03.387, 11419859286644, vstest.console.dll, MulticastDelegateUtilities.SafeInvoke: InternalTestLoggerEvents.SendTestResult: Invoking callback 1/1 for Microsoft.VisualStudio.TestPlatform.CommandLine.Internal.ConsoleLogger., took 0 ms.
TpTrace Verbose: 0 : 25088, 4, 2024/01/07, 20:17:03.388, 11419859287354, vstest.console.dll, MulticastDelegateUtilities.SafeInvoke: InternalTestLoggerEvents.SendTestResult: Invoking callback 1/1 for Microsoft.VisualStudio.TestPlatform.CommandLine.Internal.ConsoleLogger., took 0 ms.
TpTrace Verbose: 0 : 25088, 4, 2024/01/07, 20:17:03.388, 11419859287705, vstest.console.dll, MulticastDelegateUtilities.SafeInvoke: InternalTestLoggerEvents.SendTestResult: Invoking callback 1/1 for Microsoft.VisualStudio.TestPlatform.CommandLine.Internal.ConsoleLogger., took 0 ms.
TpTrace Verbose: 0 : 25088, 4, 2024/01/07, 20:17:03.388, 11419859287965, vstest.console.dll, MulticastDelegateUtilities.SafeInvoke: InternalTestLoggerEvents.SendTestResult: Invoking callback 1/1 for Microsoft.VisualStudio.TestPlatform.CommandLine.Internal.ConsoleLogger., took 0 ms.
TpTrace Verbose: 0 : 25088, 4, 2024/01/07, 20:17:03.388, 11419859288264, vstest.console.dll, MulticastDelegateUtilities.SafeInvoke: InternalTestLoggerEvents.SendTestResult: Invoking callback 1/1 for Microsoft.VisualStudio.TestPlatform.CommandLine.Internal.ConsoleLogger., took 0 ms.
TpTrace Verbose: 0 : 25088, 4, 2024/01/07, 20:17:03.388, 11419859288530, vstest.console.dll, MulticastDelegateUtilities.SafeInvoke: InternalTestLoggerEvents.SendTestResult: Invoking callback 1/1 for Microsoft.VisualStudio.TestPlatform.CommandLine.Internal.ConsoleLogger., took 0 ms.
TpTrace Verbose: 0 : 25088, 14, 2024/01/07, 20:17:03.390, 11419859317090, vstest.console.dll, TcpClientExtensions.MessageLoopAsync: NotifyDataAvailable remoteEndPoint: 127.0.0.1:55748 localEndPoint: 127.0.0.1:55747
TpTrace Verbose: 0 : 25088, 14, 2024/01/07, 20:17:03.391, 11419859317906, vstest.console.dll, TestRequestSender.OnExecutionMessageReceived: Received message: {"Version":7,"MessageType":"TestSession.Message","Payload":{"MessageLevel":1,"Message":"Invoice with ID 1 added successfully with 'New' status.\r\nInvoice with ID 1 rejected successfully.\r\n"}}
TpTrace Verbose: 0 : 25088, 14, 2024/01/07, 20:17:03.391, 11419859318765, vstest.console.dll, TestRunRequest:SendTestRunMessage: Starting.
TpTrace Verbose: 0 : 25088, 14, 2024/01/07, 20:17:03.391, 11419859319194, vstest.console.dll, MulticastDelegateUtilities.SafeInvoke: TestRun.LogMessages: Invoking callback 1/1 for Microsoft.VisualStudio.TestPlatform.CommandLine.TestRunResultAggregator., took 0 ms.
TpTrace Verbose: 0 : 25088, 4, 2024/01/07, 20:17:03.391, 11419859319646, vstest.console.dll, MulticastDelegateUtilities.SafeInvoke: InternalTestLoggerEvents.SendTestRunMessage: Invoking callback 1/1 for Microsoft.VisualStudio.TestPlatform.CommandLine.Internal.ConsoleLogger., took 0 ms.
TpTrace Information: 0 : 25088, 14, 2024/01/07, 20:17:03.391, 11419859319841, vstest.console.dll, TestRunRequest:SendTestRunMessage: Completed.
TpTrace Verbose: 0 : 25088, 14, 2024/01/07, 20:17:03.391, 11419859320397, vstest.console.dll, MulticastDelegateUtilities.SafeInvoke: LengthPrefixCommunicationChannel: MessageReceived: Invoking callback 1/1 for Microsoft.VisualStudio.TestPlatform.CommunicationUtilities.TestRequestSender+<>c__DisplayClass34_0., took 0 ms.
TpTrace Verbose: 0 : 25088, 14, 2024/01/07, 20:17:03.391, 11419859320658, vstest.console.dll, TcpClientExtensions.MessageLoopAsync: Polling on remoteEndPoint: 127.0.0.1:55748 localEndPoint: 127.0.0.1:55747
TpTrace Verbose: 0 : 25088, 14, 2024/01/07, 20:17:03.392, 11419859333678, vstest.console.dll, TcpClientExtensions.MessageLoopAsync: NotifyDataAvailable remoteEndPoint: 127.0.0.1:55748 localEndPoint: 127.0.0.1:55747
TpTrace Verbose: 0 : 25088, 14, 2024/01/07, 20:17:03.392, 11419859334399, vstest.console.dll, TestRequestSender.OnExecutionMessageReceived: Received message: {"Version":7,"MessageType":"TestSession.Message","Payload":{"MessageLevel":1,"Message":"Invoice with ID 1 added successfully with 'New' status.\r\nError: User with ID 1 not found or does not have permission to reject.\r\n"}}
TpTrace Verbose: 0 : 25088, 14, 2024/01/07, 20:17:03.392, 11419859335102, vstest.console.dll, TestRunRequest:SendTestRunMessage: Starting.
TpTrace Verbose: 0 : 25088, 14, 2024/01/07, 20:17:03.392, 11419859335523, vstest.console.dll, MulticastDelegateUtilities.SafeInvoke: TestRun.LogMessages: Invoking callback 1/1 for Microsoft.VisualStudio.TestPlatform.CommandLine.TestRunResultAggregator., took 0 ms.
TpTrace Information: 0 : 25088, 14, 2024/01/07, 20:17:03.392, 11419859335763, vstest.console.dll, TestRunRequest:SendTestRunMessage: Completed.
TpTrace Verbose: 0 : 25088, 4, 2024/01/07, 20:17:03.392, 11419859335892, vstest.console.dll, MulticastDelegateUtilities.SafeInvoke: InternalTestLoggerEvents.SendTestRunMessage: Invoking callback 1/1 for Microsoft.VisualStudio.TestPlatform.CommandLine.Internal.ConsoleLogger., took 0 ms.
TpTrace Verbose: 0 : 25088, 14, 2024/01/07, 20:17:03.392, 11419859335968, vstest.console.dll, MulticastDelegateUtilities.SafeInvoke: LengthPrefixCommunicationChannel: MessageReceived: Invoking callback 1/1 for Microsoft.VisualStudio.TestPlatform.CommunicationUtilities.TestRequestSender+<>c__DisplayClass34_0., took 0 ms.
TpTrace Verbose: 0 : 25088, 14, 2024/01/07, 20:17:03.392, 11419859336777, vstest.console.dll, TcpClientExtensions.MessageLoopAsync: Polling on remoteEndPoint: 127.0.0.1:55748 localEndPoint: 127.0.0.1:55747
TpTrace Verbose: 0 : 25088, 14, 2024/01/07, 20:17:03.394, 11419859350837, vstest.console.dll, TcpClientExtensions.MessageLoopAsync: NotifyDataAvailable remoteEndPoint: 127.0.0.1:55748 localEndPoint: 127.0.0.1:55747
TpTrace Verbose: 0 : 25088, 14, 2024/01/07, 20:17:03.394, 11419859351531, vstest.console.dll, TestRequestSender.OnExecutionMessageReceived: Received message: {"Version":7,"MessageType":"TestSession.Message","Payload":{"MessageLevel":1,"Message":"Invoice with ID 1 added successfully with 'New' status.\r\nInvoice with ID 1 reviewed successfully.\r\n"}}
TpTrace Verbose: 0 : 25088, 14, 2024/01/07, 20:17:03.394, 11419859352086, vstest.console.dll, TestRunRequest:SendTestRunMessage: Starting.
TpTrace Verbose: 0 : 25088, 14, 2024/01/07, 20:17:03.394, 11419859352403, vstest.console.dll, MulticastDelegateUtilities.SafeInvoke: TestRun.LogMessages: Invoking callback 1/1 for Microsoft.VisualStudio.TestPlatform.CommandLine.TestRunResultAggregator., took 0 ms.
TpTrace Information: 0 : 25088, 14, 2024/01/07, 20:17:03.394, 11419859352587, vstest.console.dll, TestRunRequest:SendTestRunMessage: Completed.
TpTrace Verbose: 0 : 25088, 14, 2024/01/07, 20:17:03.394, 11419859352750, vstest.console.dll, MulticastDelegateUtilities.SafeInvoke: LengthPrefixCommunicationChannel: MessageReceived: Invoking callback 1/1 for Microsoft.VisualStudio.TestPlatform.CommunicationUtilities.TestRequestSender+<>c__DisplayClass34_0., took 0 ms.
TpTrace Verbose: 0 : 25088, 14, 2024/01/07, 20:17:03.394, 11419859352935, vstest.console.dll, TcpClientExtensions.MessageLoopAsync: Polling on remoteEndPoint: 127.0.0.1:55748 localEndPoint: 127.0.0.1:55747
TpTrace Verbose: 0 : 25088, 4, 2024/01/07, 20:17:03.394, 11419859352896, vstest.console.dll, MulticastDelegateUtilities.SafeInvoke: InternalTestLoggerEvents.SendTestRunMessage: Invoking callback 1/1 for Microsoft.VisualStudio.TestPlatform.CommandLine.Internal.ConsoleLogger., took 0 ms.
TpTrace Verbose: 0 : 25088, 14, 2024/01/07, 20:17:03.395, 11419859366779, vstest.console.dll, TcpClientExtensions.MessageLoopAsync: NotifyDataAvailable remoteEndPoint: 127.0.0.1:55748 localEndPoint: 127.0.0.1:55747
TpTrace Verbose: 0 : 25088, 14, 2024/01/07, 20:17:03.396, 11419859367469, vstest.console.dll, TestRequestSender.OnExecutionMessageReceived: Received message: {"Version":7,"MessageType":"TestSession.Message","Payload":{"MessageLevel":1,"Message":"Invoice with ID 1 added successfully with 'New' status.\r\nError: User with ID 1 not found or does not have permission to review.\r\n"}}
TpTrace Verbose: 0 : 25088, 14, 2024/01/07, 20:17:03.396, 11419859368133, vstest.console.dll, TestRunRequest:SendTestRunMessage: Starting.
TpTrace Verbose: 0 : 25088, 14, 2024/01/07, 20:17:03.396, 11419859368518, vstest.console.dll, MulticastDelegateUtilities.SafeInvoke: TestRun.LogMessages: Invoking callback 1/1 for Microsoft.VisualStudio.TestPlatform.CommandLine.TestRunResultAggregator., took 0 ms.
TpTrace Information: 0 : 25088, 14, 2024/01/07, 20:17:03.396, 11419859368739, vstest.console.dll, TestRunRequest:SendTestRunMessage: Completed.
TpTrace Verbose: 0 : 25088, 14, 2024/01/07, 20:17:03.396, 11419859368938, vstest.console.dll, MulticastDelegateUtilities.SafeInvoke: LengthPrefixCommunicationChannel: MessageReceived: Invoking callback 1/1 for Microsoft.VisualStudio.TestPlatform.CommunicationUtilities.TestRequestSender+<>c__DisplayClass34_0., took 0 ms.
TpTrace Verbose: 0 : 25088, 4, 2024/01/07, 20:17:03.396, 11419859368981, vstest.console.dll, MulticastDelegateUtilities.SafeInvoke: InternalTestLoggerEvents.SendTestRunMessage: Invoking callback 1/1 for Microsoft.VisualStudio.TestPlatform.CommandLine.Internal.ConsoleLogger., took 0 ms.
TpTrace Verbose: 0 : 25088, 14, 2024/01/07, 20:17:03.396, 11419859369474, vstest.console.dll, TcpClientExtensions.MessageLoopAsync: Polling on remoteEndPoint: 127.0.0.1:55748 localEndPoint: 127.0.0.1:55747
TpTrace Verbose: 0 : 25088, 14, 2024/01/07, 20:17:03.400, 11419859412968, vstest.console.dll, TcpClientExtensions.MessageLoopAsync: NotifyDataAvailable remoteEndPoint: 127.0.0.1:55748 localEndPoint: 127.0.0.1:55747
TpTrace Verbose: 0 : 25088, 14, 2024/01/07, 20:17:03.400, 11419859413833, vstest.console.dll, TestRequestSender.OnExecutionMessageReceived: Received message: {"Version":7,"MessageType":"TestSession.Message","Payload":{"MessageLevel":0,"Message":"NUnit Adapter 4.2.0.0: Test execution complete"}}
TpTrace Verbose: 0 : 25088, 14, 2024/01/07, 20:17:03.400, 11419859414759, vstest.console.dll, TestRunRequest:SendTestRunMessage: Starting.
TpTrace Verbose: 0 : 25088, 14, 2024/01/07, 20:17:03.400, 11419859415187, vstest.console.dll, MulticastDelegateUtilities.SafeInvoke: TestRun.LogMessages: Invoking callback 1/1 for Microsoft.VisualStudio.TestPlatform.CommandLine.TestRunResultAggregator., took 0 ms.
TpTrace Information: 0 : 25088, 14, 2024/01/07, 20:17:03.400, 11419859415418, vstest.console.dll, TestRunRequest:SendTestRunMessage: Completed.
TpTrace Verbose: 0 : 25088, 4, 2024/01/07, 20:17:03.400, 11419859415424, vstest.console.dll, MulticastDelegateUtilities.SafeInvoke: InternalTestLoggerEvents.SendTestRunMessage: Invoking callback 1/1 for Microsoft.VisualStudio.TestPlatform.CommandLine.Internal.ConsoleLogger., took 0 ms.
TpTrace Verbose: 0 : 25088, 14, 2024/01/07, 20:17:03.400, 11419859416137, vstest.console.dll, MulticastDelegateUtilities.SafeInvoke: LengthPrefixCommunicationChannel: MessageReceived: Invoking callback 1/1 for Microsoft.VisualStudio.TestPlatform.CommunicationUtilities.TestRequestSender+<>c__DisplayClass34_0., took 0 ms.
TpTrace Verbose: 0 : 25088, 14, 2024/01/07, 20:17:03.400, 11419859416626, vstest.console.dll, TcpClientExtensions.MessageLoopAsync: Polling on remoteEndPoint: 127.0.0.1:55748 localEndPoint: 127.0.0.1:55747
TpTrace Verbose: 0 : 25088, 14, 2024/01/07, 20:17:03.411, 11419859520192, vstest.console.dll, TcpClientExtensions.MessageLoopAsync: NotifyDataAvailable remoteEndPoint: 127.0.0.1:55748 localEndPoint: 127.0.0.1:55747
TpTrace Verbose: 0 : 25088, 14, 2024/01/07, 20:17:03.411, 11419859522546, vstest.console.dll, TestRequestSender.OnExecutionMessageReceived: Received message: {"Version":7,"MessageType":"TestExecution.Completed","Payload":{"TestRunCompleteArgs":{"TestRunStatistics":{"ExecutedTests":25,"Stats":{"Passed":25}},"IsCanceled":false,"IsAborted":false,"Error":null,"AttachmentSets":[],"InvokedDataCollectors":[],"ElapsedTimeInRunningTests":"00:00:00.2336907","Metrics":{},"DiscoveredExtensions":{"TestDiscoverers":["NUnit.VisualStudio.TestAdapter.NUnit3TestDiscoverer, NUnit3.TestAdapter, Version=4.2.0.0, Culture=neutral, PublicKeyToken=4cb40d35494691ac"],"TestExecutors":["executor://NUnit3TestExecutor"],"TestExecutors2":[],"TestSettingsProviders":[]}},"LastRunTests":{"NewTestResults":[{"TestCase":{"Id":"6cafabae-e24b-0c42-e8a0-505985d46408","FullyQualifiedName":"Accounting_file_achiving_system_tests.PrivateMethods.Test_FindInvoiceAndUser_NonExistentEntities","DisplayName":"Test_FindInvoiceAndUser_NonExistentEntities","ExecutorUri":"executor://NUnit3TestExecutor","Source":"C:\\Users\\weron\\source\\repos\\Accounting_file_archiving_system\\Accounting_file_achiving_system_tests\\bin\\Debug\\net8.0\\fine-code-coverage\\build-output\\Accounting_file_achiving_system_tests.dll","CodeFilePath":null,"LineNumber":0,"Properties":[{"Key":{"Id":"NUnit.Seed","Label":"Seed","Category":"","Description":"","Attributes":0,"ValueType":"System.String"},"Value":"454971667"}]},"Attachments":[],"Outcome":1,"ErrorMessage":null,"ErrorStackTrace":null,"DisplayName":"Test_FindInvoiceAndUser_NonExistentEntities","Messages":[],"ComputerName":"DESKTOP-0RFC93L","Duration":"00:00:00.0004010","StartTime":"2024-01-07T19:17:03.3129034+00:00","EndTime":"2024-01-07T19:17:03.3133046+00:00","Properties":[{"Key":{"Id":"NUnit.Seed","Label":"Seed","Category":"","Description":"","Attributes":0,"ValueType":"System.String"},"Value":"454971667"}]},{"TestCase":{"Id":"bc5e02df-d7a1-d90a-2f53-d1e629caab2b","FullyQualifiedName":"Accounting_file_achiving_system_tests.PrivateMethods.Test_GetUserRole","DisplayName":"Test_GetUserRole","ExecutorUri":"executor://NUnit3TestExecutor","Source":"C:\\Users\\weron\\source\\repos\\Accounting_file_archiving_system\\Accounting_file_achiving_system_tests\\bin\\Debug\\net8.0\\fine-code-coverage\\build-output\\Accounting_file_achiving_system_tests.dll","CodeFilePath":null,"LineNumber":0,"Properties":[{"Key":{"Id":"NUnit.Seed","Label":"Seed","Category":"","Description":"","Attributes":0,"ValueType":"System.String"},"Value":"948262567"}]},"Attachments":[],"Outcome":1,"ErrorMessage":null,"ErrorStackTrace":null,"DisplayName":"Test_GetUserRole","Messages":[],"ComputerName":"DESKTOP-0RFC93L","Duration":"00:00:00.0001430","StartTime":"2024-01-07T19:17:03.3133142+00:00","EndTime":"2024-01-07T19:17:03.3134571+00:00","Properties":[{"Key":{"Id":"NUnit.Seed","Label":"Seed","Category":"","Description":"","Attributes":0,"ValueType":"System.String"},"Value":"948262567"}]},{"TestCase":{"Id":"617339fd-ea53-bd75-85d0-cf5d4f47cfed","FullyQualifiedName":"Accounting_file_achiving_system_tests.PrivateMethods.Test_GetUserRole_NonExistentUser","DisplayName":"Test_GetUserRole_NonExistentUser","ExecutorUri":"executor://NUnit3TestExecutor","Source":"C:\\Users\\weron\\source\\repos\\Accounting_file_archiving_system\\Accounting_file_achiving_system_tests\\bin\\Debug\\net8.0\\fine-code-coverage\\build-output\\Accounting_file_achiving_system_tests.dll","CodeFilePath":null,"LineNumber":0,"Properties":[{"Key":{"Id":"NUnit.Seed","Label":"Seed","Category":"","Description":"","Attributes":0,"ValueType":"System.String"},"Value":"1670319503"}]},"Attachments":[],"Outcome":1,"ErrorMessage":null,"ErrorStackTrace":null,"DisplayName":"Test_GetUserRole_NonExistentUser","Messages":[],"ComputerName":"DESKTOP-0RFC93L","Duration":"00:00:00.0001080","StartTime":"2024-01-07T19:17:03.3134651+00:00","EndTime":"2024-01-07T19:17:03.3135725+00:00","Properties":[{"Key":{"Id":"NUnit.Seed","Label":"Seed","Category":"","Description":"","Attributes":0,"ValueType":"System.String"},"Value":"1670319503"}]},{"TestCase":{"Id":"300ba547-aed5-642a-bbe5-e054a9e5cba2","FullyQualifiedName":"Accounting_file_achiving_system_tests.RejectInvoic.Reject_Invoic","DisplayName":"Reject_Invoic","ExecutorUri":"executor://NUnit3TestExecutor","Source":"C:\\Users\\weron\\source\\repos\\Accounting_file_archiving_system\\Accounting_file_achiving_system_tests\\bin\\Debug\\net8.0\\fine-code-coverage\\build-output\\Accounting_file_achiving_system_tests.dll","CodeFilePath":null,"LineNumber":0,"Properties":[{"Key":{"Id":"NUnit.Seed","Label":"Seed","Category":"","Description":"","Attributes":0,"ValueType":"System.String"},"Value":"1643893761"}]},"Attachments":[],"Outcome":1,"ErrorMessage":null,"ErrorStackTrace":null,"DisplayName":"Reject_Invoic","Messages":[{"Category":"StdOutMsgs","Text":"Invoice with ID 1 added successfully with 'New' status.\r\nInvoice with ID 1 rejected successfully.\r\n"}],"ComputerName":"DESKTOP-0RFC93L","Duration":"00:00:00.0004350","StartTime":"2024-01-07T19:17:03.3136526+00:00","EndTime":"2024-01-07T19:17:03.3140877+00:00","Properties":[{"Key":{"Id":"NUnit.Seed","Label":"Seed","Category":"","Description":"","Attributes":0,"ValueType":"System.String"},"Value":"1643893761"}]},{"TestCase":{"Id":"952193c4-3be3-28e9-d653-64f3a5b572a7","FullyQualifiedName":"Accounting_file_achiving_system_tests.RejectInvoic.Reject_Invoice_wrang_role","DisplayName":"Reject_Invoice_wrang_role","ExecutorUri":"executor://NUnit3TestExecutor","Source":"C:\\Users\\weron\\source\\repos\\Accounting_file_archiving_system\\Accounting_file_achiving_system_tests\\bin\\Debug\\net8.0\\fine-code-coverage\\build-output\\Accounting_file_achiving_system_tests.dll","CodeFilePath":null,"LineNumber":0,"Properties":[{"Key":{"Id":"NUnit.Seed","Label":"Seed","Category":"","Description":"","Attributes":0,"ValueType":"System.String"},"Value":"900921912"}]},"Attachments":[],"Outcome":1,"ErrorMessage":null,"ErrorStackTrace":null,"DisplayName":"Reject_Invoice_wrang_role","Messages":[{"Category":"StdOutMsgs","Text":"Invoice with ID 1 added successfully with 'New' status.\r\nError: User with ID 1 not found or does not have permission to reject.\r\n"}],"ComputerName":"DESKTOP-0RFC93L","Duration":"00:00:00.0004660","StartTime":"2024-01-07T19:17:03.3140964+00:00","EndTime":"2024-01-07T19:17:03.3145621+00:00","Properties":[{"Key":{"Id":"NUnit.Seed","Label":"Seed","Category":"","Description":"","Attributes":0,"ValueType":"System.String"},"Value":"900921912"}]},{"TestCase":{"Id":"a6764c2d-ad2c-711a-af5c-1fc49fde6721","FullyQualifiedName":"Accounting_file_achiving_system_tests.ReviewInvoice.Review_Invoice","DisplayName":"Review_Invoice","ExecutorUri":"executor://NUnit3TestExecutor","Source":"C:\\Users\\weron\\source\\repos\\Accounting_file_archiving_system\\Accounting_file_achiving_system_tests\\bin\\Debug\\net8.0\\fine-code-coverage\\build-output\\Accounting_file_achiving_system_tests.dll","CodeFilePath":null,"LineNumber":0,"Properties":[{"Key":{"Id":"NUnit.Seed","Label":"Seed","Category":"","Description":"","Attributes":0,"ValueType":"System.String"},"Value":"1152822319"}]},"Attachments":[],"Outcome":1,"ErrorMessage":null,"ErrorStackTrace":null,"DisplayName":"Review_Invoice","Messages":[{"Category":"StdOutMsgs","Text":"Invoice with ID 1 added successfully with 'New' status.\r\nInvoice with ID 1 reviewed successfully.\r\n"}],"ComputerName":"DESKTOP-0RFC93L","Duration":"00:00:00.0003490","StartTime":"2024-01-07T19:17:03.3146359+00:00","EndTime":"2024-01-07T19:17:03.3149848+00:00","Properties":[{"Key":{"Id":"NUnit.Seed","Label":"Seed","Category":"","Description":"","Attributes":0,"ValueType":"System.String"},"Value":"1152822319"}]},{"TestCase":{"Id":"fbd7ee65-86c0-a2fe-3312-4e45787ba715","FullyQualifiedName":"Accounting_file_achiving_system_tests.ReviewInvoice.Review_Invoice_wrang_role","DisplayName":"Review_Invoice_wrang_role","ExecutorUri":"executor://NUnit3TestExecutor","Source":"C:\\Users\\weron\\source\\repos\\Accounting_file_archiving_system\\Accounting_file_achiving_system_tests\\bin\\Debug\\net8.0\\fine-code-coverage\\build-output\\Accounting_file_achiving_system_tests.dll","CodeFilePath":null,"LineNumber":0,"Properties":[{"Key":{"Id":"NUnit.Seed","Label":"Seed","Category":"","Description":"","Attributes":0,"ValueType":"System.String"},"Value":"1644087080"}]},"Attachments":[],"Outcome":1,"ErrorMessage":null,"ErrorStackTrace":null,"DisplayName":"Review_Invoice_wrang_role","Messages":[{"Category":"StdOutMsgs","Text":"Invoice with ID 1 added successfully with 'New' status.\r\nError: User with ID 1 not found or does not have permission to review.\r\n"}],"ComputerName":"DESKTOP-0RFC93L","Duration":"00:00:00.0003360","StartTime":"2024-01-07T19:17:03.3149933+00:00","EndTime":"2024-01-07T19:17:03.3153294+00:00","Properties":[{"Key":{"Id":"NUnit.Seed","Label":"Seed","Category":"","Description":"","Attributes":0,"ValueType":"System.String"},"Value":"1644087080"}]}],"TestRunStatistics":{"ExecutedTests":25,"Stats":{"Passed":25}},"ActiveTests":[]},"RunAttachments":[],"ExecutorUris":["executor://nunit3testexecutor/"]}}
TpTrace Verbose: 0 : 25088, 14, 2024/01/07, 20:17:03.411, 11419859523914, vstest.console.dll, TestRequestSender.EndSession: Sending end session.
TpTrace Verbose: 0 : 25088, 14, 2024/01/07, 20:17:03.411, 11419859525164, vstest.console.dll, ProxyOperationManager.Close: waiting for test host to exit for 100 ms
TpTrace Verbose: 0 : 25088, 12, 2024/01/07, 20:17:03.427, 11419859683975, vstest.console.dll, TestHostManagerCallbacks.ctor: Experimental forwarding output is disabled.
TpTrace Warning: 0 : 25088, 12, 2024/01/07, 20:17:03.427, 11419859685110, vstest.console.dll, TestHostManagerCallbacks.ErrorReceivedCallback Test host standard error line: 
TpTrace Verbose: 0 : 25088, 12, 2024/01/07, 20:17:03.434, 11419859754403, vstest.console.dll, TestHostProvider.ExitCallBack: Host exited starting callback.
TpTrace Information: 0 : 25088, 12, 2024/01/07, 20:17:03.434, 11419859755585, vstest.console.dll, TestHostManagerCallbacks.ExitCallBack: Testhost processId: 16180 exited with exitcode: 0 error: ''
TpTrace Verbose: 0 : 25088, 12, 2024/01/07, 20:17:03.434, 11419859755929, vstest.console.dll, DotnetTestHostManager.OnHostExited: invoking OnHostExited callback
TpTrace Verbose: 0 : 25088, 12, 2024/01/07, 20:17:03.434, 11419859756341, vstest.console.dll, CrossPlatEngine.TestHostManagerHostExited: calling on client process exit callback.
TpTrace Information: 0 : 25088, 12, 2024/01/07, 20:17:03.434, 11419859756700, vstest.console.dll, TestRequestSender.OnClientProcessExit: Test host process exited. Standard error: 
TpTrace Information: 0 : 25088, 12, 2024/01/07, 20:17:03.434, 11419859756955, vstest.console.dll, SocketServer.Stop: Stop server endPoint: 127.0.0.1:55747
TpTrace Information: 0 : 25088, 14, 2024/01/07, 20:17:03.434, 11419859757034, vstest.console.dll, SocketServer.Stop: Stop server endPoint: 127.0.0.1:55747
TpTrace Information: 0 : 25088, 12, 2024/01/07, 20:17:03.434, 11419859757114, vstest.console.dll, SocketServer.Stop: Cancellation requested. Stopping message loop.
TpTrace Information: 0 : 25088, 14, 2024/01/07, 20:17:03.435, 11419859757589, vstest.console.dll, SocketServer.Stop: Cancellation requested. Stopping message loop.
TpTrace Information: 0 : 25088, 14, 2024/01/07, 20:17:03.435, 11419859758501, vstest.console.dll, Closing the connection
TpTrace Verbose: 0 : 25088, 12, 2024/01/07, 20:17:03.435, 11419859758764, vstest.console.dll, MulticastDelegateUtilities.SafeInvoke: HostProviderEvents.OnHostExited: Invoking callback 1/1 for Microsoft.VisualStudio.TestPlatform.CrossPlatEngine.Client.ProxyOperationManager., took 0 ms.
TpTrace Verbose: 0 : 25088, 14, 2024/01/07, 20:17:03.435, 11419859760224, vstest.console.dll, ProxyDataCollectionManager.InvokeDataCollectionServiceAction: Starting.
TpTrace Information: 0 : 25088, 14, 2024/01/07, 20:17:03.435, 11419859760625, vstest.console.dll, ProxyDataCollectionManager.AfterTestRunEnd: Get attachment set and invoked data collectors processId: 24064 port: 55744
TpTrace Verbose: 0 : 25088, 14, 2024/01/07, 20:17:03.435, 11419859761002, vstest.console.dll, DataCollectionRequestSender.SendAfterTestRunStartAndGetResult: Send AfterTestRunEnd message with isCancelled: False
TpTrace Verbose: 0 : 25088, 14, 2024/01/07, 20:17:03.439, 11419859803806, vstest.console.dll, DataCollectionRequestSender.SendAfterTestRunStartAndGetResult: Received message: (DataCollection.AfterTestRunEndResult) -> {"MessageType":"DataCollection.AfterTestRunEndResult","Payload":{"AttachmentSets":[],"InvokedDataCollectors":[{"Uri":"datacollector://Microsoft/TestPlatform/Extensions/Blame/v1","FriendlyName":"Blame","AssemblyQualifiedName":"Microsoft.TestPlatform.Extensions.BlameDataCollector.BlameCollector, Microsoft.TestPlatform.Extensions.BlameDataCollector, Version=15.0.0.0, Culture=neutral, PublicKeyToken=b03f5f7f11d50a3a","FilePath":"C:\\Program Files\\dotnet\\sdk\\8.0.100\\Extensions\\Microsoft.TestPlatform.Extensions.BlameDataCollector.dll","HasAttachmentProcessor":false}],"Metrics":{}}}
TpTrace Information: 0 : 25088, 14, 2024/01/07, 20:17:03.442, 11419859835168, vstest.console.dll, ProxyDataCollectionManager.InvokeDataCollectionServiceAction: Completed.
TpTrace Warning: 0 : 25088, 11, 2024/01/07, 20:17:03.443, 11419859838422, vstest.console.dll, DataCollectionLauncher.ErrorReceivedCallback datacollector standard error line: 
TpTrace Information: 0 : 25088, 11, 2024/01/07, 20:17:03.448, 11419859891640, vstest.console.dll, DataCollectionLauncher.ExitCallBack: Data collector exited with exitcode: 0 error: ''
TpTrace Verbose: 0 : 25088, 14, 2024/01/07, 20:17:03.472, 11419860133537, vstest.console.dll, TestRunRequest:SendTestRunStatsChange: Starting.
TpTrace Verbose: 0 : 25088, 14, 2024/01/07, 20:17:03.472, 11419860134684, vstest.console.dll, MulticastDelegateUtilities.SafeInvoke: TestRun.RunStatsChanged: Invoking callbacks was skipped because there are no subscribers.
TpTrace Information: 0 : 25088, 14, 2024/01/07, 20:17:03.472, 11419860134908, vstest.console.dll, TestRunRequest:SendTestRunStatsChange: Completed.
TpTrace Verbose: 0 : 25088, 4, 2024/01/07, 20:17:03.472, 11419860135245, vstest.console.dll, MulticastDelegateUtilities.SafeInvoke: InternalTestLoggerEvents.SendTestResult: Invoking callback 1/1 for Microsoft.VisualStudio.TestPlatform.CommandLine.Internal.ConsoleLogger., took 0 ms.
TpTrace Verbose: 0 : 25088, 4, 2024/01/07, 20:17:03.472, 11419860135805, vstest.console.dll, MulticastDelegateUtilities.SafeInvoke: InternalTestLoggerEvents.SendTestResult: Invoking callback 1/1 for Microsoft.VisualStudio.TestPlatform.CommandLine.Internal.ConsoleLogger., took 0 ms.
TpTrace Verbose: 0 : 25088, 4, 2024/01/07, 20:17:03.472, 11419860136098, vstest.console.dll, MulticastDelegateUtilities.SafeInvoke: InternalTestLoggerEvents.SendTestResult: Invoking callback 1/1 for Microsoft.VisualStudio.TestPlatform.CommandLine.Internal.ConsoleLogger., took 0 ms.
TpTrace Verbose: 0 : 25088, 4, 2024/01/07, 20:17:03.472, 11419860136377, vstest.console.dll, MulticastDelegateUtilities.SafeInvoke: InternalTestLoggerEvents.SendTestResult: Invoking callback 1/1 for Microsoft.VisualStudio.TestPlatform.CommandLine.Internal.ConsoleLogger., took 0 ms.
TpTrace Verbose: 0 : 25088, 4, 2024/01/07, 20:17:03.472, 11419860136628, vstest.console.dll, MulticastDelegateUtilities.SafeInvoke: InternalTestLoggerEvents.SendTestResult: Invoking callback 1/1 for Microsoft.VisualStudio.TestPlatform.CommandLine.Internal.ConsoleLogger., took 0 ms.
TpTrace Verbose: 0 : 25088, 4, 2024/01/07, 20:17:03.472, 11419860136875, vstest.console.dll, MulticastDelegateUtilities.SafeInvoke: InternalTestLoggerEvents.SendTestResult: Invoking callback 1/1 for Microsoft.VisualStudio.TestPlatform.CommandLine.Internal.ConsoleLogger., took 0 ms.
TpTrace Verbose: 0 : 25088, 14, 2024/01/07, 20:17:03.472, 11419860137047, vstest.console.dll, ParallelProxyExecutionManager: HandlePartialRunComplete: Total workloads = 1, Total started clients = 1 Total completed clients = 1, Run complete = True, Run canceled: False.
TpTrace Verbose: 0 : 25088, 4, 2024/01/07, 20:17:03.472, 11419860137156, vstest.console.dll, MulticastDelegateUtilities.SafeInvoke: InternalTestLoggerEvents.SendTestResult: Invoking callback 1/1 for Microsoft.VisualStudio.TestPlatform.CommandLine.Internal.ConsoleLogger., took 0 ms.
TpTrace Verbose: 0 : 25088, 14, 2024/01/07, 20:17:03.473, 11419860137380, vstest.console.dll, ParallelProxyExecutionManager: HandlePartialRunComplete: All runs completed stopping all managers.
TpTrace Verbose: 0 : 25088, 14, 2024/01/07, 20:17:03.473, 11419860138186, vstest.console.dll, ParallelOperationManager.StopAllManagers: Stopping all managers.
TpTrace Verbose: 0 : 25088, 14, 2024/01/07, 20:17:03.473, 11419860138433, vstest.console.dll, ParallelOperationManager.ClearSlots: Clearing all slots. Slots should accept more work: False
TpTrace Verbose: 0 : 25088, 14, 2024/01/07, 20:17:03.473, 11419860138683, vstest.console.dll, ParallelOperationManager.SetOccupiedSlotCount: Setting slot counts AvailableSlotCount = 1, OccupiedSlotCount = 0.
TpTrace Verbose: 0 : 25088, 14, 2024/01/07, 20:17:03.473, 11419860138899, vstest.console.dll, Occupied slots:

TpTrace Verbose: 0 : 25088, 4, 2024/01/07, 20:17:03.478, 11419860190667, vstest.console.dll, MulticastDelegateUtilities.SafeInvoke: InternalTestLoggerEvents.SendTestRunComplete: Invoking callback 1/2 for Microsoft.TestPlatform.Extensions.BlameDataCollector.BlameLogger., took 0 ms.
TpTrace Verbose: 0 : 25088, 4, 2024/01/07, 20:17:03.481, 11419860226973, vstest.console.dll, MulticastDelegateUtilities.SafeInvoke: InternalTestLoggerEvents.SendTestRunComplete: Invoking callback 2/2 for Microsoft.VisualStudio.TestPlatform.CommandLine.Internal.ConsoleLogger., took 3 ms.
TpTrace Verbose: 0 : 25088, 14, 2024/01/07, 20:17:03.482, 11419860229505, vstest.console.dll, TestRunRequest:TestRunComplete: Starting. IsAborted:False IsCanceled:False.
TpTrace Verbose: 0 : 25088, 14, 2024/01/07, 20:17:03.482, 11419860230606, vstest.console.dll, ParallelOperationManager.DoActionOnAllManagers: Calling an action on all managers.
TpTrace Verbose: 0 : 25088, 14, 2024/01/07, 20:17:03.482, 11419860236636, vstest.console.dll, TestLoggerManager.HandleTestRunComplete: Ignoring as the object is disposed.
TpTrace Verbose: 0 : 25088, 14, 2024/01/07, 20:17:03.483, 11419860238147, vstest.console.dll, MulticastDelegateUtilities.SafeInvoke: TestRun.TestRunComplete: Invoking callback 1/2 for Microsoft.VisualStudio.TestPlatform.CommandLine.TestRunResultAggregator., took 0 ms.
TpTrace Verbose: 0 : 25088, 14, 2024/01/07, 20:17:03.483, 11419860238999, vstest.console.dll, MulticastDelegateUtilities.SafeInvoke: TestRun.TestRunComplete: Invoking callback 2/2 for Microsoft.VisualStudio.TestPlatform.CommandLine.Processors.RunTestsArgumentExecutor+TestRunRequestEventsRegistrar., took 0 ms.
TpTrace Information: 0 : 25088, 14, 2024/01/07, 20:17:03.483, 11419860239670, vstest.console.dll, TestRunRequest:TestRunComplete: Completed.
TpTrace Verbose: 0 : 25088, 1, 2024/01/07, 20:17:03.483, 11419860239763, vstest.console.dll, TestRunRequest.Dispose: Starting.
TpTrace Verbose: 0 : 25088, 14, 2024/01/07, 20:17:03.483, 11419860239938, vstest.console.dll, TestRequestSender.SetOperationComplete: Setting operation complete.
TpTrace Information: 0 : 25088, 1, 2024/01/07, 20:17:03.483, 11419860240312, vstest.console.dll, TestRunRequest.Dispose: Completed.
TpTrace Information: 0 : 25088, 14, 2024/01/07, 20:17:03.483, 11419860240844, vstest.console.dll, SocketServer.Stop: Stop server endPoint: 127.0.0.1:55747
TpTrace Information: 0 : 25088, 1, 2024/01/07, 20:17:03.483, 11419860241098, vstest.console.dll, TestRequestManager.RunTests: run tests completed.
TpTrace Information: 0 : 25088, 14, 2024/01/07, 20:17:03.483, 11419860241181, vstest.console.dll, SocketServer.Stop: Cancellation requested. Stopping message loop.
TpTrace Verbose: 0 : 25088, 14, 2024/01/07, 20:17:03.483, 11419860241603, vstest.console.dll, MulticastDelegateUtilities.SafeInvoke: LengthPrefixCommunicationChannel: MessageReceived: Invoking callback 1/1 for Microsoft.VisualStudio.TestPlatform.CommunicationUtilities.TestRequestSender+<>c__DisplayClass34_0., took 71 ms.
TpTrace Information: 0 : 25088, 14, 2024/01/07, 20:17:03.483, 11419860241966, vstest.console.dll, SocketServer.PrivateStop: Stopping server endPoint: 127.0.0.1:55747 error: 
TpTrace Information: 0 : 25088, 1, 2024/01/07, 20:17:03.483, 11419860241962, vstest.console.dll, RunTestsArgumentProcessor:Execute: Test run is completed.
TpTrace Verbose: 0 : 25088, 1, 2024/01/07, 20:17:03.483, 11419860243733, vstest.console.dll, Executor.Execute: Exiting with exit code of 0
TpTrace Verbose: 0 : 25088, 14, 2024/01/07, 20:17:03.483, 11419860245149, vstest.console.dll, LengthPrefixCommunicationChannel.Dispose: Dispose reader and writer.
TpTrace Information: 0 : 25088, 14, 2024/01/07, 20:17:03.483, 11419860245795, vstest.console.dll, SocketServer.Stop: Raise disconnected event endPoint: 127.0.0.1:55747 error: 
TpTrace Verbose: 0 : 25088, 14, 2024/01/07, 20:17:03.483, 11419860246400, vstest.console.dll, TestRequestSender: OnTestRunAbort: Operation is already complete. Skip error message.
